comments_get.py:94: Warning: (1265L, u"Data truncated for column 'created_at' at row 1")
  cur.execute(insert_sql % (repo_id, number, comment_id,body, created_at, login,author_association,is_pr))
comments_get.py:94: Warning: (1366L, u"Incorrect string value: '\\xE2\\x8F\\x8E\\x0ADe...' for column 'body' at row 1")
  cur.execute(insert_sql % (repo_id, number, comment_id,body, created_at, login,author_association,is_pr))
comments_get.py:94: Warning: (1366L, u"Incorrect string value: '\\xE2\\x80\\x82[<i...' for column 'body' at row 1")
  cur.execute(insert_sql % (repo_id, number, comment_id,body, created_at, login,author_association,is_pr))
comments_get.py:94: Warning: (1366L, u"Incorrect string value: '\\xE2\\x86\\x92 <<...' for column 'body' at row 1")
  cur.execute(insert_sql % (repo_id, number, comment_id,body, created_at, login,author_association,is_pr))
comments_get.py:94: Warning: (1366L, u"Incorrect string value: '\\xF0\\x9F\\x91\\x8D\\x0A' for column 'body' at row 1")
  cur.execute(insert_sql % (repo_id, number, comment_id,body, created_at, login,author_association,is_pr))
comments_get.py:94: Warning: (1366L, u"Incorrect string value: '\\xD0\\xBE\\xD0\\xBA\\x0A' for column 'body' at row 1")
  cur.execute(insert_sql % (repo_id, number, comment_id,body, created_at, login,author_association,is_pr))
comments_get.py:94: Warning: (1366L, u"Incorrect string value: '\\xE2\\x9C\\x93&q=...' for column 'body' at row 1")
  cur.execute(insert_sql % (repo_id, number, comment_id,body, created_at, login,author_association,is_pr))
comments_get.py:94: Warning: (1366L, u"Incorrect string value: '\\xF0\\x9F\\x98\\x84 ' for column 'body' at row 1")
  cur.execute(insert_sql % (repo_id, number, comment_id,body, created_at, login,author_association,is_pr))
comments_get.py:94: Warning: (1366L, u"Incorrect string value: '\\xE9\\x9C\\x80\\xE8\\xA6\\x81...' for column 'body' at row 1")
  cur.execute(insert_sql % (repo_id, number, comment_id,body, created_at, login,author_association,is_pr))
comments_get.py:94: Warning: (1366L, u"Incorrect string value: '\\xE6\\x88\\x91\\xE4\\xB9\\x9F...' for column 'body' at row 1")
  cur.execute(insert_sql % (repo_id, number, comment_id,body, created_at, login,author_association,is_pr))
comments_get.py:94: Warning: (1366L, u"Incorrect string value: '\\xE8\\x83\\xBD\\xE6\\x8F\\x90...' for column 'body' at row 1")
  cur.execute(insert_sql % (repo_id, number, comment_id,body, created_at, login,author_association,is_pr))
comments_get.py:94: Warning: (1366L, u"Incorrect string value: '\\xE5\\xBA\\x8F\\xE5\\x8F\\xB7...' for column 'body' at row 1")
  cur.execute(insert_sql % (repo_id, number, comment_id,body, created_at, login,author_association,is_pr))
comments_get.py:94: Warning: (1366L, u"Incorrect string value: '\\xE7\\x82\\xB9\\xE5\\x87\\xBB...' for column 'body' at row 1")
  cur.execute(insert_sql % (repo_id, number, comment_id,body, created_at, login,author_association,is_pr))
comments_get.py:94: Warning: (1366L, u"Incorrect string value: '\\xE9\\xA6\\x96\\xE9\\xA1\\xB5...' for column 'body' at row 1")
  cur.execute(insert_sql % (repo_id, number, comment_id,body, created_at, login,author_association,is_pr))
comments_get.py:94: Warning: (1366L, u"Incorrect string value: '\\xE8\\x83\\xBD\\xE5\\x90\\xA6...' for column 'body' at row 1")
  cur.execute(insert_sql % (repo_id, number, comment_id,body, created_at, login,author_association,is_pr))
comments_get.py:94: Warning: (1366L, u"Incorrect string value: '\\xE6\\x9B\\xB4\\xE6\\x96\\xB0...' for column 'body' at row 1")
  cur.execute(insert_sql % (repo_id, number, comment_id,body, created_at, login,author_association,is_pr))
comments_get.py:94: Warning: (1366L, u"Incorrect string value: '\\xE4\\xBD\\x86\\xE5\\x9C\\xA8...' for column 'body' at row 1")
  cur.execute(insert_sql % (repo_id, number, comment_id,body, created_at, login,author_association,is_pr))
comments_get.py:94: Warning: (1366L, u"Incorrect string value: '\\xE7\\xAC\\xAC\\xE4\\xBA\\x8C...' for column 'body' at row 1")
  cur.execute(insert_sql % (repo_id, number, comment_id,body, created_at, login,author_association,is_pr))
comments_get.py:94: Warning: (1366L, u"Incorrect string value: '\\xEF\\xBC\\x8C\\xE6\\xAF\\x8F...' for column 'body' at row 1")
  cur.execute(insert_sql % (repo_id, number, comment_id,body, created_at, login,author_association,is_pr))
comments_get.py:94: Warning: (1366L, u"Incorrect string value: '\\xE6\\x88\\x91\\xE6\\x83\\xB3...' for column 'body' at row 1")
  cur.execute(insert_sql % (repo_id, number, comment_id,body, created_at, login,author_association,is_pr))
comments_get.py:94: Warning: (1366L, u"Incorrect string value: '\\xE5\\xA6\\x82\\xE6\\x9E\\x9C...' for column 'body' at row 1")
  cur.execute(insert_sql % (repo_id, number, comment_id,body, created_at, login,author_association,is_pr))
comments_get.py:94: Warning: (1366L, u"Incorrect string value: '\\xE6\\x98\\xAF\\xE7\\x9A\\x84...' for column 'body' at row 1")
  cur.execute(insert_sql % (repo_id, number, comment_id,body, created_at, login,author_association,is_pr))
comments_get.py:94: Warning: (1366L, u"Incorrect string value: '\\xE5\\x8F\\xAF\\xE4\\xBB\\xA5...' for column 'body' at row 1")
  cur.execute(insert_sql % (repo_id, number, comment_id,body, created_at, login,author_association,is_pr))
comments_get.py:94: Warning: (1366L, u"Incorrect string value: '\\xE9\\x97\\xAE\\xE9\\xA2\\x98...' for column 'body' at row 1")
  cur.execute(insert_sql % (repo_id, number, comment_id,body, created_at, login,author_association,is_pr))
comments_get.py:94: Warning: (1366L, u"Incorrect string value: '\\xF0\\x9F\\x99\\x88 T...' for column 'body' at row 1")
  cur.execute(insert_sql % (repo_id, number, comment_id,body, created_at, login,author_association,is_pr))
comments_get.py:94: Warning: (1366L, u"Incorrect string value: '\\xF0\\x9F\\x91\\x8D' for column 'body' at row 1")
  cur.execute(insert_sql % (repo_id, number, comment_id,body, created_at, login,author_association,is_pr))
comments_get.py:94: Warning: (1366L, u"Incorrect string value: '\\xF0\\x9F\\x91\\x8D B...' for column 'body' at row 1")
  cur.execute(insert_sql % (repo_id, number, comment_id,body, created_at, login,author_association,is_pr))
comments_get.py:94: Warning: (1366L, u"Incorrect string value: '\\xE2\\x80\\x8B\\x0D\\x0A\\xE2...' for column 'body' at row 1")
  cur.execute(insert_sql % (repo_id, number, comment_id,body, created_at, login,author_association,is_pr))
comments_get.py:94: Warning: (1366L, u"Incorrect string value: '\\xF0\\x9F\\x98\\x9E ....' for column 'body' at row 1")
  cur.execute(insert_sql % (repo_id, number, comment_id,body, created_at, login,author_association,is_pr))
comments_get.py:94: Warning: (1366L, u"Incorrect string value: '\\xE2\\x80\\x8B\\x0A\\x0A ...' for column 'body' at row 1")
  cur.execute(insert_sql % (repo_id, number, comment_id,body, created_at, login,author_association,is_pr))
comments_get.py:94: Warning: (1366L, u"Incorrect string value: '\\xE8\\xBF\\x91\\xE6\\x9C\\x9F...' for column 'body' at row 1")
  cur.execute(insert_sql % (repo_id, number, comment_id,body, created_at, login,author_association,is_pr))
comments_get.py:94: Warning: (1366L, u"Incorrect string value: '\\xF0\\x9F\\x98\\x84' for column 'body' at row 1")
  cur.execute(insert_sql % (repo_id, number, comment_id,body, created_at, login,author_association,is_pr))
comments_get.py:94: Warning: (1366L, u"Incorrect string value: '\\xE6\\x8F\\x90\\xE9\\x97\\xAE...' for column 'body' at row 1")
  cur.execute(insert_sql % (repo_id, number, comment_id,body, created_at, login,author_association,is_pr))
comments_get.py:94: Warning: (1366L, u"Incorrect string value: '\\xE6\\xB6\\x88\\xE9\\x99\\xA4...' for column 'body' at row 1")
  cur.execute(insert_sql % (repo_id, number, comment_id,body, created_at, login,author_association,is_pr))
comments_get.py:94: Warning: (1366L, u"Incorrect string value: '\\xF0\\x9F\\x98\\x84\\x0A>...' for column 'body' at row 1")
  cur.execute(insert_sql % (repo_id, number, comment_id,body, created_at, login,author_association,is_pr))
comments_get.py:94: Warning: (1366L, u"Incorrect string value: '\\xCE\\xBB=5 i...' for column 'body' at row 1")
  cur.execute(insert_sql % (repo_id, number, comment_id,body, created_at, login,author_association,is_pr))
comments_get.py:94: Warning: (1366L, u"Incorrect string value: '\\xF0\\x9F\\x98\\x89  ...' for column 'body' at row 1")
  cur.execute(insert_sql % (repo_id, number, comment_id,body, created_at, login,author_association,is_pr))
comments_get.py:94: Warning: (1366L, u"Incorrect string value: '\\xF0\\x9F\\x91\\x8D \\x0A' for column 'body' at row 1")
  cur.execute(insert_sql % (repo_id, number, comment_id,body, created_at, login,author_association,is_pr))
comments_get.py:94: Warning: (1366L, u"Incorrect string value: '\\xEF\\xBF\\xBC](h...' for column 'body' at row 1")
  cur.execute(insert_sql % (repo_id, number, comment_id,body, created_at, login,author_association,is_pr))
comments_get.py:94: Warning: (1366L, u"Incorrect string value: '\\xF0\\x9F\\x90\\xB9\\x0A' for column 'body' at row 1")
  cur.execute(insert_sql % (repo_id, number, comment_id,body, created_at, login,author_association,is_pr))
comments_get.py:94: Warning: (1366L, u"Incorrect string value: '\\xE2\\x98\\xB9\\xEF\\xB8\\x8F...' for column 'body' at row 1")
  cur.execute(insert_sql % (repo_id, number, comment_id,body, created_at, login,author_association,is_pr))
comments_get.py:94: Warning: (1366L, u"Incorrect string value: '\\xF0\\x9F\\x98\\xBA \\x0A...' for column 'body' at row 1")
  cur.execute(insert_sql % (repo_id, number, comment_id,body, created_at, login,author_association,is_pr))
comments_get.py:94: Warning: (1366L, u"Incorrect string value: '\\xCE\\x94 | C...' for column 'body' at row 1")
  cur.execute(insert_sql % (repo_id, number, comment_id,body, created_at, login,author_association,is_pr))
comments_get.py:94: Warning: (1366L, u"Incorrect string value: '\\xF0\\x9F\\x99\\x88 ' for column 'body' at row 1")
  cur.execute(insert_sql % (repo_id, number, comment_id,body, created_at, login,author_association,is_pr))
comments_get.py:94: Warning: (1366L, u"Incorrect string value: '\\xF0\\x9F\\x99\\x88 \\x0D...' for column 'body' at row 1")
  cur.execute(insert_sql % (repo_id, number, comment_id,body, created_at, login,author_association,is_pr))
comments_get.py:94: Warning: (1366L, u"Incorrect string value: '\\xF0\\x9F\\x91\\x8D ' for column 'body' at row 1")
  cur.execute(insert_sql % (repo_id, number, comment_id,body, created_at, login,author_association,is_pr))
comments_get.py:94: Warning: (1366L, u"Incorrect string value: '\\xE8\\xBF\\x99\\xE4\\xB8\\xAA...' for column 'body' at row 1")
  cur.execute(insert_sql % (repo_id, number, comment_id,body, created_at, login,author_association,is_pr))
comments_get.py:94: Warning: (1366L, u"Incorrect string value: '\\xE5\\xA6\\x82\\xE4\\xB8\\x8A...' for column 'body' at row 1")
  cur.execute(insert_sql % (repo_id, number, comment_id,body, created_at, login,author_association,is_pr))
comments_get.py:94: Warning: (1366L, u"Incorrect string value: '\\xE8\\xB7\\xAA\\xE4\\xBA\\x86' for column 'body' at row 1")
  cur.execute(insert_sql % (repo_id, number, comment_id,body, created_at, login,author_association,is_pr))
comments_get.py:94: Warning: (1366L, u"Incorrect string value: '\\xF0\\x9F\\x8D\\x83  ...' for column 'body' at row 1")
  cur.execute(insert_sql % (repo_id, number, comment_id,body, created_at, login,author_association,is_pr))
comments_get.py:94: Warning: (1366L, u"Incorrect string value: '\\xE2\\x96\\x88\\xE2\\x96\\x88...' for column 'body' at row 1")
  cur.execute(insert_sql % (repo_id, number, comment_id,body, created_at, login,author_association,is_pr))
comments_get.py:94: Warning: (1366L, u"Incorrect string value: '\\xF0\\x9F\\x98\\x9C ' for column 'body' at row 1")
  cur.execute(insert_sql % (repo_id, number, comment_id,body, created_at, login,author_association,is_pr))
comments_get.py:94: Warning: (1366L, u"Incorrect string value: '\\xF0\\x9F\\x98\\x9C\\x0D\\x0A...' for column 'body' at row 1")
  cur.execute(insert_sql % (repo_id, number, comment_id,body, created_at, login,author_association,is_pr))
comments_get.py:94: Warning: (1366L, u"Incorrect string value: '\\xF0\\x9F\\x98\\x86  ...' for column 'body' at row 1")
  cur.execute(insert_sql % (repo_id, number, comment_id,body, created_at, login,author_association,is_pr))
comments_get.py:94: Warning: (1366L, u"Incorrect string value: '\\xF0\\x9F\\x90\\xAE\\x0A' for column 'body' at row 1")
  cur.execute(insert_sql % (repo_id, number, comment_id,body, created_at, login,author_association,is_pr))
comments_get.py:94: Warning: (1366L, u"Incorrect string value: '\\xE2\\x80\\x95\\x0A> ...' for column 'body' at row 1")
  cur.execute(insert_sql % (repo_id, number, comment_id,body, created_at, login,author_association,is_pr))
comments_get.py:94: Warning: (1366L, u"Incorrect string value: '\\xCF\\x80/2. ...' for column 'body' at row 1")
  cur.execute(insert_sql % (repo_id, number, comment_id,body, created_at, login,author_association,is_pr))
comments_get.py:94: Warning: (1366L, u"Incorrect string value: '\\xE2\\x9D\\xAF gc...' for column 'body' at row 1")
  cur.execute(insert_sql % (repo_id, number, comment_id,body, created_at, login,author_association,is_pr))
comments_get.py:94: Warning: (1366L, u"Incorrect string value: '\\xE2\\x86\\x92dev...' for column 'body' at row 1")
  cur.execute(insert_sql % (repo_id, number, comment_id,body, created_at, login,author_association,is_pr))
comments_get.py:94: Warning: (1366L, u"Incorrect string value: '\\xE5\\x8D\\x8F\\xE8\\xAE\\xAE...' for column 'body' at row 1")
  cur.execute(insert_sql % (repo_id, number, comment_id,body, created_at, login,author_association,is_pr))
comments_get.py:94: Warning: (1366L, u"Incorrect string value: '\\xE2\\x94\\x9C\\xE2\\x94\\x80...' for column 'body' at row 1")
  cur.execute(insert_sql % (repo_id, number, comment_id,body, created_at, login,author_association,is_pr))
comments_get.py:94: Warning: (1366L, u"Incorrect string value: '\\xF0\\x9F\\x91\\x8F\\xF0\\x9F...' for column 'body' at row 1")
  cur.execute(insert_sql % (repo_id, number, comment_id,body, created_at, login,author_association,is_pr))
comments_get.py:94: Warning: (1366L, u"Incorrect string value: '\\xE5\\x88\\xA0\\xE9\\x99\\xA4...' for column 'body' at row 1")
  cur.execute(insert_sql % (repo_id, number, comment_id,body, created_at, login,author_association,is_pr))
comments_get.py:94: Warning: (1366L, u"Incorrect string value: '\\xE6\\x88\\x91\\xE5\\x88\\xA0...' for column 'body' at row 1")
  cur.execute(insert_sql % (repo_id, number, comment_id,body, created_at, login,author_association,is_pr))
comments_get.py:94: Warning: (1366L, u"Incorrect string value: '\\xE4\\xB8\\x8A\\xE4\\xBC\\xA0...' for column 'body' at row 1")
  cur.execute(insert_sql % (repo_id, number, comment_id,body, created_at, login,author_association,is_pr))
comments_get.py:94: Warning: (1366L, u"Incorrect string value: '\\xF0\\x9F\\x98\\x84  ...' for column 'body' at row 1")
  cur.execute(insert_sql % (repo_id, number, comment_id,body, created_at, login,author_association,is_pr))
comments_get.py:94: Warning: (1366L, u"Incorrect string value: '\\xF0\\x9F\\x98\\x84 \\x0A' for column 'body' at row 1")
  cur.execute(insert_sql % (repo_id, number, comment_id,body, created_at, login,author_association,is_pr))
comments_get.py:94: Warning: (1366L, u"Incorrect string value: '\\xF0\\x9F\\x98\\x86 \\x0A' for column 'body' at row 1")
  cur.execute(insert_sql % (repo_id, number, comment_id,body, created_at, login,author_association,is_pr))
comments_get.py:94: Warning: (1366L, u"Incorrect string value: '\\xD0\\x90 \\xD0\\xB5\\xD1...' for column 'body' at row 1")
  cur.execute(insert_sql % (repo_id, number, comment_id,body, created_at, login,author_association,is_pr))
comments_get.py:94: Warning: (1366L, u"Incorrect string value: '\\xD0\\x9C\\xD0\\xBE\\xD0\\xB6...' for column 'body' at row 1")
  cur.execute(insert_sql % (repo_id, number, comment_id,body, created_at, login,author_association,is_pr))
comments_get.py:94: Warning: (1366L, u"Incorrect string value: '\\xD0\\x9D\\xD1\\x83 \\xD0...' for column 'body' at row 1")
  cur.execute(insert_sql % (repo_id, number, comment_id,body, created_at, login,author_association,is_pr))
comments_get.py:94: Warning: (1366L, u"Incorrect string value: '\\xD0\\xAF \\xD0\\xBF\\xD1...' for column 'body' at row 1")
  cur.execute(insert_sql % (repo_id, number, comment_id,body, created_at, login,author_association,is_pr))
comments_get.py:94: Warning: (1366L, u"Incorrect string value: '\\xD0\\xBA\\xD1\\x83\\xD0\\xB4...' for column 'body' at row 1")
  cur.execute(insert_sql % (repo_id, number, comment_id,body, created_at, login,author_association,is_pr))
comments_get.py:94: Warning: (1366L, u"Incorrect string value: '\\xD0\\xA1\\xD0\\xBC\\xD1\\x8B...' for column 'body' at row 1")
  cur.execute(insert_sql % (repo_id, number, comment_id,body, created_at, login,author_association,is_pr))
comments_get.py:94: Warning: (1366L, u"Incorrect string value: '\\xD0\\x9F\\xD1\\x80\\xD0\\xB8...' for column 'body' at row 1")
  cur.execute(insert_sql % (repo_id, number, comment_id,body, created_at, login,author_association,is_pr))
comments_get.py:94: Warning: (1366L, u"Incorrect string value: '\\xD0\\xAF \\xD0\\xBD\\xD0...' for column 'body' at row 1")
  cur.execute(insert_sql % (repo_id, number, comment_id,body, created_at, login,author_association,is_pr))
comments_get.py:94: Warning: (1366L, u"Incorrect string value: '\\xF0\\x9F\\x91\\xBC\\x0A\\x0A...' for column 'body' at row 1")
  cur.execute(insert_sql % (repo_id, number, comment_id,body, created_at, login,author_association,is_pr))
comments_get.py:94: Warning: (1366L, u"Incorrect string value: '\\xF0\\x9F\\x91\\xBC\\x0A' for column 'body' at row 1")
  cur.execute(insert_sql % (repo_id, number, comment_id,body, created_at, login,author_association,is_pr))
comments_get.py:94: Warning: (1366L, u"Incorrect string value: '\\xF0\\x9F\\x91\\xBC.\\x0A' for column 'body' at row 1")
  cur.execute(insert_sql % (repo_id, number, comment_id,body, created_at, login,author_association,is_pr))
comments_get.py:94: Warning: (1366L, u"Incorrect string value: '\\xF0\\x9F\\x91\\xBC\\x0A>...' for column 'body' at row 1")
  cur.execute(insert_sql % (repo_id, number, comment_id,body, created_at, login,author_association,is_pr))
comments_get.py:94: Warning: (1366L, u"Incorrect string value: '\\xF0\\x9F\\x91\\x8D \\x0A...' for column 'body' at row 1")
  cur.execute(insert_sql % (repo_id, number, comment_id,body, created_at, login,author_association,is_pr))
comments_get.py:94: Warning: (1366L, u"Incorrect string value: '\\xF0\\x9F\\x9A\\x80 ' for column 'body' at row 1")
  cur.execute(insert_sql % (repo_id, number, comment_id,body, created_at, login,author_association,is_pr))
comments_get.py:94: Warning: (1366L, u"Incorrect string value: '\\xE5\\xB5\\x8C\\xE5\\xA5\\x97...' for column 'body' at row 1")
  cur.execute(insert_sql % (repo_id, number, comment_id,body, created_at, login,author_association,is_pr))
comments_get.py:94: Warning: (1366L, u"Incorrect string value: '\\xE5\\xAF\\xB9\\xE6\\xAF\\x94...' for column 'body' at row 1")
  cur.execute(insert_sql % (repo_id, number, comment_id,body, created_at, login,author_association,is_pr))
comments_get.py:94: Warning: (1366L, u"Incorrect string value: '\\xE7\\x9B\\xB4\\xE6\\x8E\\xA5...' for column 'body' at row 1")
  cur.execute(insert_sql % (repo_id, number, comment_id,body, created_at, login,author_association,is_pr))
comments_get.py:94: Warning: (1366L, u"Incorrect string value: '\\xF0\\x9F\\x98\\x87 ' for column 'body' at row 1")
  cur.execute(insert_sql % (repo_id, number, comment_id,body, created_at, login,author_association,is_pr))
comments_get.py:94: Warning: (1366L, u"Incorrect string value: '\\xCE\\x94 | |...' for column 'body' at row 1")
  cur.execute(insert_sql % (repo_id, number, comment_id,body, created_at, login,author_association,is_pr))
comments_get.py:94: Warning: (1366L, u"Incorrect string value: '\\xCE\\x94\\xCE\\xB5\\xCE\\xBA...' for column 'body' at row 1")
  cur.execute(insert_sql % (repo_id, number, comment_id,body, created_at, login,author_association,is_pr))
comments_get.py:94: Warning: (1366L, u"Incorrect string value: '\\xE2\\x80\\x8B\\x0A' for column 'body' at row 1")
  cur.execute(insert_sql % (repo_id, number, comment_id,body, created_at, login,author_association,is_pr))
comments_get.py:94: Warning: (1366L, u"Incorrect string value: '\\xF0\\x9F\\x99\\x82 ' for column 'body' at row 1")
  cur.execute(insert_sql % (repo_id, number, comment_id,body, created_at, login,author_association,is_pr))
comments_get.py:94: Warning: (1366L, u"Incorrect string value: '\\xF0\\x9F\\x99\\x81 ' for column 'body' at row 1")
  cur.execute(insert_sql % (repo_id, number, comment_id,body, created_at, login,author_association,is_pr))
comments_get.py:94: Warning: (1366L, u"Incorrect string value: '\\xE2\\x95\\xAF\\xC2\\xB0\\xE2...' for column 'body' at row 1")
  cur.execute(insert_sql % (repo_id, number, comment_id,body, created_at, login,author_association,is_pr))
comments_get.py:94: Warning: (1366L, u"Incorrect string value: '\\xD4\\x8F\\xD4\\xA0do...' for column 'body' at row 1")
  cur.execute(insert_sql % (repo_id, number, comment_id,body, created_at, login,author_association,is_pr))
comments_get.py:94: Warning: (1366L, u"Incorrect string value: '\\xE2\\x9E\\xA1\\xEF\\xB8\\x8F...' for column 'body' at row 1")
  cur.execute(insert_sql % (repo_id, number, comment_id,body, created_at, login,author_association,is_pr))
comments_get.py:94: Warning: (1366L, u"Incorrect string value: '\\xE6\\x98\\xAF\\xE5\\xAF\\xB9...' for column 'body' at row 1")
  cur.execute(insert_sql % (repo_id, number, comment_id,body, created_at, login,author_association,is_pr))
comments_get.py:94: Warning: (1366L, u"Incorrect string value: '\\xE5\\x85\\xB6\\xE5\\xAE\\x9E...' for column 'body' at row 1")
  cur.execute(insert_sql % (repo_id, number, comment_id,body, created_at, login,author_association,is_pr))
comments_get.py:94: Warning: (1366L, u"Incorrect string value: '\\xEF\\xBC\\x8C\\xE5\\xAF\\xB9...' for column 'body' at row 1")
  cur.execute(insert_sql % (repo_id, number, comment_id,body, created_at, login,author_association,is_pr))
comments_get.py:94: Warning: (1366L, u"Incorrect string value: '\\xE6\\x9A\\x82\\xE4\\xB8\\x8D...' for column 'body' at row 1")
  cur.execute(insert_sql % (repo_id, number, comment_id,body, created_at, login,author_association,is_pr))
comments_get.py:94: Warning: (1366L, u"Incorrect string value: '\\xE9\\x82\\xA3\\xE7\\x8E\\xB0...' for column 'body' at row 1")
  cur.execute(insert_sql % (repo_id, number, comment_id,body, created_at, login,author_association,is_pr))
comments_get.py:94: Warning: (1366L, u"Incorrect string value: '\\xE6\\xB2\\xA1\\xE6\\x9C\\x89...' for column 'body' at row 1")
  cur.execute(insert_sql % (repo_id, number, comment_id,body, created_at, login,author_association,is_pr))
comments_get.py:94: Warning: (1366L, u"Incorrect string value: '\\xF0\\x9F\\x91\\x8D  ...' for column 'body' at row 1")
  cur.execute(insert_sql % (repo_id, number, comment_id,body, created_at, login,author_association,is_pr))
comments_get.py:94: Warning: (1366L, u"Incorrect string value: '\\xF0\\x9F\\x98\\x84 \\x0D...' for column 'body' at row 1")
  cur.execute(insert_sql % (repo_id, number, comment_id,body, created_at, login,author_association,is_pr))
comments_get.py:94: Warning: (1366L, u"Incorrect string value: '\\xE9\\x87\\x8D\\xE5\\xA4\\x8D...' for column 'body' at row 1")
  cur.execute(insert_sql % (repo_id, number, comment_id,body, created_at, login,author_association,is_pr))
comments_get.py:94: Warning: (1366L, u"Incorrect string value: '\\xF0\\x9F\\x94\\x8D \\xF0...' for column 'body' at row 1")
  cur.execute(insert_sql % (repo_id, number, comment_id,body, created_at, login,author_association,is_pr))
comments_get.py:94: Warning: (1366L, u"Incorrect string value: '\\xCE\\x94 = a...' for column 'body' at row 1")
  cur.execute(insert_sql % (repo_id, number, comment_id,body, created_at, login,author_association,is_pr))
comments_get.py:94: Warning: (1366L, u"Incorrect string value: '\\xE2\\x97\\x8F lx...' for column 'body' at row 1")
  cur.execute(insert_sql % (repo_id, number, comment_id,body, created_at, login,author_association,is_pr))
comments_get.py:94: Warning: (1366L, u"Incorrect string value: '\\xF0\\x9F\\x98\\x89 ' for column 'body' at row 1")
  cur.execute(insert_sql % (repo_id, number, comment_id,body, created_at, login,author_association,is_pr))
comments_get.py:94: Warning: (1366L, u"Incorrect string value: '\\xC2\\x92init...' for column 'body' at row 1")
  cur.execute(insert_sql % (repo_id, number, comment_id,body, created_at, login,author_association,is_pr))
comments_get.py:94: Warning: (1366L, u"Incorrect string value: '\\xE2\\x88\\x8A T ...' for column 'body' at row 1")
  cur.execute(insert_sql % (repo_id, number, comment_id,body, created_at, login,author_association,is_pr))
comments_get.py:94: Warning: (1366L, u"Incorrect string value: '\\xE5\\x92\\x8C #2...' for column 'body' at row 1")
  cur.execute(insert_sql % (repo_id, number, comment_id,body, created_at, login,author_association,is_pr))
comments_get.py:94: Warning: (1366L, u"Incorrect string value: '\\xE7\\xA1\\xAE\\xE8\\xAE\\xA4...' for column 'body' at row 1")
  cur.execute(insert_sql % (repo_id, number, comment_id,body, created_at, login,author_association,is_pr))
comments_get.py:94: Warning: (1366L, u"Incorrect string value: '\\xF0\\x9F\\x98\\xA2 W...' for column 'body' at row 1")
  cur.execute(insert_sql % (repo_id, number, comment_id,body, created_at, login,author_association,is_pr))
comments_get.py:94: Warning: (1366L, u"Incorrect string value: '\\xE2\\x80\\x8B\\xE2\\x80\\x8B...' for column 'body' at row 1")
  cur.execute(insert_sql % (repo_id, number, comment_id,body, created_at, login,author_association,is_pr))
comments_get.py:94: Warning: (1366L, u"Incorrect string value: '\\xF0\\x9F\\x99\\x8F ' for column 'body' at row 1")
  cur.execute(insert_sql % (repo_id, number, comment_id,body, created_at, login,author_association,is_pr))
comments_get.py:94: Warning: (1366L, u"Incorrect string value: '\\xF0\\x9F\\x98\\xAD\\x0A' for column 'body' at row 1")
  cur.execute(insert_sql % (repo_id, number, comment_id,body, created_at, login,author_association,is_pr))
comments_get.py:94: Warning: (1366L, u"Incorrect string value: '\\xE8\\x8D\\x89\\xE7\\xA8\\xBF...' for column 'body' at row 1")
  cur.execute(insert_sql % (repo_id, number, comment_id,body, created_at, login,author_association,is_pr))
comments_get.py:94: Warning: (1366L, u"Incorrect string value: '\\xE6\\xAD\\xA4\\xE9\\x97\\xAE...' for column 'body' at row 1")
  cur.execute(insert_sql % (repo_id, number, comment_id,body, created_at, login,author_association,is_pr))
comments_get.py:94: Warning: (1366L, u"Incorrect string value: '\\xE8\\x99\\xBD\\xE7\\x84\\xB6...' for column 'body' at row 1")
  cur.execute(insert_sql % (repo_id, number, comment_id,body, created_at, login,author_association,is_pr))
comments_get.py:94: Warning: (1366L, u"Incorrect string value: '\\xE8\\xAF\\xB7\\xE5\\x8C\\x85...' for column 'body' at row 1")
  cur.execute(insert_sql % (repo_id, number, comment_id,body, created_at, login,author_association,is_pr))
comments_get.py:94: Warning: (1366L, u"Incorrect string value: '\\xF0\\x9F\\x91\\x8D t...' for column 'body' at row 1")
  cur.execute(insert_sql % (repo_id, number, comment_id,body, created_at, login,author_association,is_pr))
comments_get.py:94: Warning: (1366L, u"Incorrect string value: '\\xE7\\x9A\\x84Aut...' for column 'body' at row 1")
  cur.execute(insert_sql % (repo_id, number, comment_id,body, created_at, login,author_association,is_pr))
comments_get.py:94: Warning: (1366L, u"Incorrect string value: '\\xE6\\x89\\x80\\xE4\\xBB\\xA5...' for column 'body' at row 1")
  cur.execute(insert_sql % (repo_id, number, comment_id,body, created_at, login,author_association,is_pr))
comments_get.py:94: Warning: (1366L, u"Incorrect string value: '\\xE8\\xAE\\xBE\\xE7\\xBD\\xAE...' for column 'body' at row 1")
  cur.execute(insert_sql % (repo_id, number, comment_id,body, created_at, login,author_association,is_pr))
comments_get.py:94: Warning: (1366L, u"Incorrect string value: '\\xD0\\x9F\\xD1\\x80\\xD0\\xB5...' for column 'body' at row 1")
  cur.execute(insert_sql % (repo_id, number, comment_id,body, created_at, login,author_association,is_pr))
comments_get.py:94: Warning: (1366L, u"Incorrect string value: '\\xD0\\x9B\\xD0\\xBE\\xD0\\xBA...' for column 'body' at row 1")
  cur.execute(insert_sql % (repo_id, number, comment_id,body, created_at, login,author_association,is_pr))
comments_get.py:94: Warning: (1366L, u"Incorrect string value: '\\xD0\\x98 \\xD0\\xBE\\xD1...' for column 'body' at row 1")
  cur.execute(insert_sql % (repo_id, number, comment_id,body, created_at, login,author_association,is_pr))
comments_get.py:94: Warning: (1366L, u"Incorrect string value: '\\xD0\\x92\\xD1\\x81\\xD0\\xB5...' for column 'body' at row 1")
  cur.execute(insert_sql % (repo_id, number, comment_id,body, created_at, login,author_association,is_pr))
comments_get.py:94: Warning: (1366L, u"Incorrect string value: '\\xD0\\x9E\\xD0\\xBB\\xD1\\x81...' for column 'body' at row 1")
  cur.execute(insert_sql % (repo_id, number, comment_id,body, created_at, login,author_association,is_pr))
comments_get.py:94: Warning: (1366L, u"Incorrect string value: '\\xD0\\x9C\\xD1\\x8B \\xD0...' for column 'body' at row 1")
  cur.execute(insert_sql % (repo_id, number, comment_id,body, created_at, login,author_association,is_pr))
comments_get.py:94: Warning: (1366L, u"Incorrect string value: '\\xD0\\xB7\\xD0\\xBD\\xD0\\xB0...' for column 'body' at row 1")
  cur.execute(insert_sql % (repo_id, number, comment_id,body, created_at, login,author_association,is_pr))
comments_get.py:94: Warning: (1366L, u"Incorrect string value: '\\xD0\\x9D\\xD0\\xB5 \\xD0...' for column 'body' at row 1")
  cur.execute(insert_sql % (repo_id, number, comment_id,body, created_at, login,author_association,is_pr))
comments_get.py:94: Warning: (1366L, u"Incorrect string value: '\\xD0\\xA7\\xD0\\xB0\\xD1\\x81...' for column 'body' at row 1")
  cur.execute(insert_sql % (repo_id, number, comment_id,body, created_at, login,author_association,is_pr))
comments_get.py:94: Warning: (1366L, u"Incorrect string value: '\\xE3\\x81\\xA7\\xE5\\xAF\\xBE...' for column 'body' at row 1")
  cur.execute(insert_sql % (repo_id, number, comment_id,body, created_at, login,author_association,is_pr))
comments_get.py:94: Warning: (1366L, u"Incorrect string value: '\\xE8\\xBF\\x99\\xE7\\xA7\\x8D...' for column 'body' at row 1")
  cur.execute(insert_sql % (repo_id, number, comment_id,body, created_at, login,author_association,is_pr))
comments_get.py:94: Warning: (1366L, u"Incorrect string value: '\\xE6\\x84\\x8F\\xE6\\x80\\x9D...' for column 'body' at row 1")
  cur.execute(insert_sql % (repo_id, number, comment_id,body, created_at, login,author_association,is_pr))
comments_get.py:94: Warning: (1366L, u"Incorrect string value: '\\xE4\\xB8\\x8D\\xE6\\x98\\xAF...' for column 'body' at row 1")
  cur.execute(insert_sql % (repo_id, number, comment_id,body, created_at, login,author_association,is_pr))
comments_get.py:94: Warning: (1366L, u"Incorrect string value: '\\xE8\\xAF\\xB7\\xE9\\x97\\xAE...' for column 'body' at row 1")
  cur.execute(insert_sql % (repo_id, number, comment_id,body, created_at, login,author_association,is_pr))
comments_get.py:94: Warning: (1366L, u"Incorrect string value: '\\xE4\\xBD\\xA0\\xE5\\x8F\\xAA...' for column 'body' at row 1")
  cur.execute(insert_sql % (repo_id, number, comment_id,body, created_at, login,author_association,is_pr))
comments_get.py:94: Warning: (1366L, u"Incorrect string value: '\\xEF\\xBC\\x8C\\xE6\\x98\\x8E...' for column 'body' at row 1")
  cur.execute(insert_sql % (repo_id, number, comment_id,body, created_at, login,author_association,is_pr))
comments_get.py:94: Warning: (1366L, u"Incorrect string value: '\\xE4\\xB8\\x8D\\xE5\\xAE\\xA2...' for column 'body' at row 1")
  cur.execute(insert_sql % (repo_id, number, comment_id,body, created_at, login,author_association,is_pr))
comments_get.py:94: Warning: (1366L, u"Incorrect string value: '\\xE2\\x9D\\xA4\\xEF\\xB8\\x8F...' for column 'body' at row 1")
  cur.execute(insert_sql % (repo_id, number, comment_id,body, created_at, login,author_association,is_pr))
comments_get.py:94: Warning: (1366L, u"Incorrect string value: '\\xF0\\x9F\\x9A\\x80 \\x0A' for column 'body' at row 1")
  cur.execute(insert_sql % (repo_id, number, comment_id,body, created_at, login,author_association,is_pr))
comments_get.py:94: Warning: (1366L, u"Incorrect string value: '\\xF0\\x9F\\x90\\x99 ' for column 'body' at row 1")
  cur.execute(insert_sql % (repo_id, number, comment_id,body, created_at, login,author_association,is_pr))
comments_get.py:94: Warning: (1366L, u"Incorrect string value: '\\xF0\\x9F\\x8E\\x89 ' for column 'body' at row 1")
  cur.execute(insert_sql % (repo_id, number, comment_id,body, created_at, login,author_association,is_pr))
comments_get.py:94: Warning: (1366L, u"Incorrect string value: '\\xF0\\x9F\\x91\\x8D \\x0D...' for column 'body' at row 1")
  cur.execute(insert_sql % (repo_id, number, comment_id,body, created_at, login,author_association,is_pr))
comments_get.py:94: Warning: (1366L, u"Incorrect string value: '\\xD1\\x8D\\xD1\\x82\\xD0\\xBE...' for column 'body' at row 1")
  cur.execute(insert_sql % (repo_id, number, comment_id,body, created_at, login,author_association,is_pr))
comments_get.py:94: Warning: (1366L, u"Incorrect string value: '\\xF0\\x9F\\x8E\\x8A  ...' for column 'body' at row 1")
  cur.execute(insert_sql % (repo_id, number, comment_id,body, created_at, login,author_association,is_pr))
comments_get.py:94: Warning: (1366L, u"Incorrect string value: '\\xEF\\xBC\\x8C th...' for column 'body' at row 1")
  cur.execute(insert_sql % (repo_id, number, comment_id,body, created_at, login,author_association,is_pr))
comments_get.py:94: Warning: (1366L, u"Incorrect string value: '\\xEF\\xBC\\x8C I ...' for column 'body' at row 1")
  cur.execute(insert_sql % (repo_id, number, comment_id,body, created_at, login,author_association,is_pr))
comments_get.py:94: Warning: (1366L, u"Incorrect string value: '\\xF0\\x9F\\x91\\x8E .' for column 'body' at row 1")
  cur.execute(insert_sql % (repo_id, number, comment_id,body, created_at, login,author_association,is_pr))
comments_get.py:94: Warning: (1366L, u"Incorrect string value: '\\xD9\\x85\\xDB\\x8C \\xD8...' for column 'body' at row 1")
  cur.execute(insert_sql % (repo_id, number, comment_id,body, created_at, login,author_association,is_pr))
comments_get.py:94: Warning: (1366L, u"Incorrect string value: '\\xF0\\x9F\\x94\\x93  ...' for column 'body' at row 1")
  cur.execute(insert_sql % (repo_id, number, comment_id,body, created_at, login,author_association,is_pr))
comments_get.py:94: Warning: (1366L, u"Incorrect string value: '\\xE2\\x96\\xB8 --...' for column 'body' at row 1")
  cur.execute(insert_sql % (repo_id, number, comment_id,body, created_at, login,author_association,is_pr))
comments_get.py:94: Warning: (1366L, u"Incorrect string value: '\\xF0\\x9F\\x91\\x8B \\x0D...' for column 'body' at row 1")
  cur.execute(insert_sql % (repo_id, number, comment_id,body, created_at, login,author_association,is_pr))
comments_get.py:94: Warning: (1366L, u"Incorrect string value: '\\xF0\\x9F\\x99\\x82\\x0A' for column 'body' at row 1")
  cur.execute(insert_sql % (repo_id, number, comment_id,body, created_at, login,author_association,is_pr))
comments_get.py:94: Warning: (1366L, u"Incorrect string value: '\\xF0\\x9F\\x91\\x8D \\xF0...' for column 'body' at row 1")
  cur.execute(insert_sql % (repo_id, number, comment_id,body, created_at, login,author_association,is_pr))
comments_get.py:94: Warning: (1366L, u"Incorrect string value: '\\xEF\\xBC\\x8Cbut...' for column 'body' at row 1")
  cur.execute(insert_sql % (repo_id, number, comment_id,body, created_at, login,author_association,is_pr))
comments_get.py:94: Warning: (1366L, u"Incorrect string value: '\\xE5\\x90\\x8A\\xE6\\x89\\x93...' for column 'body' at row 1")
  cur.execute(insert_sql % (repo_id, number, comment_id,body, created_at, login,author_association,is_pr))
comments_get.py:94: Warning: (1366L, u"Incorrect string value: '\\xE2\\x99\\xBB\\xEF\\xB8\\x8F...' for column 'body' at row 1")
  cur.execute(insert_sql % (repo_id, number, comment_id,body, created_at, login,author_association,is_pr))
comments_get.py:94: Warning: (1366L, u"Incorrect string value: '\\xEF\\xBC\\x81\\xEF\\xBC\\x81...' for column 'body' at row 1")
  cur.execute(insert_sql % (repo_id, number, comment_id,body, created_at, login,author_association,is_pr))
comments_get.py:94: Warning: (1366L, u"Incorrect string value: '\\xD0\\x9D\\xD0\\xB0\\xD0\\xBF...' for column 'body' at row 1")
  cur.execute(insert_sql % (repo_id, number, comment_id,body, created_at, login,author_association,is_pr))
comments_get.py:94: Warning: (1366L, u"Incorrect string value: '\\xE3\\x83\\x84)_/...' for column 'body' at row 1")
  cur.execute(insert_sql % (repo_id, number, comment_id,body, created_at, login,author_association,is_pr))
comments_get.py:94: Warning: (1366L, u"Incorrect string value: '\\xE7\\x89\\x88\\xE6\\x9C\\xAC...' for column 'body' at row 1")
  cur.execute(insert_sql % (repo_id, number, comment_id,body, created_at, login,author_association,is_pr))
comments_get.py:94: Warning: (1366L, u"Incorrect string value: '\\xE2\\x98\\xB9' for column 'body' at row 1")
  cur.execute(insert_sql % (repo_id, number, comment_id,body, created_at, login,author_association,is_pr))
comments_get.py:94: Warning: (1366L, u"Incorrect string value: '\\xE8\\x83\\xBD\\xE5\\x8F\\xAA...' for column 'body' at row 1")
  cur.execute(insert_sql % (repo_id, number, comment_id,body, created_at, login,author_association,is_pr))
comments_get.py:94: Warning: (1366L, u"Incorrect string value: '\\xE5\\x85\\x81\\xE8\\xAE\\xB8...' for column 'body' at row 1")
  cur.execute(insert_sql % (repo_id, number, comment_id,body, created_at, login,author_association,is_pr))
comments_get.py:94: Warning: (1366L, u"Incorrect string value: '\\xE5\\xB7\\xB2\\xE8\\xA7\\xA3...' for column 'body' at row 1")
  cur.execute(insert_sql % (repo_id, number, comment_id,body, created_at, login,author_association,is_pr))
comments_get.py:94: Warning: (1366L, u"Incorrect string value: '\\xE5\\x90\\x8E\\xE7\\xBB\\xAD...' for column 'body' at row 1")
  cur.execute(insert_sql % (repo_id, number, comment_id,body, created_at, login,author_association,is_pr))
comments_get.py:94: Warning: (1366L, u"Incorrect string value: '\\xE5\\x9B\\xBD\\xE5\\xBA\\x86...' for column 'body' at row 1")
  cur.execute(insert_sql % (repo_id, number, comment_id,body, created_at, login,author_association,is_pr))
comments_get.py:94: Warning: (1366L, u"Incorrect string value: '\\xE6\\xB2\\xA1\\xE7\\x9C\\x8B...' for column 'body' at row 1")
  cur.execute(insert_sql % (repo_id, number, comment_id,body, created_at, login,author_association,is_pr))
comments_get.py:94: Warning: (1366L, u"Incorrect string value: '\\xE5\\xAF\\xB9\\xEF\\xBC\\x8C...' for column 'body' at row 1")
  cur.execute(insert_sql % (repo_id, number, comment_id,body, created_at, login,author_association,is_pr))
comments_get.py:94: Warning: (1366L, u"Incorrect string value: '\\xE6\\x84\\x9F\\xE8\\xA7\\x89...' for column 'body' at row 1")
  cur.execute(insert_sql % (repo_id, number, comment_id,body, created_at, login,author_association,is_pr))
comments_get.py:94: Warning: (1366L, u"Incorrect string value: '\\xE6\\x88\\x91\\xE5\\x9C\\xA8...' for column 'body' at row 1")
  cur.execute(insert_sql % (repo_id, number, comment_id,body, created_at, login,author_association,is_pr))
comments_get.py:94: Warning: (1366L, u"Incorrect string value: '\\xE7\\xAD\\x89\\xE4\\xBA\\xA4...' for column 'body' at row 1")
  cur.execute(insert_sql % (repo_id, number, comment_id,body, created_at, login,author_association,is_pr))
comments_get.py:94: Warning: (1366L, u"Incorrect string value: '\\xE8\\xBF\\x9F\\xE6\\x9D\\xA5...' for column 'body' at row 1")
  cur.execute(insert_sql % (repo_id, number, comment_id,body, created_at, login,author_association,is_pr))
comments_get.py:94: Warning: (1366L, u"Incorrect string value: '\\xE5\\xBF\\x99\\xE5\\xAE\\x8C...' for column 'body' at row 1")
  cur.execute(insert_sql % (repo_id, number, comment_id,body, created_at, login,author_association,is_pr))
comments_get.py:94: Warning: (1366L, u"Incorrect string value: '\\xE6\\x9C\\x89\\xE6\\xB2\\xA1...' for column 'body' at row 1")
  cur.execute(insert_sql % (repo_id, number, comment_id,body, created_at, login,author_association,is_pr))
comments_get.py:94: Warning: (1366L, u"Incorrect string value: '\\xF0\\x9F\\x91\\x8C ' for column 'body' at row 1")
  cur.execute(insert_sql % (repo_id, number, comment_id,body, created_at, login,author_association,is_pr))
comments_get.py:94: Warning: (1366L, u"Incorrect string value: '\\xE2\\x9C\\x8C\\xEF\\xB8\\x8F...' for column 'body' at row 1")
  cur.execute(insert_sql % (repo_id, number, comment_id,body, created_at, login,author_association,is_pr))
comments_get.py:94: Warning: (1366L, u"Incorrect string value: '\\xE3\\x80\\x8C\\xE8\\xBF\\x99...' for column 'body' at row 1")
  cur.execute(insert_sql % (repo_id, number, comment_id,body, created_at, login,author_association,is_pr))
comments_get.py:94: Warning: (1366L, u"Incorrect string value: '\\xE4\\xBD\\xA0\\xE5\\xA5\\xBD...' for column 'body' at row 1")
  cur.execute(insert_sql % (repo_id, number, comment_id,body, created_at, login,author_association,is_pr))
comments_get.py:94: Warning: (1366L, u"Incorrect string value: '\\xE2\\x80\\x8E4/\\xE2...' for column 'body' at row 1")
  cur.execute(insert_sql % (repo_id, number, comment_id,body, created_at, login,author_association,is_pr))
comments_get.py:94: Warning: (1366L, u"Incorrect string value: '\\xE3\\x81\\x93\\xE3\\x81\\xA1...' for column 'body' at row 1")
  cur.execute(insert_sql % (repo_id, number, comment_id,body, created_at, login,author_association,is_pr))
comments_get.py:94: Warning: (1366L, u"Incorrect string value: '\\xE8\\xBF\\x99\\xE9\\x87\\x8C...' for column 'body' at row 1")
  cur.execute(insert_sql % (repo_id, number, comment_id,body, created_at, login,author_association,is_pr))
comments_get.py:94: Warning: (1366L, u"Incorrect string value: '\\xE7\\x9C\\x8B #4...' for column 'body' at row 1")
  cur.execute(insert_sql % (repo_id, number, comment_id,body, created_at, login,author_association,is_pr))
comments_get.py:94: Warning: (1366L, u"Incorrect string value: '\\xE6\\x88\\x91\\xE6\\x98\\xAF...' for column 'body' at row 1")
  cur.execute(insert_sql % (repo_id, number, comment_id,body, created_at, login,author_association,is_pr))
comments_get.py:94: Warning: (1366L, u"Incorrect string value: '\\xE5\\xB0\\xB1\\xE6\\x98\\xAF...' for column 'body' at row 1")
  cur.execute(insert_sql % (repo_id, number, comment_id,body, created_at, login,author_association,is_pr))
comments_get.py:94: Warning: (1366L, u"Incorrect string value: '\\xE5\\x93\\xA6\\xEF\\xBC\\x8C...' for column 'body' at row 1")
  cur.execute(insert_sql % (repo_id, number, comment_id,body, created_at, login,author_association,is_pr))
comments_get.py:94: Warning: (1366L, u"Incorrect string value: '\\xE8\\xAF\\xB7\\xE8\\xAE\\xA2...' for column 'body' at row 1")
  cur.execute(insert_sql % (repo_id, number, comment_id,body, created_at, login,author_association,is_pr))
comments_get.py:94: Warning: (1366L, u"Incorrect string value: '\\xE6\\x88\\x96\\xE8\\x80\\x85...' for column 'body' at row 1")
  cur.execute(insert_sql % (repo_id, number, comment_id,body, created_at, login,author_association,is_pr))
comments_get.py:94: Warning: (1366L, u"Incorrect string value: '\\xE5\\xA5\\xBD\\xE7\\x9A\\x84...' for column 'body' at row 1")
  cur.execute(insert_sql % (repo_id, number, comment_id,body, created_at, login,author_association,is_pr))
comments_get.py:94: Warning: (1366L, u"Incorrect string value: '\\xE6\\x9A\\x82\\xE6\\x97\\xB6...' for column 'body' at row 1")
  cur.execute(insert_sql % (repo_id, number, comment_id,body, created_at, login,author_association,is_pr))
comments_get.py:94: Warning: (1366L, u"Incorrect string value: '\\xF0\\x9F\\x90\\xAF\\x0A' for column 'body' at row 1")
  cur.execute(insert_sql % (repo_id, number, comment_id,body, created_at, login,author_association,is_pr))
comments_get.py:94: Warning: (1366L, u"Incorrect string value: '\\xE5\\x9F\\xBA\\xE4\\xBA\\x8E...' for column 'body' at row 1")
  cur.execute(insert_sql % (repo_id, number, comment_id,body, created_at, login,author_association,is_pr))
comments_get.py:94: Warning: (1366L, u"Incorrect string value: '\\xE2\\x88\\xA9_\\xE2\\x88...' for column 'body' at row 1")
  cur.execute(insert_sql % (repo_id, number, comment_id,body, created_at, login,author_association,is_pr))
comments_get.py:94: Warning: (1366L, u"Incorrect string value: '\\xE6\\xAF\\x94\\xE5\\xBF\\x83...' for column 'body' at row 1")
  cur.execute(insert_sql % (repo_id, number, comment_id,body, created_at, login,author_association,is_pr))
comments_get.py:94: Warning: (1366L, u"Incorrect string value: '\\xE7\\xA7\\xBB\\xE9\\x99\\xA4...' for column 'body' at row 1")
  cur.execute(insert_sql % (repo_id, number, comment_id,body, created_at, login,author_association,is_pr))
comments_get.py:94: Warning: (1366L, u"Incorrect string value: '\\xE4\\xB8\\x8D\\xE7\\xBB\\xB4...' for column 'body' at row 1")
  cur.execute(insert_sql % (repo_id, number, comment_id,body, created_at, login,author_association,is_pr))
comments_get.py:94: Warning: (1366L, u"Incorrect string value: '\\xE2\\x9D\\x93 @a...' for column 'body' at row 1")
  cur.execute(insert_sql % (repo_id, number, comment_id,body, created_at, login,author_association,is_pr))
comments_get.py:94: Warning: (1366L, u"Incorrect string value: '\\xF0\\x9F\\xA4\\xA4\\x0D\\x0A...' for column 'body' at row 1")
  cur.execute(insert_sql % (repo_id, number, comment_id,body, created_at, login,author_association,is_pr))
comments_get.py:94: Warning: (1366L, u"Incorrect string value: '\\xC5\\x88o <n...' for column 'body' at row 1")
  cur.execute(insert_sql % (repo_id, number, comment_id,body, created_at, login,author_association,is_pr))
comments_get.py:94: Warning: (1366L, u"Incorrect string value: '\\xF0\\x9F\\x98\\x8A\\x0A' for column 'body' at row 1")
  cur.execute(insert_sql % (repo_id, number, comment_id,body, created_at, login,author_association,is_pr))
comments_get.py:94: Warning: (1366L, u"Incorrect string value: '\\xF0\\x9F\\x8E\\xB8 !...' for column 'body' at row 1")
  cur.execute(insert_sql % (repo_id, number, comment_id,body, created_at, login,author_association,is_pr))
comments_get.py:94: Warning: (1366L, u"Incorrect string value: '\\xF0\\x9F\\x91\\x8D*\\x0D...' for column 'body' at row 1")
  cur.execute(insert_sql % (repo_id, number, comment_id,body, created_at, login,author_association,is_pr))
comments_get.py:94: Warning: (1366L, u"Incorrect string value: '\\xF0\\x9F\\x91\\x8B\\xF0\\x9F...' for column 'body' at row 1")
  cur.execute(insert_sql % (repo_id, number, comment_id,body, created_at, login,author_association,is_pr))
comments_get.py:94: Warning: (1366L, u"Incorrect string value: '\\xF0\\x9F\\x91\\x8B I...' for column 'body' at row 1")
  cur.execute(insert_sql % (repo_id, number, comment_id,body, created_at, login,author_association,is_pr))
comments_get.py:94: Warning: (1366L, u"Incorrect string value: '\\xE2\\x80\\x8Bcod...' for column 'body' at row 1")
  cur.execute(insert_sql % (repo_id, number, comment_id,body, created_at, login,author_association,is_pr))
comments_get.py:94: Warning: (1366L, u"Incorrect string value: '\\xE6\\xB5\\x8B\\xE8\\xAF\\x95...' for column 'body' at row 1")
  cur.execute(insert_sql % (repo_id, number, comment_id,body, created_at, login,author_association,is_pr))
comments_get.py:94: Warning: (1366L, u"Incorrect string value: '\\xE2\\x80\\x8B\\x0AFo...' for column 'body' at row 1")
  cur.execute(insert_sql % (repo_id, number, comment_id,body, created_at, login,author_association,is_pr))
comments_get.py:94: Warning: (1366L, u"Incorrect string value: '\\xE2\\x8F\\x8E ta...' for column 'body' at row 1")
  cur.execute(insert_sql % (repo_id, number, comment_id,body, created_at, login,author_association,is_pr))
comments_get.py:94: Warning: (1366L, u"Incorrect string value: '\\xE8\\xAF\\xB7\\xE6\\x8F\\x90...' for column 'body' at row 1")
  cur.execute(insert_sql % (repo_id, number, comment_id,body, created_at, login,author_association,is_pr))
comments_get.py:94: Warning: (1366L, u"Incorrect string value: '\\xE6\\x8D\\x82\\xE8\\x84\\xB8...' for column 'body' at row 1")
  cur.execute(insert_sql % (repo_id, number, comment_id,body, created_at, login,author_association,is_pr))
comments_get.py:94: Warning: (1366L, u"Incorrect string value: '\\xF0\\x9F\\x98\\x84\\x0D\\x0A...' for column 'body' at row 1")
  cur.execute(insert_sql % (repo_id, number, comment_id,body, created_at, login,author_association,is_pr))
comments_get.py:94: Warning: (1366L, u"Incorrect string value: '\\xE3\\x85\\xBD\\xEC\\x8D\\x91...' for column 'body' at row 1")
  cur.execute(insert_sql % (repo_id, number, comment_id,body, created_at, login,author_association,is_pr))
comments_get.py:94: Warning: (1366L, u"Incorrect string value: '\\xF0\\x9F\\x91\\x8E U...' for column 'body' at row 1")
  cur.execute(insert_sql % (repo_id, number, comment_id,body, created_at, login,author_association,is_pr))
comments_get.py:94: Warning: (1366L, u"Incorrect string value: '\\xF0\\x9F\\x98\\x95 \\x0A' for column 'body' at row 1")
  cur.execute(insert_sql % (repo_id, number, comment_id,body, created_at, login,author_association,is_pr))
comments_get.py:94: Warning: (1366L, u"Incorrect string value: '\\xE6\\x81\\xA9\\xE6\\x81\\xA9...' for column 'body' at row 1")
  cur.execute(insert_sql % (repo_id, number, comment_id,body, created_at, login,author_association,is_pr))
comments_get.py:94: Warning: (1366L, u"Incorrect string value: '\\xE2\\x96\\xB6 ./...' for column 'body' at row 1")
  cur.execute(insert_sql % (repo_id, number, comment_id,body, created_at, login,author_association,is_pr))
comments_get.py:94: Warning: (1366L, u"Incorrect string value: '\\xF0\\x9F\\x88\\xB4 A...' for column 'body' at row 1")
  cur.execute(insert_sql % (repo_id, number, comment_id,body, created_at, login,author_association,is_pr))
comments_get.py:94: Warning: (1366L, u"Incorrect string value: '\\xF0\\x9F\\x88\\xB4 l...' for column 'body' at row 1")
  cur.execute(insert_sql % (repo_id, number, comment_id,body, created_at, login,author_association,is_pr))
comments_get.py:94: Warning: (1366L, u"Incorrect string value: '\\xF0\\x9F\\x88\\xAF\\xEF\\xB8...' for column 'body' at row 1")
  cur.execute(insert_sql % (repo_id, number, comment_id,body, created_at, login,author_association,is_pr))
comments_get.py:94: Warning: (1366L, u"Incorrect string value: '\\xEF\\xBC\\x8C bu...' for column 'body' at row 1")
  cur.execute(insert_sql % (repo_id, number, comment_id,body, created_at, login,author_association,is_pr))
comments_get.py:94: Warning: (1366L, u"Incorrect string value: '\\xE1\\x90\\xA7\\x0A\\x0AO...' for column 'body' at row 1")
  cur.execute(insert_sql % (repo_id, number, comment_id,body, created_at, login,author_association,is_pr))
comments_get.py:94: Warning: (1366L, u"Incorrect string value: '\\xF0\\x9F\\x98\\x8A ' for column 'body' at row 1")
  cur.execute(insert_sql % (repo_id, number, comment_id,body, created_at, login,author_association,is_pr))
comments_get.py:94: Warning: (1366L, u"Incorrect string value: '\\xF0\\x9F\\x98\\x83 ?...' for column 'body' at row 1")
  cur.execute(insert_sql % (repo_id, number, comment_id,body, created_at, login,author_association,is_pr))
comments_get.py:94: Warning: (1366L, u"Incorrect string value: '\\xE2\\x96\\x92?q\\xE2...' for column 'body' at row 1")
  cur.execute(insert_sql % (repo_id, number, comment_id,body, created_at, login,author_association,is_pr))
comments_get.py:94: Warning: (1366L, u"Incorrect string value: '\\xE4\\xBD\\xA0\\xE7\\xA1\\xAE...' for column 'body' at row 1")
  cur.execute(insert_sql % (repo_id, number, comment_id,body, created_at, login,author_association,is_pr))
comments_get.py:94: Warning: (1366L, u"Incorrect string value: '\\xE6\\x98\\xAF\\xE5\\x86\\x99...' for column 'body' at row 1")
  cur.execute(insert_sql % (repo_id, number, comment_id,body, created_at, login,author_association,is_pr))
comments_get.py:94: Warning: (1366L, u"Incorrect string value: '\\xE4\\xBD\\xA0\\xE5\\x8F\\xAF...' for column 'body' at row 1")
  cur.execute(insert_sql % (repo_id, number, comment_id,body, created_at, login,author_association,is_pr))
comments_get.py:94: Warning: (1366L, u"Incorrect string value: '\\xE2\\x9A\\xA1 \\x0A' for column 'body' at row 1")
  cur.execute(insert_sql % (repo_id, number, comment_id,body, created_at, login,author_association,is_pr))
comments_get.py:94: Warning: (1366L, u"Incorrect string value: '\\xF0\\x9F\\x98\\xA6 \\x0A' for column 'body' at row 1")
  cur.execute(insert_sql % (repo_id, number, comment_id,body, created_at, login,author_association,is_pr))
comments_get.py:94: Warning: (1366L, u"Incorrect string value: '\\xE5\\x8F\\xAF\\xE8\\xAF\\xBB...' for column 'body' at row 1")
  cur.execute(insert_sql % (repo_id, number, comment_id,body, created_at, login,author_association,is_pr))
comments_get.py:94: Warning: (1366L, u"Incorrect string value: '\\xE6\\x88\\x91\\xE5\\xA4\\x8D...' for column 'body' at row 1")
  cur.execute(insert_sql % (repo_id, number, comment_id,body, created_at, login,author_association,is_pr))
comments_get.py:94: Warning: (1366L, u"Incorrect string value: '\\xE8\\xB0\\xA2\\xE8\\xB0\\xA2...' for column 'body' at row 1")
  cur.execute(insert_sql % (repo_id, number, comment_id,body, created_at, login,author_association,is_pr))
comments_get.py:94: Warning: (1366L, u"Incorrect string value: '\\xE5\\x8F\\x82\\xE8\\x80\\x83...' for column 'body' at row 1")
  cur.execute(insert_sql % (repo_id, number, comment_id,body, created_at, login,author_association,is_pr))
comments_get.py:94: Warning: (1366L, u"Incorrect string value: '\\xE6\\x88\\x91\\xE6\\xB5\\x8B...' for column 'body' at row 1")
  cur.execute(insert_sql % (repo_id, number, comment_id,body, created_at, login,author_association,is_pr))
comments_get.py:94: Warning: (1366L, u"Incorrect string value: '\\xE5\\x97\\xAF\\xEF\\xBC\\x8C...' for column 'body' at row 1")
  cur.execute(insert_sql % (repo_id, number, comment_id,body, created_at, login,author_association,is_pr))
comments_get.py:94: Warning: (1366L, u"Incorrect string value: '\\xE4\\xB8\\xBA\\xE4\\xBB\\x80...' for column 'body' at row 1")
  cur.execute(insert_sql % (repo_id, number, comment_id,body, created_at, login,author_association,is_pr))
comments_get.py:94: Warning: (1366L, u"Incorrect string value: '\\xE4\\xB8\\x8D\\xE4\\xB8\\x80...' for column 'body' at row 1")
  cur.execute(insert_sql % (repo_id, number, comment_id,body, created_at, login,author_association,is_pr))
comments_get.py:94: Warning: (1366L, u"Incorrect string value: '\\xF0\\x9F\\x92\\x9A ' for column 'body' at row 1")
  cur.execute(insert_sql % (repo_id, number, comment_id,body, created_at, login,author_association,is_pr))
comments_get.py:94: Warning: (1366L, u"Incorrect string value: '\\xE6\\x89\\x93\\xE9\\x94\\x99...' for column 'body' at row 1")
  cur.execute(insert_sql % (repo_id, number, comment_id,body, created_at, login,author_association,is_pr))
comments_get.py:94: Warning: (1366L, u"Incorrect string value: '\\xE7\\x9A\\x84\\xE9\\x97\\xAE...' for column 'body' at row 1")
  cur.execute(insert_sql % (repo_id, number, comment_id,body, created_at, login,author_association,is_pr))
comments_get.py:94: Warning: (1366L, u"Incorrect string value: '\\xE7\\xBB\\x99\\xE9\\x87\\x8D...' for column 'body' at row 1")
  cur.execute(insert_sql % (repo_id, number, comment_id,body, created_at, login,author_association,is_pr))
comments_get.py:94: Warning: (1366L, u"Incorrect string value: '\\xF0\\x9F\\x92\\xAF \\x0A...' for column 'body' at row 1")
  cur.execute(insert_sql % (repo_id, number, comment_id,body, created_at, login,author_association,is_pr))
comments_get.py:94: Warning: (1366L, u"Incorrect string value: '\\xD0\\xBB\\xD0\\xB8\\xD1\\x81...' for column 'body' at row 1")
  cur.execute(insert_sql % (repo_id, number, comment_id,body, created_at, login,author_association,is_pr))
comments_get.py:94: Warning: (1366L, u"Incorrect string value: '\\xF0\\x9F\\x92\\xAF ' for column 'body' at row 1")
  cur.execute(insert_sql % (repo_id, number, comment_id,body, created_at, login,author_association,is_pr))
comments_get.py:94: Warning: (1366L, u"Incorrect string value: '\\xE6\\x88\\x91\\xE7\\xAD\\xBE...' for column 'body' at row 1")
  cur.execute(insert_sql % (repo_id, number, comment_id,body, created_at, login,author_association,is_pr))
comments_get.py:94: Warning: (1366L, u"Incorrect string value: '\\xE2\\x96\\xB8 20...' for column 'body' at row 1")
  cur.execute(insert_sql % (repo_id, number, comment_id,body, created_at, login,author_association,is_pr))
comments_get.py:94: Warning: (1366L, u"Incorrect string value: '\\xE9\\x87\\x8C\\xE6\\x98\\xAF...' for column 'body' at row 1")
  cur.execute(insert_sql % (repo_id, number, comment_id,body, created_at, login,author_association,is_pr))
comments_get.py:94: Warning: (1366L, u"Incorrect string value: '\\xE7\\xBB\\x99\\xE4\\xB8\\xAA...' for column 'body' at row 1")
  cur.execute(insert_sql % (repo_id, number, comment_id,body, created_at, login,author_association,is_pr))
comments_get.py:94: Warning: (1366L, u"Incorrect string value: '\\xE5\\xBA\\x94\\xE8\\xAF\\xA5...' for column 'body' at row 1")
  cur.execute(insert_sql % (repo_id, number, comment_id,body, created_at, login,author_association,is_pr))
comments_get.py:94: Warning: (1366L, u"Incorrect string value: '\\xE4\\xB9\\x9F\\xE5\\x8F\\xAF...' for column 'body' at row 1")
  cur.execute(insert_sql % (repo_id, number, comment_id,body, created_at, login,author_association,is_pr))
comments_get.py:94: Warning: (1366L, u"Incorrect string value: '\\xE7\\x8E\\xB0\\xE5\\x9C\\xA8...' for column 'body' at row 1")
  cur.execute(insert_sql % (repo_id, number, comment_id,body, created_at, login,author_association,is_pr))
comments_get.py:94: Warning: (1366L, u"Incorrect string value: '\\xF0\\x9F\\x98\\x9E ' for column 'body' at row 1")
  cur.execute(insert_sql % (repo_id, number, comment_id,body, created_at, login,author_association,is_pr))
comments_get.py:94: Warning: (1366L, u"Incorrect string value: '\\xE7\\x9C\\x8B\\xE7\\x9C\\x8B...' for column 'body' at row 1")
  cur.execute(insert_sql % (repo_id, number, comment_id,body, created_at, login,author_association,is_pr))
comments_get.py:94: Warning: (1366L, u"Incorrect string value: '\\xE6\\x88\\x91\\xE7\\x9C\\x8B...' for column 'body' at row 1")
  cur.execute(insert_sql % (repo_id, number, comment_id,body, created_at, login,author_association,is_pr))
comments_get.py:94: Warning: (1366L, u"Incorrect string value: '\\xE7\\x9A\\x84\\xE7\\xA1\\xAE...' for column 'body' at row 1")
  cur.execute(insert_sql % (repo_id, number, comment_id,body, created_at, login,author_association,is_pr))
comments_get.py:94: Warning: (1366L, u"Incorrect string value: '\\xE4\\xB8\\x8B\\xE5\\x91\\xA8...' for column 'body' at row 1")
  cur.execute(insert_sql % (repo_id, number, comment_id,body, created_at, login,author_association,is_pr))
comments_get.py:94: Warning: (1366L, u"Incorrect string value: '\\xE9\\x87\\x8C\\xE7\\x9A\\x84...' for column 'body' at row 1")
  cur.execute(insert_sql % (repo_id, number, comment_id,body, created_at, login,author_association,is_pr))
comments_get.py:94: Warning: (1366L, u"Incorrect string value: '\\xE2\\x9E\\x9C ba...' for column 'body' at row 1")
  cur.execute(insert_sql % (repo_id, number, comment_id,body, created_at, login,author_association,is_pr))
comments_get.py:94: Warning: (1366L, u"Incorrect string value: '\\xF0\\x9F\\x92\\xA5 \\x0A...' for column 'body' at row 1")
  cur.execute(insert_sql % (repo_id, number, comment_id,body, created_at, login,author_association,is_pr))
comments_get.py:94: Warning: (1366L, u"Incorrect string value: '\\xF0\\x9F\\x98\\x84)....' for column 'body' at row 1")
  cur.execute(insert_sql % (repo_id, number, comment_id,body, created_at, login,author_association,is_pr))
comments_get.py:94: Warning: (1366L, u"Incorrect string value: '\\xE5\\x8F\\xAF\\xE5\\x90\\xA6...' for column 'body' at row 1")
  cur.execute(insert_sql % (repo_id, number, comment_id,body, created_at, login,author_association,is_pr))
comments_get.py:94: Warning: (1366L, u"Incorrect string value: '\\xE2\\x94\\x94\\xE2\\x94\\x80...' for column 'body' at row 1")
  cur.execute(insert_sql % (repo_id, number, comment_id,body, created_at, login,author_association,is_pr))
comments_get.py:94: Warning: (1062L, u"Duplicate entry '141758796' for key 'PRIMARY'")
  cur.execute(insert_sql % (repo_id, number, comment_id,body, created_at, login,author_association,is_pr))
comments_get.py:94: Warning: (1366L, u"Incorrect string value: '\\xF0\\x9F\\x91\\x8D!\\x0D...' for column 'body' at row 1")
  cur.execute(insert_sql % (repo_id, number, comment_id,body, created_at, login,author_association,is_pr))
comments_get.py:94: Warning: (1366L, u"Incorrect string value: '\\xF0\\x9F\\x91\\x8D\\x0D\\x0A...' for column 'body' at row 1")
  cur.execute(insert_sql % (repo_id, number, comment_id,body, created_at, login,author_association,is_pr))
comments_get.py:94: Warning: (1366L, u"Incorrect string value: '\\xF0\\x9F\\x91\\x8D.\\x0D...' for column 'body' at row 1")
  cur.execute(insert_sql % (repo_id, number, comment_id,body, created_at, login,author_association,is_pr))
comments_get.py:94: Warning: (1366L, u"Incorrect string value: '\\xF0\\x9F\\x91\\x8D. ...' for column 'body' at row 1")
  cur.execute(insert_sql % (repo_id, number, comment_id,body, created_at, login,author_association,is_pr))
comments_get.py:94: Warning: (1366L, u"Incorrect string value: '\\xE8\\xBF\\x87\\xE4\\xBA\\x86...' for column 'body' at row 1")
  cur.execute(insert_sql % (repo_id, number, comment_id,body, created_at, login,author_association,is_pr))
comments_get.py:94: Warning: (1366L, u"Incorrect string value: '\\xE7\\x95\\xA5\\xE5\\xA5\\xBD...' for column 'body' at row 1")
  cur.execute(insert_sql % (repo_id, number, comment_id,body, created_at, login,author_association,is_pr))
comments_get.py:94: Warning: (1366L, u"Incorrect string value: '\\xE4\\xB8\\x80\\xE6\\x97\\xB6...' for column 'body' at row 1")
  cur.execute(insert_sql % (repo_id, number, comment_id,body, created_at, login,author_association,is_pr))
comments_get.py:94: Warning: (1366L, u"Incorrect string value: '\\xE6\\x9C\\x80\\xE5\\xA5\\xBD...' for column 'body' at row 1")
  cur.execute(insert_sql % (repo_id, number, comment_id,body, created_at, login,author_association,is_pr))
comments_get.py:94: Warning: (1366L, u"Incorrect string value: '\\xE5\\xB1\\x9E\\xE6\\x80\\xA7...' for column 'body' at row 1")
  cur.execute(insert_sql % (repo_id, number, comment_id,body, created_at, login,author_association,is_pr))
comments_get.py:94: Warning: (1366L, u"Incorrect string value: '\\xE4\\xB9\\x8B\\xE5\\x89\\x8D...' for column 'body' at row 1")
  cur.execute(insert_sql % (repo_id, number, comment_id,body, created_at, login,author_association,is_pr))
comments_get.py:94: Warning: (1366L, u"Incorrect string value: '\\xE5\\x9C\\xA8 An...' for column 'body' at row 1")
  cur.execute(insert_sql % (repo_id, number, comment_id,body, created_at, login,author_association,is_pr))
comments_get.py:94: Warning: (1366L, u"Incorrect string value: '\\xE5\\xA5\\xBD\\xEF\\xBC\\x8C...' for column 'body' at row 1")
  cur.execute(insert_sql % (repo_id, number, comment_id,body, created_at, login,author_association,is_pr))
comments_get.py:94: Warning: (1366L, u"Incorrect string value: '\\xE5\\xBD\\x93\\xE6\\x8C\\x89...' for column 'body' at row 1")
  cur.execute(insert_sql % (repo_id, number, comment_id,body, created_at, login,author_association,is_pr))
comments_get.py:94: Warning: (1366L, u"Incorrect string value: '\\xE7\\xB1\\xBB\\xE5\\x9E\\x8B...' for column 'body' at row 1")
  cur.execute(insert_sql % (repo_id, number, comment_id,body, created_at, login,author_association,is_pr))
comments_get.py:94: Warning: (1366L, u"Incorrect string value: '\\xE3\\x80\\x82\\x0ADo...' for column 'body' at row 1")
  cur.execute(insert_sql % (repo_id, number, comment_id,body, created_at, login,author_association,is_pr))
comments_get.py:94: Warning: (1366L, u"Incorrect string value: '\\xF0\\x9F\\x91\\x8D.\\x0A...' for column 'body' at row 1")
  cur.execute(insert_sql % (repo_id, number, comment_id,body, created_at, login,author_association,is_pr))
comments_get.py:94: Warning: (1366L, u"Incorrect string value: '\\xE6\\xB2\\xA1\\xE5\\xA4\\xAA...' for column 'body' at row 1")
  cur.execute(insert_sql % (repo_id, number, comment_id,body, created_at, login,author_association,is_pr))
comments_get.py:94: Warning: (1366L, u"Incorrect string value: '\\xE2\\x97\\x8F ne...' for column 'body' at row 1")
  cur.execute(insert_sql % (repo_id, number, comment_id,body, created_at, login,author_association,is_pr))
comments_get.py:94: Warning: (1366L, u"Incorrect string value: '\\xF0\\x9F\\x90\\x9B s...' for column 'body' at row 1")
  cur.execute(insert_sql % (repo_id, number, comment_id,body, created_at, login,author_association,is_pr))
comments_get.py:94: Warning: (1366L, u"Incorrect string value: '\\xF0\\x9F\\xA4\\x98\\xF0\\x9F...' for column 'body' at row 1")
  cur.execute(insert_sql % (repo_id, number, comment_id,body, created_at, login,author_association,is_pr))
comments_get.py:94: Warning: (1366L, u"Incorrect string value: '\\xE6\\xB2\\xA1\\xE5\\x8F\\x91...' for column 'body' at row 1")
  cur.execute(insert_sql % (repo_id, number, comment_id,body, created_at, login,author_association,is_pr))
comments_get.py:94: Warning: (1366L, u"Incorrect string value: '\\xE6\\xAD\\xA3\\xE5\\xB8\\xB8...' for column 'body' at row 1")
  cur.execute(insert_sql % (repo_id, number, comment_id,body, created_at, login,author_association,is_pr))
comments_get.py:94: Warning: (1366L, u"Incorrect string value: '\\xE6\\x88\\x91\\xE4\\xBB\\xAC...' for column 'body' at row 1")
  cur.execute(insert_sql % (repo_id, number, comment_id,body, created_at, login,author_association,is_pr))
comments_get.py:94: Warning: (1366L, u"Incorrect string value: '\\xE4\\xBD\\xA0\\xE8\\xAF\\x95...' for column 'body' at row 1")
  cur.execute(insert_sql % (repo_id, number, comment_id,body, created_at, login,author_association,is_pr))
comments_get.py:94: Warning: (1366L, u"Incorrect string value: '\\xE4\\xB8\\xAA\\xE4\\xBA\\xBA...' for column 'body' at row 1")
  cur.execute(insert_sql % (repo_id, number, comment_id,body, created_at, login,author_association,is_pr))
comments_get.py:94: Warning: (1366L, u"Incorrect string value: '\\xE5\\x8C\\x85\\xE8\\xA2\\xB1...' for column 'body' at row 1")
  cur.execute(insert_sql % (repo_id, number, comment_id,body, created_at, login,author_association,is_pr))
comments_get.py:94: Warning: (1366L, u"Incorrect string value: '\\xE6\\xAD\\xA4\\xE6\\xA0\\x87...' for column 'body' at row 1")
  cur.execute(insert_sql % (repo_id, number, comment_id,body, created_at, login,author_association,is_pr))
comments_get.py:94: Warning: (1366L, u"Incorrect string value: '\\xE7\\x9A\\x84\\xE5\\x8A\\xA8...' for column 'body' at row 1")
  cur.execute(insert_sql % (repo_id, number, comment_id,body, created_at, login,author_association,is_pr))
comments_get.py:94: Warning: (1366L, u"Incorrect string value: '\\xE5\\x92\\x8CC#\\xE5...' for column 'body' at row 1")
  cur.execute(insert_sql % (repo_id, number, comment_id,body, created_at, login,author_association,is_pr))
comments_get.py:94: Warning: (1366L, u"Incorrect string value: '\\xE5\\x8F\\xA6\\xE4\\xB8\\x80...' for column 'body' at row 1")
  cur.execute(insert_sql % (repo_id, number, comment_id,body, created_at, login,author_association,is_pr))
comments_get.py:94: Warning: (1366L, u"Incorrect string value: '\\xE2\\x86\\x92 Ex...' for column 'body' at row 1")
  cur.execute(insert_sql % (repo_id, number, comment_id,body, created_at, login,author_association,is_pr))
comments_get.py:94: Warning: (1366L, u"Incorrect string value: '\\xE5\\x8F\\x96\\xE6\\xB6\\x88...' for column 'body' at row 1")
  cur.execute(insert_sql % (repo_id, number, comment_id,body, created_at, login,author_association,is_pr))
comments_get.py:94: Warning: (1366L, u"Incorrect string value: '\\xF0\\x9F\\x98\\xA6 \\x0A...' for column 'body' at row 1")
  cur.execute(insert_sql % (repo_id, number, comment_id,body, created_at, login,author_association,is_pr))
comments_get.py:94: Warning: (1366L, u"Incorrect string value: '\\xE6\\x9C\\xAC\\xE6\\x9D\\xA5...' for column 'body' at row 1")
  cur.execute(insert_sql % (repo_id, number, comment_id,body, created_at, login,author_association,is_pr))
comments_get.py:94: Warning: (1366L, u"Incorrect string value: '\\xE4\\xB8\\x8D\\xE8\\xAE\\xA4...' for column 'body' at row 1")
  cur.execute(insert_sql % (repo_id, number, comment_id,body, created_at, login,author_association,is_pr))
comments_get.py:94: Warning: (1366L, u"Incorrect string value: '\\xE4\\xBB\\xA5\\xE4\\xB8\\x8B...' for column 'body' at row 1")
  cur.execute(insert_sql % (repo_id, number, comment_id,body, created_at, login,author_association,is_pr))
comments_get.py:94: Warning: (1366L, u"Incorrect string value: '\\xE5\\xB0\\x9D\\xE8\\xAF\\x95...' for column 'body' at row 1")
  cur.execute(insert_sql % (repo_id, number, comment_id,body, created_at, login,author_association,is_pr))
comments_get.py:94: Warning: (1366L, u"Incorrect string value: '\\xE7\\x94\\xA8\\xE6\\xB3\\x95...' for column 'body' at row 1")
  cur.execute(insert_sql % (repo_id, number, comment_id,body, created_at, login,author_association,is_pr))
comments_get.py:94: Warning: (1366L, u"Incorrect string value: '\\xE6\\x82\\xA8\\xE5\\xA5\\xBD...' for column 'body' at row 1")
  cur.execute(insert_sql % (repo_id, number, comment_id,body, created_at, login,author_association,is_pr))
comments_get.py:94: Warning: (1366L, u"Incorrect string value: '\\xE9\\x82\\xA3\\xE6\\x88\\x91...' for column 'body' at row 1")
  cur.execute(insert_sql % (repo_id, number, comment_id,body, created_at, login,author_association,is_pr))
comments_get.py:94: Warning: (1366L, u"Incorrect string value: '\\xE6\\x88\\x91\\xE4\\xB8\\x8D...' for column 'body' at row 1")
  cur.execute(insert_sql % (repo_id, number, comment_id,body, created_at, login,author_association,is_pr))
comments_get.py:94: Warning: (1366L, u"Incorrect string value: '\\xE5\\x87\\xBA\\xE4\\xBA\\x86...' for column 'body' at row 1")
  cur.execute(insert_sql % (repo_id, number, comment_id,body, created_at, login,author_association,is_pr))
comments_get.py:94: Warning: (1366L, u"Incorrect string value: '\\xE6\\xB1\\x82\\xE5\\x8A\\xA9...' for column 'body' at row 1")
  cur.execute(insert_sql % (repo_id, number, comment_id,body, created_at, login,author_association,is_pr))
comments_get.py:94: Warning: (1366L, u"Incorrect string value: '\\xE5\\xB7\\xB2\\xE7\\xBB\\x8F...' for column 'body' at row 1")
  cur.execute(insert_sql % (repo_id, number, comment_id,body, created_at, login,author_association,is_pr))
comments_get.py:94: Warning: (1366L, u"Incorrect string value: '\\xE5\\xA4\\x9A\\xE8\\xA1\\xA8...' for column 'body' at row 1")
  cur.execute(insert_sql % (repo_id, number, comment_id,body, created_at, login,author_association,is_pr))
comments_get.py:94: Warning: (1366L, u"Incorrect string value: '\\xE8\\xBF\\x98\\xE9\\x9C\\x80...' for column 'body' at row 1")
  cur.execute(insert_sql % (repo_id, number, comment_id,body, created_at, login,author_association,is_pr))
comments_get.py:94: Warning: (1366L, u"Incorrect string value: '\\xF0\\x9F\\x98\\x84\\x0A\\x0A...' for column 'body' at row 1")
  cur.execute(insert_sql % (repo_id, number, comment_id,body, created_at, login,author_association,is_pr))
comments_get.py:94: Warning: (1366L, u"Incorrect string value: '\\xF0\\x9F\\x98\\x83 \\x0A' for column 'body' at row 1")
  cur.execute(insert_sql % (repo_id, number, comment_id,body, created_at, login,author_association,is_pr))
comments_get.py:94: Warning: (1366L, u"Incorrect string value: '\\xE2\\x97\\x8F Te...' for column 'body' at row 1")
  cur.execute(insert_sql % (repo_id, number, comment_id,body, created_at, login,author_association,is_pr))
comments_get.py:94: Warning: (1366L, u"Incorrect string value: '\\xF0\\x9F\\x98\\x89 T...' for column 'body' at row 1")
  cur.execute(insert_sql % (repo_id, number, comment_id,body, created_at, login,author_association,is_pr))
comments_get.py:94: Warning: (1366L, u"Incorrect string value: '\\xE7\\xA6\\x81\\xE7\\x94\\xA8...' for column 'body' at row 1")
  cur.execute(insert_sql % (repo_id, number, comment_id,body, created_at, login,author_association,is_pr))
comments_get.py:94: Warning: (1366L, u"Incorrect string value: '\\xF0\\x9F\\x91\\x8D o...' for column 'body' at row 1")
  cur.execute(insert_sql % (repo_id, number, comment_id,body, created_at, login,author_association,is_pr))
comments_get.py:94: Warning: (1366L, u"Incorrect string value: '\\xE2\\x80\\x8E5/\\xE2...' for column 'body' at row 1")
  cur.execute(insert_sql % (repo_id, number, comment_id,body, created_at, login,author_association,is_pr))
comments_get.py:94: Warning: (1366L, u"Incorrect string value: '\\xF0\\x9F\\x8E\\x86 \\x0A...' for column 'body' at row 1")
  cur.execute(insert_sql % (repo_id, number, comment_id,body, created_at, login,author_association,is_pr))
comments_get.py:94: Warning: (1366L, u"Incorrect string value: '\\xD0\\x9F\\xD0\\xBE \\xD0...' for column 'body' at row 1")
  cur.execute(insert_sql % (repo_id, number, comment_id,body, created_at, login,author_association,is_pr))
comments_get.py:94: Warning: (1366L, u"Incorrect string value: '\\xD0\\xA1\\xD0\\xB5\\xD0\\xB9...' for column 'body' at row 1")
  cur.execute(insert_sql % (repo_id, number, comment_id,body, created_at, login,author_association,is_pr))
