comments_get.py:94: Warning: (1366L, u"Incorrect string value: '\\xCE\\x94 | |...' for column 'body' at row 1")
  cur.execute(insert_sql % (repo_id, number, comment_id,body, created_at, login,author_association,is_pr))
comments_get.py:94: Warning: (1265L, u"Data truncated for column 'created_at' at row 1")
  cur.execute(insert_sql % (repo_id, number, comment_id,body, created_at, login,author_association,is_pr))
comments_get.py:94: Warning: (1366L, u"Incorrect string value: '\\xF0\\x9F\\x91\\x8D ' for column 'body' at row 1")
  cur.execute(insert_sql % (repo_id, number, comment_id,body, created_at, login,author_association,is_pr))
comments_get.py:94: Warning: (1366L, u"Incorrect string value: '\\xF0\\x9F\\x98\\x85\\x0AT...' for column 'body' at row 1")
  cur.execute(insert_sql % (repo_id, number, comment_id,body, created_at, login,author_association,is_pr))
comments_get.py:94: Warning: (1366L, u"Incorrect string value: '\\xE2\\x80\\x82[<i...' for column 'body' at row 1")
  cur.execute(insert_sql % (repo_id, number, comment_id,body, created_at, login,author_association,is_pr))
comments_get.py:94: Warning: (1366L, u"Incorrect string value: '\\xF0\\x9F\\x92\\xAF \\x0A' for column 'body' at row 1")
  cur.execute(insert_sql % (repo_id, number, comment_id,body, created_at, login,author_association,is_pr))
comments_get.py:94: Warning: (1366L, u"Incorrect string value: '\\xD0\\xA1\\xD0\\xB5\\xD0\\xBC...' for column 'body' at row 1")
  cur.execute(insert_sql % (repo_id, number, comment_id,body, created_at, login,author_association,is_pr))
comments_get.py:94: Warning: (1366L, u"Incorrect string value: '\\xE6\\xB2\\xA1\\xE6\\x9C\\x89...' for column 'body' at row 1")
  cur.execute(insert_sql % (repo_id, number, comment_id,body, created_at, login,author_association,is_pr))
comments_get.py:94: Warning: (1366L, u"Incorrect string value: '\\xE2\\x97\\x8B yo...' for column 'body' at row 1")
  cur.execute(insert_sql % (repo_id, number, comment_id,body, created_at, login,author_association,is_pr))
comments_get.py:94: Warning: (1366L, u"Incorrect string value: '\\xF0\\x9F\\x91\\x8D\\x0A' for column 'body' at row 1")
  cur.execute(insert_sql % (repo_id, number, comment_id,body, created_at, login,author_association,is_pr))
comments_get.py:94: Warning: (1366L, u"Incorrect string value: '\\xF0\\x9F\\x91\\x8D \\x0A' for column 'body' at row 1")
  cur.execute(insert_sql % (repo_id, number, comment_id,body, created_at, login,author_association,is_pr))
comments_get.py:94: Warning: (1366L, u"Incorrect string value: '\\xF0\\x9F\\x98\\x89 W...' for column 'body' at row 1")
  cur.execute(insert_sql % (repo_id, number, comment_id,body, created_at, login,author_association,is_pr))
comments_get.py:94: Warning: (1366L, u"Incorrect string value: '\\xE2\\x80\\x8EThu...' for column 'body' at row 1")
  cur.execute(insert_sql % (repo_id, number, comment_id,body, created_at, login,author_association,is_pr))
comments_get.py:94: Warning: (1366L, u"Incorrect string value: '\\xF0\\x9F\\x98\\x9B\\x0A' for column 'body' at row 1")
  cur.execute(insert_sql % (repo_id, number, comment_id,body, created_at, login,author_association,is_pr))
comments_get.py:94: Warning: (1366L, u"Incorrect string value: '\\xCE\\xBB ech...' for column 'body' at row 1")
  cur.execute(insert_sql % (repo_id, number, comment_id,body, created_at, login,author_association,is_pr))
comments_get.py:94: Warning: (1366L, u"Incorrect string value: '\\xF0\\x9F\\xA4\\x94 t...' for column 'body' at row 1")
  cur.execute(insert_sql % (repo_id, number, comment_id,body, created_at, login,author_association,is_pr))
comments_get.py:94: Warning: (1366L, u"Incorrect string value: '\\xF0\\x9F\\x91\\x8D ....' for column 'body' at row 1")
  cur.execute(insert_sql % (repo_id, number, comment_id,body, created_at, login,author_association,is_pr))
comments_get.py:94: Warning: (1366L, u"Incorrect string value: '\\xEF\\xBC\\x8Ctha...' for column 'body' at row 1")
  cur.execute(insert_sql % (repo_id, number, comment_id,body, created_at, login,author_association,is_pr))
comments_get.py:94: Warning: (1366L, u"Incorrect string value: '\\xE4\\xB8\\xBA\\xE4\\xBA\\x86...' for column 'body' at row 1")
  cur.execute(insert_sql % (repo_id, number, comment_id,body, created_at, login,author_association,is_pr))
comments_get.py:94: Warning: (1366L, u"Incorrect string value: '\\xF0\\x9F\\x98\\x95 \\x0A' for column 'body' at row 1")
  cur.execute(insert_sql % (repo_id, number, comment_id,body, created_at, login,author_association,is_pr))
comments_get.py:94: Warning: (1366L, u"Incorrect string value: '\\xF0\\x9F\\x98\\x82 I...' for column 'body' at row 1")
  cur.execute(insert_sql % (repo_id, number, comment_id,body, created_at, login,author_association,is_pr))
comments_get.py:94: Warning: (1366L, u"Incorrect string value: '\\xE8\\xA6\\x86\\xE7\\x9B\\x96...' for column 'body' at row 1")
  cur.execute(insert_sql % (repo_id, number, comment_id,body, created_at, login,author_association,is_pr))
comments_get.py:94: Warning: (1366L, u"Incorrect string value: '\\xD0\\xBF\\xD0\\xBE\\xD1\\x81...' for column 'body' at row 1")
  cur.execute(insert_sql % (repo_id, number, comment_id,body, created_at, login,author_association,is_pr))
comments_get.py:94: Warning: (1366L, u"Incorrect string value: '\\xF0\\x9F\\x91\\x8D i...' for column 'body' at row 1")
  cur.execute(insert_sql % (repo_id, number, comment_id,body, created_at, login,author_association,is_pr))
comments_get.py:94: Warning: (1366L, u"Incorrect string value: '\\xE6\\x9C\\xAC\\xE5\\x9C\\xB0...' for column 'body' at row 1")
  cur.execute(insert_sql % (repo_id, number, comment_id,body, created_at, login,author_association,is_pr))
comments_get.py:94: Warning: (1366L, u"Incorrect string value: '\\xF0\\x9F\\x98\\x84 ' for column 'body' at row 1")
  cur.execute(insert_sql % (repo_id, number, comment_id,body, created_at, login,author_association,is_pr))
comments_get.py:94: Warning: (1366L, u"Incorrect string value: '\\xF0\\x9F\\x98\\x84 ....' for column 'body' at row 1")
  cur.execute(insert_sql % (repo_id, number, comment_id,body, created_at, login,author_association,is_pr))
comments_get.py:94: Warning: (1366L, u"Incorrect string value: '\\xF0\\x9F\\x98\\x8E\\xF0\\x9F...' for column 'body' at row 1")
  cur.execute(insert_sql % (repo_id, number, comment_id,body, created_at, login,author_association,is_pr))
comments_get.py:94: Warning: (1366L, u"Incorrect string value: '\\xF0\\x9F\\x91\\x8D. ...' for column 'body' at row 1")
  cur.execute(insert_sql % (repo_id, number, comment_id,body, created_at, login,author_association,is_pr))
comments_get.py:94: Warning: (1366L, u"Incorrect string value: '\\xF0\\x9F\\x98\\x89 \\x0D...' for column 'body' at row 1")
  cur.execute(insert_sql % (repo_id, number, comment_id,body, created_at, login,author_association,is_pr))
comments_get.py:94: Warning: (1366L, u"Incorrect string value: '\\xF0\\x9F\\x91\\x8D' for column 'body' at row 1")
  cur.execute(insert_sql % (repo_id, number, comment_id,body, created_at, login,author_association,is_pr))
comments_get.py:94: Warning: (1366L, u"Incorrect string value: '\\xE8\\xBF\\x99\\xE4\\xB8\\xAA...' for column 'body' at row 1")
  cur.execute(insert_sql % (repo_id, number, comment_id,body, created_at, login,author_association,is_pr))
comments_get.py:94: Warning: (1366L, u"Incorrect string value: '\\xE5\\xA6\\x82\\xE6\\x9E\\x9C...' for column 'body' at row 1")
  cur.execute(insert_sql % (repo_id, number, comment_id,body, created_at, login,author_association,is_pr))
comments_get.py:94: Warning: (1366L, u"Incorrect string value: '\\xE4\\xB8\\x8D\\xE8\\xBF\\x87...' for column 'body' at row 1")
  cur.execute(insert_sql % (repo_id, number, comment_id,body, created_at, login,author_association,is_pr))
comments_get.py:94: Warning: (1366L, u"Incorrect string value: '\\xE6\\x88\\x91\\xE5\\x80\\x92...' for column 'body' at row 1")
  cur.execute(insert_sql % (repo_id, number, comment_id,body, created_at, login,author_association,is_pr))
comments_get.py:94: Warning: (1366L, u"Incorrect string value: '\\xE6\\xB2\\xA1\\xE5\\xBF\\x85...' for column 'body' at row 1")
  cur.execute(insert_sql % (repo_id, number, comment_id,body, created_at, login,author_association,is_pr))
comments_get.py:94: Warning: (1366L, u"Incorrect string value: '\\xE5\\xA4\\xB1\\xE5\\x8E\\xBB...' for column 'body' at row 1")
  cur.execute(insert_sql % (repo_id, number, comment_id,body, created_at, login,author_association,is_pr))
comments_get.py:94: Warning: (1366L, u"Incorrect string value: '\\xE4\\xBD\\xBF\\xE7\\x94\\xA8...' for column 'body' at row 1")
  cur.execute(insert_sql % (repo_id, number, comment_id,body, created_at, login,author_association,is_pr))
comments_get.py:94: Warning: (1366L, u"Incorrect string value: '\\xE4\\xB8\\xAD\\xE5\\x9B\\xBD...' for column 'body' at row 1")
  cur.execute(insert_sql % (repo_id, number, comment_id,body, created_at, login,author_association,is_pr))
comments_get.py:94: Warning: (1366L, u"Incorrect string value: '\\xE8\\xBF\\x99\\xE5\\xB0\\xB1...' for column 'body' at row 1")
  cur.execute(insert_sql % (repo_id, number, comment_id,body, created_at, login,author_association,is_pr))
comments_get.py:94: Warning: (1366L, u"Incorrect string value: '\\xE5\\x90\\x8C\\xE9\\x81\\x87...' for column 'body' at row 1")
  cur.execute(insert_sql % (repo_id, number, comment_id,body, created_at, login,author_association,is_pr))
comments_get.py:94: Warning: (1366L, u"Incorrect string value: '\\xE5\\xA4\\xAA\\xE5\\xA4\\xA7...' for column 'body' at row 1")
  cur.execute(insert_sql % (repo_id, number, comment_id,body, created_at, login,author_association,is_pr))
comments_get.py:94: Warning: (1366L, u"Incorrect string value: '\\xE2\\x9C\\xA8 \\x0D\\x0A...' for column 'body' at row 1")
  cur.execute(insert_sql % (repo_id, number, comment_id,body, created_at, login,author_association,is_pr))
comments_get.py:94: Warning: (1366L, u"Incorrect string value: '\\xE6\\x89\\x80\\xE4\\xBB\\xA5...' for column 'body' at row 1")
  cur.execute(insert_sql % (repo_id, number, comment_id,body, created_at, login,author_association,is_pr))
comments_get.py:94: Warning: (1366L, u"Incorrect string value: '\\xE6\\x88\\x91\\xE8\\xAF\\x95...' for column 'body' at row 1")
  cur.execute(insert_sql % (repo_id, number, comment_id,body, created_at, login,author_association,is_pr))
comments_get.py:94: Warning: (1366L, u"Incorrect string value: '\\xE5\\x9B\\xA0\\xE4\\xB8\\xBA...' for column 'body' at row 1")
  cur.execute(insert_sql % (repo_id, number, comment_id,body, created_at, login,author_association,is_pr))
comments_get.py:94: Warning: (1366L, u"Incorrect string value: '\\xF0\\x9F\\x91\\x8F\\x0A' for column 'body' at row 1")
  cur.execute(insert_sql % (repo_id, number, comment_id,body, created_at, login,author_association,is_pr))
comments_get.py:94: Warning: (1366L, u"Incorrect string value: '\\xF0\\x9F\\x98\\xAD \\x0D...' for column 'body' at row 1")
  cur.execute(insert_sql % (repo_id, number, comment_id,body, created_at, login,author_association,is_pr))
comments_get.py:94: Warning: (1366L, u"Incorrect string value: '\\xE2\\x9A\\xA0 Th...' for column 'body' at row 1")
  cur.execute(insert_sql % (repo_id, number, comment_id,body, created_at, login,author_association,is_pr))
comments_get.py:94: Warning: (1366L, u"Incorrect string value: '\\xF0\\x9F\\x98\\x84 \\x0D...' for column 'body' at row 1")
  cur.execute(insert_sql % (repo_id, number, comment_id,body, created_at, login,author_association,is_pr))
comments_get.py:94: Warning: (1366L, u"Incorrect string value: '\\xF0\\x9F\\x98\\x85' for column 'body' at row 1")
  cur.execute(insert_sql % (repo_id, number, comment_id,body, created_at, login,author_association,is_pr))
comments_get.py:94: Warning: (1366L, u"Incorrect string value: '\\xF0\\x9F\\x8E\\x89 \\x0D...' for column 'body' at row 1")
  cur.execute(insert_sql % (repo_id, number, comment_id,body, created_at, login,author_association,is_pr))
comments_get.py:94: Warning: (1366L, u"Incorrect string value: '\\xE2\\x9C\\x93\\x0D\\x0AD...' for column 'body' at row 1")
  cur.execute(insert_sql % (repo_id, number, comment_id,body, created_at, login,author_association,is_pr))
comments_get.py:94: Warning: (1366L, u"Incorrect string value: '\\xF0\\x9F\\x92\\xAF ....' for column 'body' at row 1")
  cur.execute(insert_sql % (repo_id, number, comment_id,body, created_at, login,author_association,is_pr))
comments_get.py:94: Warning: (1366L, u"Incorrect string value: '\\xF0\\x9F\\x98\\x84 T...' for column 'body' at row 1")
  cur.execute(insert_sql % (repo_id, number, comment_id,body, created_at, login,author_association,is_pr))
comments_get.py:94: Warning: (1366L, u"Incorrect string value: '\\xF0\\x9F\\x8E\\x89' for column 'body' at row 1")
  cur.execute(insert_sql % (repo_id, number, comment_id,body, created_at, login,author_association,is_pr))
comments_get.py:94: Warning: (1366L, u"Incorrect string value: '\\xF0\\x9F\\x98\\x89 g...' for column 'body' at row 1")
  cur.execute(insert_sql % (repo_id, number, comment_id,body, created_at, login,author_association,is_pr))
comments_get.py:94: Warning: (1366L, u"Incorrect string value: '\\xF0\\x9F\\x92\\xAF \\x0D...' for column 'body' at row 1")
  cur.execute(insert_sql % (repo_id, number, comment_id,body, created_at, login,author_association,is_pr))
comments_get.py:94: Warning: (1366L, u"Incorrect string value: '\\xF0\\x9F\\x98\\x87 ' for column 'body' at row 1")
  cur.execute(insert_sql % (repo_id, number, comment_id,body, created_at, login,author_association,is_pr))
comments_get.py:94: Warning: (1366L, u"Incorrect string value: '\\xEF\\xBC\\x9A\\x0A[r...' for column 'body' at row 1")
  cur.execute(insert_sql % (repo_id, number, comment_id,body, created_at, login,author_association,is_pr))
comments_get.py:94: Warning: (1366L, u"Incorrect string value: '\\xE5\\x8F\\xAF\\xE4\\xBB\\xA5...' for column 'body' at row 1")
  cur.execute(insert_sql % (repo_id, number, comment_id,body, created_at, login,author_association,is_pr))
comments_get.py:94: Warning: (1366L, u"Incorrect string value: '\\xF0\\x9F\\x99\\x89 T...' for column 'body' at row 1")
  cur.execute(insert_sql % (repo_id, number, comment_id,body, created_at, login,author_association,is_pr))
comments_get.py:94: Warning: (1366L, u"Incorrect string value: '\\xE5\\x8F\\x82\\xE7\\x85\\xA7...' for column 'body' at row 1")
  cur.execute(insert_sql % (repo_id, number, comment_id,body, created_at, login,author_association,is_pr))
comments_get.py:94: Warning: (1366L, u"Incorrect string value: '\\xF0\\x9F\\x98\\x89)\\x0A' for column 'body' at row 1")
  cur.execute(insert_sql % (repo_id, number, comment_id,body, created_at, login,author_association,is_pr))
comments_get.py:94: Warning: (1366L, u"Incorrect string value: '\\xEF\\xBC\\x8Cwhe...' for column 'body' at row 1")
  cur.execute(insert_sql % (repo_id, number, comment_id,body, created_at, login,author_association,is_pr))
comments_get.py:94: Warning: (1366L, u"Incorrect string value: '\\xF0\\x9F\\x98\\x84 \\x0A' for column 'body' at row 1")
  cur.execute(insert_sql % (repo_id, number, comment_id,body, created_at, login,author_association,is_pr))
comments_get.py:94: Warning: (1366L, u"Incorrect string value: '\\xF0\\x9F\\x91\\x8E \\x0A' for column 'body' at row 1")
  cur.execute(insert_sql % (repo_id, number, comment_id,body, created_at, login,author_association,is_pr))
comments_get.py:94: Warning: (1366L, u"Incorrect string value: '\\xF0\\x9F\\x98\\x85  ...' for column 'body' at row 1")
  cur.execute(insert_sql % (repo_id, number, comment_id,body, created_at, login,author_association,is_pr))
comments_get.py:94: Warning: (1366L, u"Incorrect string value: '\\xCD\\xA1\\xC2\\xB0, ...' for column 'body' at row 1")
  cur.execute(insert_sql % (repo_id, number, comment_id,body, created_at, login,author_association,is_pr))
comments_get.py:94: Warning: (1366L, u"Incorrect string value: '\\xF0\\x9F\\x91\\x8D \\x0D...' for column 'body' at row 1")
  cur.execute(insert_sql % (repo_id, number, comment_id,body, created_at, login,author_association,is_pr))
comments_get.py:94: Warning: (1366L, u"Incorrect string value: '\\xF0\\x9F\\x91\\x8F f...' for column 'body' at row 1")
  cur.execute(insert_sql % (repo_id, number, comment_id,body, created_at, login,author_association,is_pr))
comments_get.py:94: Warning: (1366L, u"Incorrect string value: '\\xF0\\x9F\\x91\\x8D a...' for column 'body' at row 1")
  cur.execute(insert_sql % (repo_id, number, comment_id,body, created_at, login,author_association,is_pr))
comments_get.py:94: Warning: (1366L, u"Incorrect string value: '\\xF0\\x9F\\x91\\x8D  ...' for column 'body' at row 1")
  cur.execute(insert_sql % (repo_id, number, comment_id,body, created_at, login,author_association,is_pr))
comments_get.py:94: Warning: (1366L, u"Incorrect string value: '\\xF0\\x9F\\x98\\x84\\x0D\\x0A...' for column 'body' at row 1")
  cur.execute(insert_sql % (repo_id, number, comment_id,body, created_at, login,author_association,is_pr))
comments_get.py:94: Warning: (1366L, u"Incorrect string value: '\\xF0\\x9F\\x98\\x80 \\x0A' for column 'body' at row 1")
  cur.execute(insert_sql % (repo_id, number, comment_id,body, created_at, login,author_association,is_pr))
comments_get.py:94: Warning: (1366L, u"Incorrect string value: '\\xD0\\xA2\\xD0\\xB0\\xD0\\xBA...' for column 'body' at row 1")
  cur.execute(insert_sql % (repo_id, number, comment_id,body, created_at, login,author_association,is_pr))
comments_get.py:94: Warning: (1366L, u"Incorrect string value: '\\xF0\\x9F\\x91\\x8F \\x0A' for column 'body' at row 1")
  cur.execute(insert_sql % (repo_id, number, comment_id,body, created_at, login,author_association,is_pr))
comments_get.py:94: Warning: (1366L, u"Incorrect string value: '\\xE8\\xBD\\xAC\\xE7\\xA7\\xBB...' for column 'body' at row 1")
  cur.execute(insert_sql % (repo_id, number, comment_id,body, created_at, login,author_association,is_pr))
comments_get.py:94: Warning: (1366L, u"Incorrect string value: '\\xF0\\x9F\\x8E\\x89 O...' for column 'body' at row 1")
  cur.execute(insert_sql % (repo_id, number, comment_id,body, created_at, login,author_association,is_pr))
comments_get.py:94: Warning: (1366L, u"Incorrect string value: '\\xF0\\x9F\\x8E\\x89 \\x0A...' for column 'body' at row 1")
  cur.execute(insert_sql % (repo_id, number, comment_id,body, created_at, login,author_association,is_pr))
comments_get.py:94: Warning: (1366L, u"Incorrect string value: '\\xF0\\x9F\\x91\\x8D \\x0A...' for column 'body' at row 1")
  cur.execute(insert_sql % (repo_id, number, comment_id,body, created_at, login,author_association,is_pr))
comments_get.py:94: Warning: (1366L, u"Incorrect string value: '\\xF0\\x9F\\x8E\\x89 \\xF0...' for column 'body' at row 1")
  cur.execute(insert_sql % (repo_id, number, comment_id,body, created_at, login,author_association,is_pr))
comments_get.py:94: Warning: (1366L, u"Incorrect string value: '\\xF0\\x9F\\x91\\x8D @...' for column 'body' at row 1")
  cur.execute(insert_sql % (repo_id, number, comment_id,body, created_at, login,author_association,is_pr))
comments_get.py:94: Warning: (1366L, u"Incorrect string value: '\\xE5\\xA4\\x9A\\xE8\\xB0\\xA2...' for column 'body' at row 1")
  cur.execute(insert_sql % (repo_id, number, comment_id,body, created_at, login,author_association,is_pr))
comments_get.py:94: Warning: (1366L, u"Incorrect string value: '\\xE5\\xB7\\xB2\\xE7\\xBB\\x8F...' for column 'body' at row 1")
  cur.execute(insert_sql % (repo_id, number, comment_id,body, created_at, login,author_association,is_pr))
comments_get.py:94: Warning: (1366L, u"Incorrect string value: '\\xE3\\x80\\x82\\xE3\\x80\\x82...' for column 'body' at row 1")
  cur.execute(insert_sql % (repo_id, number, comment_id,body, created_at, login,author_association,is_pr))
comments_get.py:94: Warning: (1366L, u"Incorrect string value: '\\xCE\\x94 = a...' for column 'body' at row 1")
  cur.execute(insert_sql % (repo_id, number, comment_id,body, created_at, login,author_association,is_pr))
comments_get.py:94: Warning: (1366L, u"Incorrect string value: '\\xF0\\x9F\\x98\\x85\\x0A' for column 'body' at row 1")
  cur.execute(insert_sql % (repo_id, number, comment_id,body, created_at, login,author_association,is_pr))
comments_get.py:94: Warning: (1366L, u"Incorrect string value: '\\xF0\\x9F\\x98\\x86 ' for column 'body' at row 1")
  cur.execute(insert_sql % (repo_id, number, comment_id,body, created_at, login,author_association,is_pr))
comments_get.py:94: Warning: (1366L, u"Incorrect string value: '\\xE4\\xB8\\x89\\xE5\\x85\\x83...' for column 'body' at row 1")
  cur.execute(insert_sql % (repo_id, number, comment_id,body, created_at, login,author_association,is_pr))
comments_get.py:94: Warning: (1366L, u"Incorrect string value: '\\xE6\\x8A\\xB1\\xE6\\xAD\\x89...' for column 'body' at row 1")
  cur.execute(insert_sql % (repo_id, number, comment_id,body, created_at, login,author_association,is_pr))
comments_get.py:94: Warning: (1366L, u"Incorrect string value: '\\xF0\\x9F\\x98\\xA3\\x0D\\x0A...' for column 'body' at row 1")
  cur.execute(insert_sql % (repo_id, number, comment_id,body, created_at, login,author_association,is_pr))
comments_get.py:94: Warning: (1366L, u"Incorrect string value: '\\xE5\\x8F\\x96\\xE3\\x82\\x8A...' for column 'body' at row 1")
  cur.execute(insert_sql % (repo_id, number, comment_id,body, created_at, login,author_association,is_pr))
comments_get.py:94: Warning: (1366L, u"Incorrect string value: '\\xE3\\x81\\x94\\xE5\\x9B\\x9E...' for column 'body' at row 1")
  cur.execute(insert_sql % (repo_id, number, comment_id,body, created_at, login,author_association,is_pr))
comments_get.py:94: Warning: (1366L, u"Incorrect string value: '\\xE3\\x83\\xAD\\xE3\\x82\\xB0...' for column 'body' at row 1")
  cur.execute(insert_sql % (repo_id, number, comment_id,body, created_at, login,author_association,is_pr))
comments_get.py:94: Warning: (1366L, u"Incorrect string value: '\\xE3\\x81\\x82\\xE3\\x82\\x8A...' for column 'body' at row 1")
  cur.execute(insert_sql % (repo_id, number, comment_id,body, created_at, login,author_association,is_pr))
comments_get.py:94: Warning: (1366L, u"Incorrect string value: '\\xE3\\x81\\x93\\xE3\\x81\\xA1...' for column 'body' at row 1")
  cur.execute(insert_sql % (repo_id, number, comment_id,body, created_at, login,author_association,is_pr))
comments_get.py:94: Warning: (1366L, u"Incorrect string value: '\\xF0\\x9F\\x98\\x89 \\x0A...' for column 'body' at row 1")
  cur.execute(insert_sql % (repo_id, number, comment_id,body, created_at, login,author_association,is_pr))
comments_get.py:94: Warning: (1366L, u"Incorrect string value: '\\xF0\\x9F\\x91\\x8D\\x0AW...' for column 'body' at row 1")
  cur.execute(insert_sql % (repo_id, number, comment_id,body, created_at, login,author_association,is_pr))
comments_get.py:94: Warning: (1366L, u"Incorrect string value: '\\xF0\\x9F\\x9A\\x80](...' for column 'body' at row 1")
  cur.execute(insert_sql % (repo_id, number, comment_id,body, created_at, login,author_association,is_pr))
comments_get.py:94: Warning: (1366L, u"Incorrect string value: '\\xF0\\x9F\\x98\\x84 \\x0A...' for column 'body' at row 1")
  cur.execute(insert_sql % (repo_id, number, comment_id,body, created_at, login,author_association,is_pr))
comments_get.py:94: Warning: (1366L, u"Incorrect string value: '\\xE4\\xB9\\x9F\\xE6\\x98\\xAF...' for column 'body' at row 1")
  cur.execute(insert_sql % (repo_id, number, comment_id,body, created_at, login,author_association,is_pr))
comments_get.py:94: Warning: (1366L, u"Incorrect string value: '\\xE6\\x9C\\x89\\xE5\\xA5\\xBD...' for column 'body' at row 1")
  cur.execute(insert_sql % (repo_id, number, comment_id,body, created_at, login,author_association,is_pr))
comments_get.py:94: Warning: (1366L, u"Incorrect string value: '\\xE8\\xBF\\x99\\xE6\\xA0\\xB7...' for column 'body' at row 1")
  cur.execute(insert_sql % (repo_id, number, comment_id,body, created_at, login,author_association,is_pr))
comments_get.py:94: Warning: (1366L, u"Incorrect string value: '\\xE6\\x97\\xB6lab...' for column 'body' at row 1")
  cur.execute(insert_sql % (repo_id, number, comment_id,body, created_at, login,author_association,is_pr))
comments_get.py:94: Warning: (1366L, u"Incorrect string value: '\\xE2\\x87\\xA7\\xE2\\x8C\\xA5...' for column 'body' at row 1")
  cur.execute(insert_sql % (repo_id, number, comment_id,body, created_at, login,author_association,is_pr))
comments_get.py:94: Warning: (1366L, u"Incorrect string value: '\\xE2\\x9D\\xAF ca...' for column 'body' at row 1")
  cur.execute(insert_sql % (repo_id, number, comment_id,body, created_at, login,author_association,is_pr))
comments_get.py:94: Warning: (1366L, u"Incorrect string value: '\\xE6\\xAD\\xA4bug...' for column 'body' at row 1")
  cur.execute(insert_sql % (repo_id, number, comment_id,body, created_at, login,author_association,is_pr))
comments_get.py:94: Warning: (1366L, u"Incorrect string value: '\\xF0\\x9F\\x95\\xB5\\xEF\\xB8...' for column 'body' at row 1")
  cur.execute(insert_sql % (repo_id, number, comment_id,body, created_at, login,author_association,is_pr))
comments_get.py:94: Warning: (1366L, u"Incorrect string value: '\\xF0\\x9F\\x91\\x8F @...' for column 'body' at row 1")
  cur.execute(insert_sql % (repo_id, number, comment_id,body, created_at, login,author_association,is_pr))
comments_get.py:94: Warning: (1366L, u"Incorrect string value: '\\xE6\\xB5\\x8B\\xE8\\xAF\\x95...' for column 'body' at row 1")
  cur.execute(insert_sql % (repo_id, number, comment_id,body, created_at, login,author_association,is_pr))
comments_get.py:94: Warning: (1366L, u"Incorrect string value: '\\xE8\\xB2\\x8C\\xE4\\xBC\\xBC...' for column 'body' at row 1")
  cur.execute(insert_sql % (repo_id, number, comment_id,body, created_at, login,author_association,is_pr))
comments_get.py:94: Warning: (1366L, u"Incorrect string value: '\\xF0\\x9F\\x98\\x9C I...' for column 'body' at row 1")
  cur.execute(insert_sql % (repo_id, number, comment_id,body, created_at, login,author_association,is_pr))
comments_get.py:94: Warning: (1366L, u"Incorrect string value: '\\xE4\\xBD\\xA0\\xE6\\x98\\xAF...' for column 'body' at row 1")
  cur.execute(insert_sql % (repo_id, number, comment_id,body, created_at, login,author_association,is_pr))
comments_get.py:94: Warning: (1366L, u"Incorrect string value: '\\xE6\\x88\\x91\\xE5\\x8F\\x91...' for column 'body' at row 1")
  cur.execute(insert_sql % (repo_id, number, comment_id,body, created_at, login,author_association,is_pr))
comments_get.py:94: Warning: (1366L, u"Incorrect string value: '\\xE9\\x9D\\x9E\\xE5\\xB8\\xB8...' for column 'body' at row 1")
  cur.execute(insert_sql % (repo_id, number, comment_id,body, created_at, login,author_association,is_pr))
comments_get.py:94: Warning: (1366L, u"Incorrect string value: '\\xE4\\xBD\\xA0\\xE7\\xBB\\x99...' for column 'body' at row 1")
  cur.execute(insert_sql % (repo_id, number, comment_id,body, created_at, login,author_association,is_pr))
comments_get.py:94: Warning: (1366L, u"Incorrect string value: '\\xE5\\xA5\\xBD\\xE5\\x90\\xA7...' for column 'body' at row 1")
  cur.execute(insert_sql % (repo_id, number, comment_id,body, created_at, login,author_association,is_pr))
comments_get.py:94: Warning: (1366L, u"Incorrect string value: '\\xE6\\x88\\x91\\xE4\\xB9\\x9F...' for column 'body' at row 1")
  cur.execute(insert_sql % (repo_id, number, comment_id,body, created_at, login,author_association,is_pr))
comments_get.py:94: Warning: (1366L, u"Incorrect string value: '\\xE2\\x98\\x95\\xEF\\xB8\\x8F...' for column 'body' at row 1")
  cur.execute(insert_sql % (repo_id, number, comment_id,body, created_at, login,author_association,is_pr))
comments_get.py:94: Warning: (1366L, u"Incorrect string value: '\\xF0\\x9F\\x99\\x87 \\xF0...' for column 'body' at row 1")
  cur.execute(insert_sql % (repo_id, number, comment_id,body, created_at, login,author_association,is_pr))
comments_get.py:94: Warning: (1366L, u"Incorrect string value: '\\xE4\\xBD\\xA0\\xE5\\xA5\\xBD...' for column 'body' at row 1")
  cur.execute(insert_sql % (repo_id, number, comment_id,body, created_at, login,author_association,is_pr))
comments_get.py:94: Warning: (1366L, u"Incorrect string value: '\\xF0\\x9F\\x98\\x84' for column 'body' at row 1")
  cur.execute(insert_sql % (repo_id, number, comment_id,body, created_at, login,author_association,is_pr))
comments_get.py:94: Warning: (1366L, u"Incorrect string value: '\\xF0\\x9F\\x98\\x9B \\x0D...' for column 'body' at row 1")
  cur.execute(insert_sql % (repo_id, number, comment_id,body, created_at, login,author_association,is_pr))
comments_get.py:94: Warning: (1366L, u"Incorrect string value: '\\xF0\\x9F\\x98\\x9B\\x0D\\x0A...' for column 'body' at row 1")
  cur.execute(insert_sql % (repo_id, number, comment_id,body, created_at, login,author_association,is_pr))
comments_get.py:94: Warning: (1366L, u"Incorrect string value: '\\xF0\\x9F\\x98\\x84 \\xF0...' for column 'body' at row 1")
  cur.execute(insert_sql % (repo_id, number, comment_id,body, created_at, login,author_association,is_pr))
comments_get.py:94: Warning: (1366L, u"Incorrect string value: '\\xF0\\x9F\\x90\\xAF\\x0A' for column 'body' at row 1")
  cur.execute(insert_sql % (repo_id, number, comment_id,body, created_at, login,author_association,is_pr))
comments_get.py:94: Warning: (1366L, u"Incorrect string value: '\\xE2\\x9C\\x85 fa...' for column 'body' at row 1")
  cur.execute(insert_sql % (repo_id, number, comment_id,body, created_at, login,author_association,is_pr))
comments_get.py:94: Warning: (1366L, u"Incorrect string value: '\\xEF\\xBC\\x8Cas ...' for column 'body' at row 1")
  cur.execute(insert_sql % (repo_id, number, comment_id,body, created_at, login,author_association,is_pr))
comments_get.py:94: Warning: (1366L, u"Incorrect string value: '\\xEF\\xBC\\x8Cand...' for column 'body' at row 1")
  cur.execute(insert_sql % (repo_id, number, comment_id,body, created_at, login,author_association,is_pr))
comments_get.py:94: Warning: (1366L, u"Incorrect string value: '\\xEF\\xBC\\x8Cbut...' for column 'body' at row 1")
  cur.execute(insert_sql % (repo_id, number, comment_id,body, created_at, login,author_association,is_pr))
comments_get.py:94: Warning: (1366L, u"Incorrect string value: '\\xEF\\xBC\\x8CI h...' for column 'body' at row 1")
  cur.execute(insert_sql % (repo_id, number, comment_id,body, created_at, login,author_association,is_pr))
comments_get.py:94: Warning: (1366L, u"Incorrect string value: '\\xF0\\x9F\\x98\\x83 ' for column 'body' at row 1")
  cur.execute(insert_sql % (repo_id, number, comment_id,body, created_at, login,author_association,is_pr))
comments_get.py:94: Warning: (1366L, u"Incorrect string value: '\\xF0\\x9F\\x8E\\x89  ...' for column 'body' at row 1")
  cur.execute(insert_sql % (repo_id, number, comment_id,body, created_at, login,author_association,is_pr))
comments_get.py:94: Warning: (1366L, u"Incorrect string value: '\\xE0\\xB8\\x87'\\xCC\\x80...' for column 'body' at row 1")
  cur.execute(insert_sql % (repo_id, number, comment_id,body, created_at, login,author_association,is_pr))
comments_get.py:94: Warning: (1366L, u"Incorrect string value: '\\xD0\\xBE\\xD0\\xBA. ...' for column 'body' at row 1")
  cur.execute(insert_sql % (repo_id, number, comment_id,body, created_at, login,author_association,is_pr))
comments_get.py:94: Warning: (1366L, u"Incorrect string value: '\\xF0\\x9F\\x98\\x96' for column 'body' at row 1")
  cur.execute(insert_sql % (repo_id, number, comment_id,body, created_at, login,author_association,is_pr))
comments_get.py:94: Warning: (1366L, u"Incorrect string value: '\\xF0\\x9F\\x8D\\xA1 \\x0A' for column 'body' at row 1")
  cur.execute(insert_sql % (repo_id, number, comment_id,body, created_at, login,author_association,is_pr))
comments_get.py:94: Warning: (1366L, u"Incorrect string value: '\\xEF\\xBC\\x8Cmay...' for column 'body' at row 1")
  cur.execute(insert_sql % (repo_id, number, comment_id,body, created_at, login,author_association,is_pr))
comments_get.py:94: Warning: (1366L, u"Incorrect string value: '\\xF0\\x9F\\x98\\x84 b...' for column 'body' at row 1")
  cur.execute(insert_sql % (repo_id, number, comment_id,body, created_at, login,author_association,is_pr))
comments_get.py:94: Warning: (1366L, u"Incorrect string value: '\\xF0\\x9F\\x90\\xB8\\x0A' for column 'body' at row 1")
  cur.execute(insert_sql % (repo_id, number, comment_id,body, created_at, login,author_association,is_pr))
comments_get.py:94: Warning: (1366L, u"Incorrect string value: '\\xD0\\xBC\\xD0\\xB0\\xD1\\x80...' for column 'body' at row 1")
  cur.execute(insert_sql % (repo_id, number, comment_id,body, created_at, login,author_association,is_pr))
comments_get.py:94: Warning: (1366L, u"Incorrect string value: '\\xE8\\x83\\xBD\\xE7\\xBB\\x99...' for column 'body' at row 1")
  cur.execute(insert_sql % (repo_id, number, comment_id,body, created_at, login,author_association,is_pr))
comments_get.py:94: Warning: (1366L, u"Incorrect string value: '\\xEF\\xBF\\xBD\\xEF\\xBF\\xBD...' for column 'body' at row 1")
  cur.execute(insert_sql % (repo_id, number, comment_id,body, created_at, login,author_association,is_pr))
comments_get.py:94: Warning: (1366L, u"Incorrect string value: '\\xE0\\xA4\\x95\\xE0\\xA4\\xBE...' for column 'body' at row 1")
  cur.execute(insert_sql % (repo_id, number, comment_id,body, created_at, login,author_association,is_pr))
comments_get.py:94: Warning: (1366L, u"Incorrect string value: '\\xE3\\x83\\x9E\\xE3\\x83\\xBC...' for column 'body' at row 1")
  cur.execute(insert_sql % (repo_id, number, comment_id,body, created_at, login,author_association,is_pr))
comments_get.py:94: Warning: (1366L, u"Incorrect string value: '\\xF0\\x9F\\x98\\xBA \\x0A' for column 'body' at row 1")
  cur.execute(insert_sql % (repo_id, number, comment_id,body, created_at, login,author_association,is_pr))
comments_get.py:94: Warning: (1366L, u"Incorrect string value: '\\xF0\\x9F\\x90\\xB3  ...' for column 'body' at row 1")
  cur.execute(insert_sql % (repo_id, number, comment_id,body, created_at, login,author_association,is_pr))
comments_get.py:94: Warning: (1366L, u"Incorrect string value: '\\xF0\\x9F\\x98\\x8F)' for column 'body' at row 1")
  cur.execute(insert_sql % (repo_id, number, comment_id,body, created_at, login,author_association,is_pr))
comments_get.py:94: Warning: (1366L, u"Incorrect string value: '\\xF0\\x9F\\x9A\\x80  ...' for column 'body' at row 1")
  cur.execute(insert_sql % (repo_id, number, comment_id,body, created_at, login,author_association,is_pr))
comments_get.py:94: Warning: (1366L, u"Incorrect string value: '\\xF0\\x9F\\x98\\x9B)....' for column 'body' at row 1")
  cur.execute(insert_sql % (repo_id, number, comment_id,body, created_at, login,author_association,is_pr))
comments_get.py:94: Warning: (1366L, u"Incorrect string value: '\\xE2\\x9D\\xA4 it...' for column 'body' at row 1")
  cur.execute(insert_sql % (repo_id, number, comment_id,body, created_at, login,author_association,is_pr))
comments_get.py:94: Warning: (1366L, u"Incorrect string value: '\\xE2\\x86\\x92 <<...' for column 'body' at row 1")
  cur.execute(insert_sql % (repo_id, number, comment_id,body, created_at, login,author_association,is_pr))
comments_get.py:94: Warning: (1366L, u"Incorrect string value: '\\xE5\\xAF\\xB9\\xEF\\xBC\\x8C...' for column 'body' at row 1")
  cur.execute(insert_sql % (repo_id, number, comment_id,body, created_at, login,author_association,is_pr))
comments_get.py:94: Warning: (1366L, u"Incorrect string value: '\\xE8\\xAE\\xBE\\xE8\\xAE\\xA1...' for column 'body' at row 1")
  cur.execute(insert_sql % (repo_id, number, comment_id,body, created_at, login,author_association,is_pr))
comments_get.py:94: Warning: (1366L, u"Incorrect string value: '\\xE9\\x83\\xA8\\xE5\\x88\\x86...' for column 'body' at row 1")
  cur.execute(insert_sql % (repo_id, number, comment_id,body, created_at, login,author_association,is_pr))
comments_get.py:94: Warning: (1366L, u"Incorrect string value: '\\xE5\\x93\\xA6 \\xE6\\x88...' for column 'body' at row 1")
  cur.execute(insert_sql % (repo_id, number, comment_id,body, created_at, login,author_association,is_pr))
comments_get.py:94: Warning: (1366L, u"Incorrect string value: '\\xE5\\x8F\\x88\\xE5\\x8F\\x8C...' for column 'body' at row 1")
  cur.execute(insert_sql % (repo_id, number, comment_id,body, created_at, login,author_association,is_pr))
comments_get.py:94: Warning: (1366L, u"Incorrect string value: '\\xE4\\xB8\\x8D\\xE4\\xBF\\xAE...' for column 'body' at row 1")
  cur.execute(insert_sql % (repo_id, number, comment_id,body, created_at, login,author_association,is_pr))
comments_get.py:94: Warning: (1366L, u"Incorrect string value: '\\xF0\\x9F\\x92\\x83 \\x0A' for column 'body' at row 1")
  cur.execute(insert_sql % (repo_id, number, comment_id,body, created_at, login,author_association,is_pr))
comments_get.py:94: Warning: (1366L, u"Incorrect string value: '\\xE2\\x97\\x8F tr...' for column 'body' at row 1")
  cur.execute(insert_sql % (repo_id, number, comment_id,body, created_at, login,author_association,is_pr))
comments_get.py:94: Warning: (1366L, u"Incorrect string value: '\\xE3\\x83\\x84)_/...' for column 'body' at row 1")
  cur.execute(insert_sql % (repo_id, number, comment_id,body, created_at, login,author_association,is_pr))
comments_get.py:94: Warning: (1366L, u"Incorrect string value: '\\xC4\\xB1 am ...' for column 'body' at row 1")
  cur.execute(insert_sql % (repo_id, number, comment_id,body, created_at, login,author_association,is_pr))
comments_get.py:94: Warning: (1366L, u"Incorrect string value: '\\xE2\\x80\\x8E11/...' for column 'body' at row 1")
  cur.execute(insert_sql % (repo_id, number, comment_id,body, created_at, login,author_association,is_pr))
comments_get.py:94: Warning: (1366L, u"Incorrect string value: '\\xE9\\x82\\xA3\\xE5\\x8F\\xAA...' for column 'body' at row 1")
  cur.execute(insert_sql % (repo_id, number, comment_id,body, created_at, login,author_association,is_pr))
comments_get.py:94: Warning: (1366L, u"Incorrect string value: '\\xF0\\x9F\\x98\\x84\\x0A>...' for column 'body' at row 1")
  cur.execute(insert_sql % (repo_id, number, comment_id,body, created_at, login,author_association,is_pr))
comments_get.py:94: Warning: (1366L, u"Incorrect string value: '\\xF0\\x9F\\x91\\x8D (...' for column 'body' at row 1")
  cur.execute(insert_sql % (repo_id, number, comment_id,body, created_at, login,author_association,is_pr))
comments_get.py:94: Warning: (1366L, u"Incorrect string value: '\\xF0\\x9F\\x98\\x81 \\x0A' for column 'body' at row 1")
  cur.execute(insert_sql % (repo_id, number, comment_id,body, created_at, login,author_association,is_pr))
comments_get.py:94: Warning: (1366L, u"Incorrect string value: '\\xF0\\x9F\\x98\\x81\\x0A\\x0A...' for column 'body' at row 1")
  cur.execute(insert_sql % (repo_id, number, comment_id,body, created_at, login,author_association,is_pr))
comments_get.py:94: Warning: (1366L, u"Incorrect string value: '\\xE2\\x9D\\xAF\\xE2\\x9D\\xAF...' for column 'body' at row 1")
  cur.execute(insert_sql % (repo_id, number, comment_id,body, created_at, login,author_association,is_pr))
comments_get.py:94: Warning: (1366L, u"Incorrect string value: '\\xF0\\x9F\\x9A\\xA2\\x0A\\x0A...' for column 'body' at row 1")
  cur.execute(insert_sql % (repo_id, number, comment_id,body, created_at, login,author_association,is_pr))
comments_get.py:94: Warning: (1366L, u"Incorrect string value: '\\xF0\\x9F\\x91\\x8C \\x0A' for column 'body' at row 1")
  cur.execute(insert_sql % (repo_id, number, comment_id,body, created_at, login,author_association,is_pr))
comments_get.py:94: Warning: (1366L, u"Incorrect string value: '\\xE3\\x80\\x82\\x0A' for column 'body' at row 1")
  cur.execute(insert_sql % (repo_id, number, comment_id,body, created_at, login,author_association,is_pr))
comments_get.py:94: Warning: (1366L, u"Incorrect string value: '\\xCE\\xBB cat...' for column 'body' at row 1")
  cur.execute(insert_sql % (repo_id, number, comment_id,body, created_at, login,author_association,is_pr))
comments_get.py:94: Warning: (1366L, u"Incorrect string value: '\\xE2\\x88\\x95`. ...' for column 'body' at row 1")
  cur.execute(insert_sql % (repo_id, number, comment_id,body, created_at, login,author_association,is_pr))
comments_get.py:94: Warning: (1366L, u"Incorrect string value: '\\xF0\\x9F\\x99\\x86')...' for column 'body' at row 1")
  cur.execute(insert_sql % (repo_id, number, comment_id,body, created_at, login,author_association,is_pr))
comments_get.py:94: Warning: (1366L, u"Incorrect string value: '\\xE2\\x9C\\x93)\\x0A' for column 'body' at row 1")
  cur.execute(insert_sql % (repo_id, number, comment_id,body, created_at, login,author_association,is_pr))
comments_get.py:94: Warning: (1366L, u"Incorrect string value: '\\xCE\\x94 | C...' for column 'body' at row 1")
  cur.execute(insert_sql % (repo_id, number, comment_id,body, created_at, login,author_association,is_pr))
comments_get.py:94: Warning: (1366L, u"Incorrect string value: '\\xF0\\x9F\\x91\\xBC ' for column 'body' at row 1")
  cur.execute(insert_sql % (repo_id, number, comment_id,body, created_at, login,author_association,is_pr))
comments_get.py:94: Warning: (1366L, u"Incorrect string value: '\\xE7\\x9C\\x8B\\xE6\\x96\\x87...' for column 'body' at row 1")
  cur.execute(insert_sql % (repo_id, number, comment_id,body, created_at, login,author_association,is_pr))
comments_get.py:94: Warning: (1366L, u"Incorrect string value: '\\xEF\\xBF\\xBDpha...' for column 'body' at row 1")
  cur.execute(insert_sql % (repo_id, number, comment_id,body, created_at, login,author_association,is_pr))
comments_get.py:94: Warning: (1366L, u"Incorrect string value: '\\xE6\\x90\\xAC\\xE5\\xAE\\xB6...' for column 'body' at row 1")
  cur.execute(insert_sql % (repo_id, number, comment_id,body, created_at, login,author_association,is_pr))
comments_get.py:94: Warning: (1366L, u"Incorrect string value: '\\xE6\\xB2\\xA1\\xE7\\x9C\\x8B...' for column 'body' at row 1")
  cur.execute(insert_sql % (repo_id, number, comment_id,body, created_at, login,author_association,is_pr))
comments_get.py:94: Warning: (1366L, u"Incorrect string value: '\\xE5\\xB0\\xB1\\xE6\\x98\\xAF...' for column 'body' at row 1")
  cur.execute(insert_sql % (repo_id, number, comment_id,body, created_at, login,author_association,is_pr))
comments_get.py:94: Warning: (1366L, u"Incorrect string value: '\\xE6\\x84\\x9F\\xE8\\xB0\\xA2...' for column 'body' at row 1")
  cur.execute(insert_sql % (repo_id, number, comment_id,body, created_at, login,author_association,is_pr))
comments_get.py:94: Warning: (1366L, u"Incorrect string value: '\\xE4\\xB8\\x8D\\xE6\\x94\\xAF...' for column 'body' at row 1")
  cur.execute(insert_sql % (repo_id, number, comment_id,body, created_at, login,author_association,is_pr))
comments_get.py:94: Warning: (1366L, u"Incorrect string value: '\\xF0\\x9F\\x99\\x83' for column 'body' at row 1")
  cur.execute(insert_sql % (repo_id, number, comment_id,body, created_at, login,author_association,is_pr))
comments_get.py:94: Warning: (1366L, u"Incorrect string value: '\\xF0\\x9F\\x91\\x8D f...' for column 'body' at row 1")
  cur.execute(insert_sql % (repo_id, number, comment_id,body, created_at, login,author_association,is_pr))
comments_get.py:94: Warning: (1366L, u"Incorrect string value: '\\xF0\\x9F\\x98\\x82. ...' for column 'body' at row 1")
  cur.execute(insert_sql % (repo_id, number, comment_id,body, created_at, login,author_association,is_pr))
comments_get.py:94: Warning: (1366L, u"Incorrect string value: '\\xE5\\x9C\\xA8 20...' for column 'body' at row 1")
  cur.execute(insert_sql % (repo_id, number, comment_id,body, created_at, login,author_association,is_pr))
comments_get.py:94: Warning: (1366L, u'Incorrect string value: \'\\xEF\\xBB\\xBF\\x0A\\x0A"...\' for column \'body\' at row 1')
  cur.execute(insert_sql % (repo_id, number, comment_id,body, created_at, login,author_association,is_pr))
comments_get.py:94: Warning: (1366L, u"Incorrect string value: '\\xD0\\xA1\\xD0\\xB5\\xD1\\x80...' for column 'body' at row 1")
  cur.execute(insert_sql % (repo_id, number, comment_id,body, created_at, login,author_association,is_pr))
comments_get.py:94: Warning: (1366L, u"Incorrect string value: '\\xEA\\x9E\\x89 ku...' for column 'body' at row 1")
  cur.execute(insert_sql % (repo_id, number, comment_id,body, created_at, login,author_association,is_pr))
comments_get.py:94: Warning: (1366L, u"Incorrect string value: '\\xEA\\x9E\\x8911\\xEA...' for column 'body' at row 1")
  cur.execute(insert_sql % (repo_id, number, comment_id,body, created_at, login,author_association,is_pr))
comments_get.py:94: Warning: (1366L, u"Incorrect string value: '\\xF0\\x9F\\x91\\x8D\\x0A\\x0A...' for column 'body' at row 1")
  cur.execute(insert_sql % (repo_id, number, comment_id,body, created_at, login,author_association,is_pr))
comments_get.py:94: Warning: (1366L, u"Incorrect string value: '\\xE8\\xAF\\xB7\\xE6\\x8F\\x8F...' for column 'body' at row 1")
  cur.execute(insert_sql % (repo_id, number, comment_id,body, created_at, login,author_association,is_pr))
comments_get.py:94: Warning: (1366L, u"Incorrect string value: '\\xEF\\xBC\\x9F\\x0Ano...' for column 'body' at row 1")
  cur.execute(insert_sql % (repo_id, number, comment_id,body, created_at, login,author_association,is_pr))
comments_get.py:94: Warning: (1366L, u"Incorrect string value: '\\xE4\\xB8\\xAD\\xE6\\x96\\x87...' for column 'body' at row 1")
  cur.execute(insert_sql % (repo_id, number, comment_id,body, created_at, login,author_association,is_pr))
comments_get.py:94: Warning: (1366L, u"Incorrect string value: '\\xE2\\x94\\x8C\\xE2\\x94\\x90...' for column 'body' at row 1")
  cur.execute(insert_sql % (repo_id, number, comment_id,body, created_at, login,author_association,is_pr))
comments_get.py:94: Warning: (1366L, u"Incorrect string value: '\\xE8\\xBF\\x99\\xE8\\xBE\\xB9...' for column 'body' at row 1")
  cur.execute(insert_sql % (repo_id, number, comment_id,body, created_at, login,author_association,is_pr))
comments_get.py:94: Warning: (1366L, u"Incorrect string value: '\\xE2\\x80\\x8E5/\\xE2...' for column 'body' at row 1")
  cur.execute(insert_sql % (repo_id, number, comment_id,body, created_at, login,author_association,is_pr))
comments_get.py:94: Warning: (1366L, u"Incorrect string value: '\\xE5\\x85\\xB6\\xE5\\xAE\\x9E...' for column 'body' at row 1")
  cur.execute(insert_sql % (repo_id, number, comment_id,body, created_at, login,author_association,is_pr))
comments_get.py:94: Warning: (1366L, u"Incorrect string value: '\\xE6\\x88\\x91\\xE4\\xB8\\x8D...' for column 'body' at row 1")
  cur.execute(insert_sql % (repo_id, number, comment_id,body, created_at, login,author_association,is_pr))
comments_get.py:94: Warning: (1366L, u"Incorrect string value: '\\xE6\\x88\\x91\\xE6\\x98\\xAF...' for column 'body' at row 1")
  cur.execute(insert_sql % (repo_id, number, comment_id,body, created_at, login,author_association,is_pr))
comments_get.py:94: Warning: (1366L, u"Incorrect string value: '\\xE8\\x87\\xAA\\xE5\\xB7\\xB1...' for column 'body' at row 1")
  cur.execute(insert_sql % (repo_id, number, comment_id,body, created_at, login,author_association,is_pr))
comments_get.py:94: Warning: (1366L, u"Incorrect string value: '\\xE4\\xB9\\x9F\\xE7\\xAE\\x97...' for column 'body' at row 1")
  cur.execute(insert_sql % (repo_id, number, comment_id,body, created_at, login,author_association,is_pr))
comments_get.py:94: Warning: (1366L, u"Incorrect string value: '\\xE6\\xA0\\xB9\\xE6\\x8D\\xAE...' for column 'body' at row 1")
  cur.execute(insert_sql % (repo_id, number, comment_id,body, created_at, login,author_association,is_pr))
comments_get.py:94: Warning: (1366L, u"Incorrect string value: '\\xE2\\x98\\xBA\\x0D\\x0A\\x0D...' for column 'body' at row 1")
  cur.execute(insert_sql % (repo_id, number, comment_id,body, created_at, login,author_association,is_pr))
comments_get.py:94: Warning: (1366L, u"Incorrect string value: '\\xE7\\x9B\\xAE\\xE6\\xB5\\x8B...' for column 'body' at row 1")
  cur.execute(insert_sql % (repo_id, number, comment_id,body, created_at, login,author_association,is_pr))
comments_get.py:94: Warning: (1366L, u"Incorrect string value: '\\xE8\\x83\\xBD\\xE4\\xB8\\x8D...' for column 'body' at row 1")
  cur.execute(insert_sql % (repo_id, number, comment_id,body, created_at, login,author_association,is_pr))
comments_get.py:94: Warning: (1366L, u"Incorrect string value: '\\xE6\\x9C\\xA8\\xE6\\x9C\\x89...' for column 'body' at row 1")
  cur.execute(insert_sql % (repo_id, number, comment_id,body, created_at, login,author_association,is_pr))
comments_get.py:94: Warning: (1366L, u"Incorrect string value: '\\xE5\\x8F\\xA6\\xE5\\xA4\\x96...' for column 'body' at row 1")
  cur.execute(insert_sql % (repo_id, number, comment_id,body, created_at, login,author_association,is_pr))
comments_get.py:94: Warning: (1366L, u"Incorrect string value: '\\xF0\\x9F\\x93\\x9D _...' for column 'body' at row 1")
  cur.execute(insert_sql % (repo_id, number, comment_id,body, created_at, login,author_association,is_pr))
comments_get.py:94: Warning: (1366L, u"Incorrect string value: '\\xD0\\xBE\\xD0\\xBA\\x0A' for column 'body' at row 1")
  cur.execute(insert_sql % (repo_id, number, comment_id,body, created_at, login,author_association,is_pr))
comments_get.py:94: Warning: (1366L, u"Incorrect string value: '\\xE5\\xA5\\xBD\\xE5\\x83\\x8F...' for column 'body' at row 1")
  cur.execute(insert_sql % (repo_id, number, comment_id,body, created_at, login,author_association,is_pr))
comments_get.py:94: Warning: (1366L, u"Incorrect string value: '\\xE7\\x8E\\xB0\\xE5\\x9C\\xA8...' for column 'body' at row 1")
  cur.execute(insert_sql % (repo_id, number, comment_id,body, created_at, login,author_association,is_pr))
comments_get.py:94: Warning: (1366L, u"Incorrect string value: '\\xE7\\xBB\\x84\\xE4\\xBB\\xB6...' for column 'body' at row 1")
  cur.execute(insert_sql % (repo_id, number, comment_id,body, created_at, login,author_association,is_pr))
comments_get.py:94: Warning: (1366L, u"Incorrect string value: '\\xE4\\xB8\\x8D\\xE6\\x98\\xAF...' for column 'body' at row 1")
  cur.execute(insert_sql % (repo_id, number, comment_id,body, created_at, login,author_association,is_pr))
comments_get.py:94: Warning: (1366L, u"Incorrect string value: '\\xE2\\x9D\\xA4\\xEF\\xB8\\x8F...' for column 'body' at row 1")
  cur.execute(insert_sql % (repo_id, number, comment_id,body, created_at, login,author_association,is_pr))
comments_get.py:94: Warning: (1366L, u"Incorrect string value: '\\xF0\\x9F\\x98\\x84  ...' for column 'body' at row 1")
  cur.execute(insert_sql % (repo_id, number, comment_id,body, created_at, login,author_association,is_pr))
comments_get.py:94: Warning: (1366L, u"Incorrect string value: '\\xE5\\xBC\\x95\\xE5\\x85\\xA5...' for column 'body' at row 1")
  cur.execute(insert_sql % (repo_id, number, comment_id,body, created_at, login,author_association,is_pr))
comments_get.py:94: Warning: (1366L, u"Incorrect string value: '\\xEF\\xBC\\x8C th...' for column 'body' at row 1")
  cur.execute(insert_sql % (repo_id, number, comment_id,body, created_at, login,author_association,is_pr))
comments_get.py:94: Warning: (1366L, u"Incorrect string value: '\\xF0\\x9F\\x98\\x86  ...' for column 'body' at row 1")
  cur.execute(insert_sql % (repo_id, number, comment_id,body, created_at, login,author_association,is_pr))
comments_get.py:94: Warning: (1366L, u"Incorrect string value: '\\xE5\\x9C\\xA8 98...' for column 'body' at row 1")
  cur.execute(insert_sql % (repo_id, number, comment_id,body, created_at, login,author_association,is_pr))
comments_get.py:94: Warning: (1366L, u"Incorrect string value: '\\xE8\\xBF\\x99\\xE9\\x87\\x8C...' for column 'body' at row 1")
  cur.execute(insert_sql % (repo_id, number, comment_id,body, created_at, login,author_association,is_pr))
comments_get.py:94: Warning: (1366L, u"Incorrect string value: '\\xE8\\xBF\\x98\\xE6\\x9C\\x89...' for column 'body' at row 1")
  cur.execute(insert_sql % (repo_id, number, comment_id,body, created_at, login,author_association,is_pr))
