comments_get.py:94: Warning: (1265L, u"Data truncated for column 'created_at' at row 1")
  cur.execute(insert_sql % (repo_id, number, comment_id,body, created_at, login,author_association,is_pr))
comments_get.py:94: Warning: (1366L, u"Incorrect string value: '\\xE2\\x80\\x82[<i...' for column 'body' at row 1")
  cur.execute(insert_sql % (repo_id, number, comment_id,body, created_at, login,author_association,is_pr))
comments_get.py:94: Warning: (1366L, u"Incorrect string value: '\\xE8\\xAE\\xBE\\xE8\\xAE\\xA1...' for column 'body' at row 1")
  cur.execute(insert_sql % (repo_id, number, comment_id,body, created_at, login,author_association,is_pr))
comments_get.py:94: Warning: (1366L, u"Incorrect string value: '\\xE8\\xBF\\x99\\xE4\\xB8\\xAA...' for column 'body' at row 1")
  cur.execute(insert_sql % (repo_id, number, comment_id,body, created_at, login,author_association,is_pr))
comments_get.py:94: Warning: (1366L, u"Incorrect string value: '\\xE5\\x9C\\xA8\\xE7\\xAD\\x89...' for column 'body' at row 1")
  cur.execute(insert_sql % (repo_id, number, comment_id,body, created_at, login,author_association,is_pr))
comments_get.py:94: Warning: (1366L, u"Incorrect string value: '\\xE4\\xB8\\x8D\\xE8\\xA6\\x81...' for column 'body' at row 1")
  cur.execute(insert_sql % (repo_id, number, comment_id,body, created_at, login,author_association,is_pr))
comments_get.py:94: Warning: (1366L, u"Incorrect string value: '\\xF0\\x9F\\x91\\x8D \\x0A' for column 'body' at row 1")
  cur.execute(insert_sql % (repo_id, number, comment_id,body, created_at, login,author_association,is_pr))
comments_get.py:94: Warning: (1366L, u"Incorrect string value: '\\xF0\\x9F\\x98\\x84 \\x0A...' for column 'body' at row 1")
  cur.execute(insert_sql % (repo_id, number, comment_id,body, created_at, login,author_association,is_pr))
comments_get.py:94: Warning: (1366L, u"Incorrect string value: '\\xF0\\x9F\\x98\\x9D \\x0A...' for column 'body' at row 1")
  cur.execute(insert_sql % (repo_id, number, comment_id,body, created_at, login,author_association,is_pr))
comments_get.py:94: Warning: (1366L, u"Incorrect string value: '\\xF0\\x9F\\x9A\\xA2 \\x0A' for column 'body' at row 1")
  cur.execute(insert_sql % (repo_id, number, comment_id,body, created_at, login,author_association,is_pr))
comments_get.py:94: Warning: (1366L, u"Incorrect string value: '\\xF0\\x9F\\x91\\x8D \\x0A...' for column 'body' at row 1")
  cur.execute(insert_sql % (repo_id, number, comment_id,body, created_at, login,author_association,is_pr))
comments_get.py:94: Warning: (1366L, u"Incorrect string value: '\\xF0\\x9F\\x8C\\xB9 \\x0A' for column 'body' at row 1")
  cur.execute(insert_sql % (repo_id, number, comment_id,body, created_at, login,author_association,is_pr))
comments_get.py:94: Warning: (1366L, u"Incorrect string value: '\\xF0\\x9F\\x98\\x95 ' for column 'body' at row 1")
  cur.execute(insert_sql % (repo_id, number, comment_id,body, created_at, login,author_association,is_pr))
comments_get.py:94: Warning: (1366L, u"Incorrect string value: '\\xE2\\x9D\\xAF\\xE2\\x9D\\xAF...' for column 'body' at row 1")
  cur.execute(insert_sql % (repo_id, number, comment_id,body, created_at, login,author_association,is_pr))
comments_get.py:94: Warning: (1366L, u"Incorrect string value: '\\xF0\\x9F\\x90\\x8C,\\x0D...' for column 'body' at row 1")
  cur.execute(insert_sql % (repo_id, number, comment_id,body, created_at, login,author_association,is_pr))
comments_get.py:94: Warning: (1366L, u"Incorrect string value: '\\xF0\\x9F\\x8E\\x89 ' for column 'body' at row 1")
  cur.execute(insert_sql % (repo_id, number, comment_id,body, created_at, login,author_association,is_pr))
comments_get.py:94: Warning: (1366L, u"Incorrect string value: '\\xF0\\x9F\\xA4\\x94\\x0A' for column 'body' at row 1")
  cur.execute(insert_sql % (repo_id, number, comment_id,body, created_at, login,author_association,is_pr))
comments_get.py:94: Warning: (1366L, u"Incorrect string value: '\\xF0\\x9F\\x92\\x83 \\x0A' for column 'body' at row 1")
  cur.execute(insert_sql % (repo_id, number, comment_id,body, created_at, login,author_association,is_pr))
comments_get.py:94: Warning: (1366L, u"Incorrect string value: '\\xF0\\x9F\\x91\\x8D\\x0A' for column 'body' at row 1")
  cur.execute(insert_sql % (repo_id, number, comment_id,body, created_at, login,author_association,is_pr))
comments_get.py:94: Warning: (1366L, u"Incorrect string value: '\\xF0\\x9F\\x91\\x8D ' for column 'body' at row 1")
  cur.execute(insert_sql % (repo_id, number, comment_id,body, created_at, login,author_association,is_pr))
comments_get.py:94: Warning: (1366L, u"Incorrect string value: '\\xF0\\x9F\\x91\\x8F\\x0A' for column 'body' at row 1")
  cur.execute(insert_sql % (repo_id, number, comment_id,body, created_at, login,author_association,is_pr))
comments_get.py:94: Warning: (1366L, u"Incorrect string value: '\\xE4\\xBD\\xBF\\xE7\\x94\\xA8...' for column 'body' at row 1")
  cur.execute(insert_sql % (repo_id, number, comment_id,body, created_at, login,author_association,is_pr))
comments_get.py:94: Warning: (1366L, u"Incorrect string value: '\\xF0\\x9F\\x98\\x84 )...' for column 'body' at row 1")
  cur.execute(insert_sql % (repo_id, number, comment_id,body, created_at, login,author_association,is_pr))
comments_get.py:94: Warning: (1366L, u"Incorrect string value: '\\xF0\\x9F\\x91\\x8D I...' for column 'body' at row 1")
  cur.execute(insert_sql % (repo_id, number, comment_id,body, created_at, login,author_association,is_pr))
comments_get.py:94: Warning: (1366L, u"Incorrect string value: '\\xE3\\x83\\x84)_/...' for column 'body' at row 1")
  cur.execute(insert_sql % (repo_id, number, comment_id,body, created_at, login,author_association,is_pr))
comments_get.py:94: Warning: (1366L, u"Incorrect string value: '\\xF0\\x9F\\x9A\\xA2'i...' for column 'body' at row 1")
  cur.execute(insert_sql % (repo_id, number, comment_id,body, created_at, login,author_association,is_pr))
comments_get.py:94: Warning: (1366L, u"Incorrect string value: '\\xCE\\x94 | |...' for column 'body' at row 1")
  cur.execute(insert_sql % (repo_id, number, comment_id,body, created_at, login,author_association,is_pr))
comments_get.py:94: Warning: (1366L, u"Incorrect string value: '\\xF0\\x9F\\x91\\x8D \\xF0...' for column 'body' at row 1")
  cur.execute(insert_sql % (repo_id, number, comment_id,body, created_at, login,author_association,is_pr))
comments_get.py:94: Warning: (1366L, u"Incorrect string value: '\\xF0\\x9F\\x98\\x84  ...' for column 'body' at row 1")
  cur.execute(insert_sql % (repo_id, number, comment_id,body, created_at, login,author_association,is_pr))
comments_get.py:94: Warning: (1366L, u"Incorrect string value: '\\xF0\\x9F\\x91\\x8D  ...' for column 'body' at row 1")
  cur.execute(insert_sql % (repo_id, number, comment_id,body, created_at, login,author_association,is_pr))
comments_get.py:94: Warning: (1366L, u"Incorrect string value: '\\xE9\\x87\\x8D\\xE7\\x8E\\xB0...' for column 'body' at row 1")
  cur.execute(insert_sql % (repo_id, number, comment_id,body, created_at, login,author_association,is_pr))
comments_get.py:94: Warning: (1366L, u"Incorrect string value: '\\xE6\\x8A\\xB1\\xE6\\xAD\\x89...' for column 'body' at row 1")
  cur.execute(insert_sql % (repo_id, number, comment_id,body, created_at, login,author_association,is_pr))
comments_get.py:94: Warning: (1366L, u"Incorrect string value: '\\xE6\\x88\\x91\\xE5\\x9C\\xA8...' for column 'body' at row 1")
  cur.execute(insert_sql % (repo_id, number, comment_id,body, created_at, login,author_association,is_pr))
comments_get.py:94: Warning: (1366L, u"Incorrect string value: '\\xE5\\x8F\\xAA\\xE8\\x83\\xBD...' for column 'body' at row 1")
  cur.execute(insert_sql % (repo_id, number, comment_id,body, created_at, login,author_association,is_pr))
comments_get.py:94: Warning: (1366L, u"Incorrect string value: '\\xE4\\xB9\\x9F\\xE8\\xA6\\x81...' for column 'body' at row 1")
  cur.execute(insert_sql % (repo_id, number, comment_id,body, created_at, login,author_association,is_pr))
comments_get.py:94: Warning: (1366L, u"Incorrect string value: '\\xE5\\x8F\\xAF\\xE6\\x9C\\x89...' for column 'body' at row 1")
  cur.execute(insert_sql % (repo_id, number, comment_id,body, created_at, login,author_association,is_pr))
comments_get.py:94: Warning: (1366L, u"Incorrect string value: '\\xE5\\x85\\x83\\xE6\\x97\\xA6...' for column 'body' at row 1")
  cur.execute(insert_sql % (repo_id, number, comment_id,body, created_at, login,author_association,is_pr))
comments_get.py:94: Warning: (1366L, u"Incorrect string value: '\\xD0\\x9E\\xD0\\xB1\\xD1\\x8A...' for column 'body' at row 1")
  cur.execute(insert_sql % (repo_id, number, comment_id,body, created_at, login,author_association,is_pr))
comments_get.py:94: Warning: (1366L, u"Incorrect string value: '\\xE8\\xBF\\x99\\xE7\\x9C\\x9F...' for column 'body' at row 1")
  cur.execute(insert_sql % (repo_id, number, comment_id,body, created_at, login,author_association,is_pr))
comments_get.py:94: Warning: (1366L, u"Incorrect string value: '\\xE5\\x8E\\x9F\\xE6\\x9D\\xA5...' for column 'body' at row 1")
  cur.execute(insert_sql % (repo_id, number, comment_id,body, created_at, login,author_association,is_pr))
comments_get.py:94: Warning: (1366L, u"Incorrect string value: '\\xE5\\x90\\x8C\\xE9\\x97\\xAE...' for column 'body' at row 1")
  cur.execute(insert_sql % (repo_id, number, comment_id,body, created_at, login,author_association,is_pr))
comments_get.py:94: Warning: (1366L, u"Incorrect string value: '\\xE5\\x93\\xAA\\xE5\\xAE\\xB6...' for column 'body' at row 1")
  cur.execute(insert_sql % (repo_id, number, comment_id,body, created_at, login,author_association,is_pr))
comments_get.py:94: Warning: (1366L, u"Incorrect string value: '\\xE5\\xAE\\x89\\xE5\\x85\\xA8...' for column 'body' at row 1")
  cur.execute(insert_sql % (repo_id, number, comment_id,body, created_at, login,author_association,is_pr))
comments_get.py:94: Warning: (1366L, u"Incorrect string value: '\\xE4\\xB8\\x8D\\xE5\\xA5\\xBD...' for column 'body' at row 1")
  cur.execute(insert_sql % (repo_id, number, comment_id,body, created_at, login,author_association,is_pr))
comments_get.py:94: Warning: (1366L, u"Incorrect string value: '\\xE4\\xBD\\xA0\\xE7\\x9C\\x8B...' for column 'body' at row 1")
  cur.execute(insert_sql % (repo_id, number, comment_id,body, created_at, login,author_association,is_pr))
comments_get.py:94: Warning: (1366L, u"Incorrect string value: '\\xE6\\x88\\x91\\xE6\\x98\\xAF...' for column 'body' at row 1")
  cur.execute(insert_sql % (repo_id, number, comment_id,body, created_at, login,author_association,is_pr))
comments_get.py:94: Warning: (1366L, u"Incorrect string value: '\\xE4\\xBD\\xA0\\xE5\\x86\\x8D...' for column 'body' at row 1")
  cur.execute(insert_sql % (repo_id, number, comment_id,body, created_at, login,author_association,is_pr))
comments_get.py:94: Warning: (1366L, u"Incorrect string value: '\\xE2\\x89\\xA5 3....' for column 'body' at row 1")
  cur.execute(insert_sql % (repo_id, number, comment_id,body, created_at, login,author_association,is_pr))
comments_get.py:94: Warning: (1366L, u"Incorrect string value: '\\xE4\\xBD\\xA0\\xE5\\xA5\\xBD...' for column 'body' at row 1")
  cur.execute(insert_sql % (repo_id, number, comment_id,body, created_at, login,author_association,is_pr))
comments_get.py:94: Warning: (1366L, u"Incorrect string value: '\\xF0\\x9F\\x98\\x83 \\x0A' for column 'body' at row 1")
  cur.execute(insert_sql % (repo_id, number, comment_id,body, created_at, login,author_association,is_pr))
comments_get.py:94: Warning: (1366L, u"Incorrect string value: '\\xF0\\x9F\\x98\\x84 \\x0D...' for column 'body' at row 1")
  cur.execute(insert_sql % (repo_id, number, comment_id,body, created_at, login,author_association,is_pr))
comments_get.py:94: Warning: (1366L, u"Incorrect string value: '\\xE2\\x9E\\x9C  c...' for column 'body' at row 1")
  cur.execute(insert_sql % (repo_id, number, comment_id,body, created_at, login,author_association,is_pr))
comments_get.py:94: Warning: (1366L, u"Incorrect string value: '\\xE2\\x96\\xB3 \\ ...' for column 'body' at row 1")
  cur.execute(insert_sql % (repo_id, number, comment_id,body, created_at, login,author_association,is_pr))
comments_get.py:94: Warning: (1366L, u"Incorrect string value: '\\xF0\\x9F\\x98\\x9E \\xE2...' for column 'body' at row 1")
  cur.execute(insert_sql % (repo_id, number, comment_id,body, created_at, login,author_association,is_pr))
comments_get.py:94: Warning: (1366L, u"Incorrect string value: '\\xF0\\x9F\\x91\\xBC ' for column 'body' at row 1")
  cur.execute(insert_sql % (repo_id, number, comment_id,body, created_at, login,author_association,is_pr))
comments_get.py:94: Warning: (1366L, u"Incorrect string value: '\\xF0\\x9F\\x92\\x83 ' for column 'body' at row 1")
  cur.execute(insert_sql % (repo_id, number, comment_id,body, created_at, login,author_association,is_pr))
comments_get.py:94: Warning: (1366L, u"Incorrect string value: '\\xF0\\x9F\\x98\\x89' for column 'body' at row 1")
  cur.execute(insert_sql % (repo_id, number, comment_id,body, created_at, login,author_association,is_pr))
comments_get.py:94: Warning: (1366L, u"Incorrect string value: '\\xCE\\x94 | C...' for column 'body' at row 1")
  cur.execute(insert_sql % (repo_id, number, comment_id,body, created_at, login,author_association,is_pr))
comments_get.py:94: Warning: (1366L, u"Incorrect string value: '\\xF0\\x9F\\x98\\xA8 !...' for column 'body' at row 1")
  cur.execute(insert_sql % (repo_id, number, comment_id,body, created_at, login,author_association,is_pr))
comments_get.py:94: Warning: (1366L, u"Incorrect string value: '\\xF0\\x9F\\x8D\\x9D \\x0D...' for column 'body' at row 1")
  cur.execute(insert_sql % (repo_id, number, comment_id,body, created_at, login,author_association,is_pr))
comments_get.py:94: Warning: (1366L, u"Incorrect string value: '\\xF0\\x9F\\x98\\x89 \\x0D...' for column 'body' at row 1")
  cur.execute(insert_sql % (repo_id, number, comment_id,body, created_at, login,author_association,is_pr))
comments_get.py:94: Warning: (1366L, u"Incorrect string value: '\\xF0\\x9F\\x90\\xAE\\x0A' for column 'body' at row 1")
  cur.execute(insert_sql % (repo_id, number, comment_id,body, created_at, login,author_association,is_pr))
comments_get.py:94: Warning: (1366L, u"Incorrect string value: '\\xF0\\x9F\\x91\\x8D\\xF0\\x9F...' for column 'body' at row 1")
  cur.execute(insert_sql % (repo_id, number, comment_id,body, created_at, login,author_association,is_pr))
comments_get.py:94: Warning: (1366L, u"Incorrect string value: '\\xE2\\x9D\\xAF py...' for column 'body' at row 1")
  cur.execute(insert_sql % (repo_id, number, comment_id,body, created_at, login,author_association,is_pr))
comments_get.py:94: Warning: (1366L, u"Incorrect string value: '\\xE6\\x88\\x91\\xE4\\xB9\\x9F...' for column 'body' at row 1")
  cur.execute(insert_sql % (repo_id, number, comment_id,body, created_at, login,author_association,is_pr))
comments_get.py:94: Warning: (1366L, u"Incorrect string value: '\\xE8\\xAF\\xB7\\xE6\\x8F\\x90...' for column 'body' at row 1")
  cur.execute(insert_sql % (repo_id, number, comment_id,body, created_at, login,author_association,is_pr))
comments_get.py:94: Warning: (1366L, u"Incorrect string value: '\\xE6\\x88\\x91\\xE7\\x9A\\x84...' for column 'body' at row 1")
  cur.execute(insert_sql % (repo_id, number, comment_id,body, created_at, login,author_association,is_pr))
comments_get.py:94: Warning: (1366L, u"Incorrect string value: '\\xE8\\xAF\\xB7\\xE5\\xB0\\x86...' for column 'body' at row 1")
  cur.execute(insert_sql % (repo_id, number, comment_id,body, created_at, login,author_association,is_pr))
comments_get.py:94: Warning: (1366L, u"Incorrect string value: '\\xE7\\x9A\\x84\\xEF\\xBC\\x8C...' for column 'body' at row 1")
  cur.execute(insert_sql % (repo_id, number, comment_id,body, created_at, login,author_association,is_pr))
comments_get.py:94: Warning: (1366L, u"Incorrect string value: '\\xE5\\x97\\xAF\\xEF\\xBC\\x8C...' for column 'body' at row 1")
  cur.execute(insert_sql % (repo_id, number, comment_id,body, created_at, login,author_association,is_pr))
comments_get.py:94: Warning: (1366L, u"Incorrect string value: '\\xE5\\x8F\\xAF\\xE8\\xA7\\x81...' for column 'body' at row 1")
  cur.execute(insert_sql % (repo_id, number, comment_id,body, created_at, login,author_association,is_pr))
comments_get.py:94: Warning: (1366L, u"Incorrect string value: '\\xE5\\xA0\\x86\\xE6\\xA0\\x88...' for column 'body' at row 1")
  cur.execute(insert_sql % (repo_id, number, comment_id,body, created_at, login,author_association,is_pr))
comments_get.py:94: Warning: (1366L, u"Incorrect string value: '\\xE8\\xAF\\xB4\\xE6\\x98\\x8E...' for column 'body' at row 1")
  cur.execute(insert_sql % (repo_id, number, comment_id,body, created_at, login,author_association,is_pr))
comments_get.py:94: Warning: (1366L, u"Incorrect string value: '\\xE5\\x86\\x8D\\xE6\\xAC\\xA1...' for column 'body' at row 1")
  cur.execute(insert_sql % (repo_id, number, comment_id,body, created_at, login,author_association,is_pr))
comments_get.py:94: Warning: (1366L, u"Incorrect string value: '\\xE5\\x9C\\xA8\\xE7\\x9C\\x8B...' for column 'body' at row 1")
  cur.execute(insert_sql % (repo_id, number, comment_id,body, created_at, login,author_association,is_pr))
comments_get.py:94: Warning: (1366L, u"Incorrect string value: '\\xE4\\xBB\\x8Eio\\xE7...' for column 'body' at row 1")
  cur.execute(insert_sql % (repo_id, number, comment_id,body, created_at, login,author_association,is_pr))
comments_get.py:94: Warning: (1366L, u"Incorrect string value: '\\xE8\\xBF\\x99\\xE5\\x9D\\x97...' for column 'body' at row 1")
  cur.execute(insert_sql % (repo_id, number, comment_id,body, created_at, login,author_association,is_pr))
comments_get.py:94: Warning: (1366L, u"Incorrect string value: '\\xE3\\x82\\x92\\xE7\\x94\\xA8...' for column 'body' at row 1")
  cur.execute(insert_sql % (repo_id, number, comment_id,body, created_at, login,author_association,is_pr))
comments_get.py:94: Warning: (1366L, u"Incorrect string value: '\\xE2\\x95\\xB0\\xE2\\x94\\x80...' for column 'body' at row 1")
  cur.execute(insert_sql % (repo_id, number, comment_id,body, created_at, login,author_association,is_pr))
comments_get.py:94: Warning: (1366L, u"Incorrect string value: '\\xE5\\x8D\\x87\\xE7\\xBA\\xA7...' for column 'body' at row 1")
  cur.execute(insert_sql % (repo_id, number, comment_id,body, created_at, login,author_association,is_pr))
comments_get.py:94: Warning: (1366L, u"Incorrect string value: '\\xE5\\xBA\\x94\\xE8\\xAF\\xA5...' for column 'body' at row 1")
  cur.execute(insert_sql % (repo_id, number, comment_id,body, created_at, login,author_association,is_pr))
comments_get.py:94: Warning: (1366L, u"Incorrect string value: '\\xF0\\x9F\\x98\\x84 \\x0A' for column 'body' at row 1")
  cur.execute(insert_sql % (repo_id, number, comment_id,body, created_at, login,author_association,is_pr))
comments_get.py:94: Warning: (1366L, u"Incorrect string value: '\\xE2\\x9E\\x9C  ~...' for column 'body' at row 1")
  cur.execute(insert_sql % (repo_id, number, comment_id,body, created_at, login,author_association,is_pr))
comments_get.py:94: Warning: (1366L, u"Incorrect string value: '\\xE3\\x81\\x8B\\xE3\\x82\\x89...' for column 'body' at row 1")
  cur.execute(insert_sql % (repo_id, number, comment_id,body, created_at, login,author_association,is_pr))
comments_get.py:94: Warning: (1366L, u"Incorrect string value: '\\xE5\\xAE\\x9F\\xE6\\x85\\x8B...' for column 'body' at row 1")
  cur.execute(insert_sql % (repo_id, number, comment_id,body, created_at, login,author_association,is_pr))
comments_get.py:94: Warning: (1366L, u"Incorrect string value: '\\xE8\\xA2\\x81\\xE8\\x82\\x96...' for column 'body' at row 1")
  cur.execute(insert_sql % (repo_id, number, comment_id,body, created_at, login,author_association,is_pr))
comments_get.py:94: Warning: (1366L, u"Incorrect string value: '\\xF0\\x9F\\x91\\x81 o...' for column 'body' at row 1")
  cur.execute(insert_sql % (repo_id, number, comment_id,body, created_at, login,author_association,is_pr))
comments_get.py:94: Warning: (1366L, u"Incorrect string value: '\\xE6\\xB5\\x8B\\xE8\\xAF\\x95...' for column 'body' at row 1")
  cur.execute(insert_sql % (repo_id, number, comment_id,body, created_at, login,author_association,is_pr))
comments_get.py:94: Warning: (1366L, u"Incorrect string value: '\\xE4\\xBD\\xA0\\xE6\\x98\\xAF...' for column 'body' at row 1")
  cur.execute(insert_sql % (repo_id, number, comment_id,body, created_at, login,author_association,is_pr))
comments_get.py:94: Warning: (1366L, u"Incorrect string value: '\\xE4\\xBB\\x96\\xE6\\x9C\\x89...' for column 'body' at row 1")
  cur.execute(insert_sql % (repo_id, number, comment_id,body, created_at, login,author_association,is_pr))
comments_get.py:94: Warning: (1366L, u"Incorrect string value: '\\xE8\\xBF\\x99\\xE6\\xA0\\xB7...' for column 'body' at row 1")
  cur.execute(insert_sql % (repo_id, number, comment_id,body, created_at, login,author_association,is_pr))
comments_get.py:94: Warning: (1366L, u"Incorrect string value: '\\xE8\\xAF\\xB7\\xE7\\xBB\\x99...' for column 'body' at row 1")
  cur.execute(insert_sql % (repo_id, number, comment_id,body, created_at, login,author_association,is_pr))
comments_get.py:94: Warning: (1366L, u"Incorrect string value: '\\xF0\\x9F\\x98\\x84 ' for column 'body' at row 1")
  cur.execute(insert_sql % (repo_id, number, comment_id,body, created_at, login,author_association,is_pr))
comments_get.py:94: Warning: (1366L, u"Incorrect string value: '\\xEF\\xBD\\x9E\\xE4\\xBA\\x8C...' for column 'body' at row 1")
  cur.execute(insert_sql % (repo_id, number, comment_id,body, created_at, login,author_association,is_pr))
comments_get.py:94: Warning: (1366L, u"Incorrect string value: '\\xF0\\x9F\\x98\\x96. ...' for column 'body' at row 1")
  cur.execute(insert_sql % (repo_id, number, comment_id,body, created_at, login,author_association,is_pr))
comments_get.py:94: Warning: (1366L, u"Incorrect string value: '\\xE2\\x82\\xA9 si...' for column 'body' at row 1")
  cur.execute(insert_sql % (repo_id, number, comment_id,body, created_at, login,author_association,is_pr))
comments_get.py:94: Warning: (1366L, u"Incorrect string value: '\\xE6\\x89\\x8B\\xE5\\x85\\x83...' for column 'body' at row 1")
  cur.execute(insert_sql % (repo_id, number, comment_id,body, created_at, login,author_association,is_pr))
comments_get.py:94: Warning: (1366L, u"Incorrect string value: '\\xF0\\x9F\\x91\\x80 \\x0A' for column 'body' at row 1")
  cur.execute(insert_sql % (repo_id, number, comment_id,body, created_at, login,author_association,is_pr))
comments_get.py:94: Warning: (1366L, u"Incorrect string value: '\\xF0\\x9F\\x91\\x8E. ...' for column 'body' at row 1")
  cur.execute(insert_sql % (repo_id, number, comment_id,body, created_at, login,author_association,is_pr))
comments_get.py:94: Warning: (1366L, u"Incorrect string value: '\\xCE\\x94 = a...' for column 'body' at row 1")
  cur.execute(insert_sql % (repo_id, number, comment_id,body, created_at, login,author_association,is_pr))
comments_get.py:94: Warning: (1366L, u"Incorrect string value: '\\xD0\\x9C\\xD0\\xB0\\xD1\\x80...' for column 'body' at row 1")
  cur.execute(insert_sql % (repo_id, number, comment_id,body, created_at, login,author_association,is_pr))
comments_get.py:94: Warning: (1366L, u"Incorrect string value: '\\xE2\\x86\\x92 1....' for column 'body' at row 1")
  cur.execute(insert_sql % (repo_id, number, comment_id,body, created_at, login,author_association,is_pr))
comments_get.py:94: Warning: (1366L, u"Incorrect string value: '\\xE6\\x96\\x87\\xE4\\xBB\\xB6...' for column 'body' at row 1")
  cur.execute(insert_sql % (repo_id, number, comment_id,body, created_at, login,author_association,is_pr))
comments_get.py:94: Warning: (1366L, u"Incorrect string value: '\\xE5\\xBA\\x95\\xE5\\xB1\\x82...' for column 'body' at row 1")
  cur.execute(insert_sql % (repo_id, number, comment_id,body, created_at, login,author_association,is_pr))
comments_get.py:94: Warning: (1366L, u"Incorrect string value: '\\xE5\\xA5\\xBD\\xE7\\x9A\\x84...' for column 'body' at row 1")
  cur.execute(insert_sql % (repo_id, number, comment_id,body, created_at, login,author_association,is_pr))
comments_get.py:94: Warning: (1366L, u"Incorrect string value: '\\xF0\\x9F\\x92\\xA5 \\xF0...' for column 'body' at row 1")
  cur.execute(insert_sql % (repo_id, number, comment_id,body, created_at, login,author_association,is_pr))
comments_get.py:94: Warning: (1366L, u"Incorrect string value: '\\xE7\\xBB\\x8F\\xE6\\xB5\\x8B...' for column 'body' at row 1")
  cur.execute(insert_sql % (repo_id, number, comment_id,body, created_at, login,author_association,is_pr))
comments_get.py:94: Warning: (1366L, u"Incorrect string value: '\\xF0\\x9F\\x94\\xAE \\xE2...' for column 'body' at row 1")
  cur.execute(insert_sql % (repo_id, number, comment_id,body, created_at, login,author_association,is_pr))
comments_get.py:94: Warning: (1366L, u"Incorrect string value: '\\xF0\\x9F\\x98\\xA5' for column 'body' at row 1")
  cur.execute(insert_sql % (repo_id, number, comment_id,body, created_at, login,author_association,is_pr))
comments_get.py:94: Warning: (1366L, u"Incorrect string value: '\\xF0\\x9F\\x99\\x84\\x0D\\x0A' for column 'body' at row 1")
  cur.execute(insert_sql % (repo_id, number, comment_id,body, created_at, login,author_association,is_pr))
comments_get.py:94: Warning: (1366L, u"Incorrect string value: '\\xF0\\x9F\\x99\\x88 ' for column 'body' at row 1")
  cur.execute(insert_sql % (repo_id, number, comment_id,body, created_at, login,author_association,is_pr))
comments_get.py:94: Warning: (1366L, u"Incorrect string value: '\\xF0\\x9F\\x99\\x88\\x0D\\x0A...' for column 'body' at row 1")
  cur.execute(insert_sql % (repo_id, number, comment_id,body, created_at, login,author_association,is_pr))
comments_get.py:94: Warning: (1366L, u"Incorrect string value: '\\xF0\\x9F\\x91\\x8E  ...' for column 'body' at row 1")
  cur.execute(insert_sql % (repo_id, number, comment_id,body, created_at, login,author_association,is_pr))
comments_get.py:94: Warning: (1366L, u"Incorrect string value: '\\xF0\\x9F\\x98\\xAC ' for column 'body' at row 1")
  cur.execute(insert_sql % (repo_id, number, comment_id,body, created_at, login,author_association,is_pr))
comments_get.py:94: Warning: (1366L, u"Incorrect string value: '\\xE2\\x97\\x8B Na...' for column 'body' at row 1")
  cur.execute(insert_sql % (repo_id, number, comment_id,body, created_at, login,author_association,is_pr))
comments_get.py:94: Warning: (1366L, u"Incorrect string value: '\\xF0\\x9F\\x98\\xA2 \\x0D...' for column 'body' at row 1")
  cur.execute(insert_sql % (repo_id, number, comment_id,body, created_at, login,author_association,is_pr))
comments_get.py:94: Warning: (1366L, u"Incorrect string value: '\\xF0\\x9F\\x98\\x81 T...' for column 'body' at row 1")
  cur.execute(insert_sql % (repo_id, number, comment_id,body, created_at, login,author_association,is_pr))
comments_get.py:94: Warning: (1366L, u"Incorrect string value: '\\xF0\\x9F\\x91\\x8D T...' for column 'body' at row 1")
  cur.execute(insert_sql % (repo_id, number, comment_id,body, created_at, login,author_association,is_pr))
comments_get.py:94: Warning: (1366L, u"Incorrect string value: '\\xEF\\xBC\\x9F  o...' for column 'body' at row 1")
  cur.execute(insert_sql % (repo_id, number, comment_id,body, created_at, login,author_association,is_pr))
comments_get.py:94: Warning: (1366L, u"Incorrect string value: '\\xE3\\x81\\xAB\\xE3\\x81\\xA6...' for column 'body' at row 1")
  cur.execute(insert_sql % (repo_id, number, comment_id,body, created_at, login,author_association,is_pr))
comments_get.py:94: Warning: (1366L, u"Incorrect string value: '\\xE2\\x94\\x9C\\xE2\\x94\\x80...' for column 'body' at row 1")
  cur.execute(insert_sql % (repo_id, number, comment_id,body, created_at, login,author_association,is_pr))
comments_get.py:94: Warning: (1366L, u"Incorrect string value: '\\xE2\\x98\\xBA\\x0A' for column 'body' at row 1")
  cur.execute(insert_sql % (repo_id, number, comment_id,body, created_at, login,author_association,is_pr))
comments_get.py:94: Warning: (1366L, u"Incorrect string value: '\\xE2\\x98\\xBA\\x0A\\x0AN...' for column 'body' at row 1")
  cur.execute(insert_sql % (repo_id, number, comment_id,body, created_at, login,author_association,is_pr))
comments_get.py:94: Warning: (1366L, u"Incorrect string value: '\\xE7\\x9B\\xAE\\xE5\\x89\\x8D...' for column 'body' at row 1")
  cur.execute(insert_sql % (repo_id, number, comment_id,body, created_at, login,author_association,is_pr))
comments_get.py:94: Warning: (1366L, u"Incorrect string value: '\\xF0\\x9F\\xA4\\x94 (...' for column 'body' at row 1")
  cur.execute(insert_sql % (repo_id, number, comment_id,body, created_at, login,author_association,is_pr))
comments_get.py:94: Warning: (1366L, u"Incorrect string value: '\\xD0\\xBE\\xD0\\xBA\\x0A' for column 'body' at row 1")
  cur.execute(insert_sql % (repo_id, number, comment_id,body, created_at, login,author_association,is_pr))
comments_get.py:94: Warning: (1366L, u"Incorrect string value: '\\xF0\\x9F\\x98\\x81):...' for column 'body' at row 1")
  cur.execute(insert_sql % (repo_id, number, comment_id,body, created_at, login,author_association,is_pr))
comments_get.py:94: Warning: (1366L, u"Incorrect string value: '\\xF0\\x9F\\x98\\x84) ...' for column 'body' at row 1")
  cur.execute(insert_sql % (repo_id, number, comment_id,body, created_at, login,author_association,is_pr))
comments_get.py:94: Warning: (1366L, u"Incorrect string value: '\\xF0\\x9F\\x9A\\xA2 ' for column 'body' at row 1")
  cur.execute(insert_sql % (repo_id, number, comment_id,body, created_at, login,author_association,is_pr))
comments_get.py:94: Warning: (1366L, u"Incorrect string value: '\\xF0\\x9F\\x9A\\xA2  ...' for column 'body' at row 1")
  cur.execute(insert_sql % (repo_id, number, comment_id,body, created_at, login,author_association,is_pr))
comments_get.py:94: Warning: (1366L, u"Incorrect string value: '\\xF0\\x9F\\x9A\\xA2 t...' for column 'body' at row 1")
  cur.execute(insert_sql % (repo_id, number, comment_id,body, created_at, login,author_association,is_pr))
comments_get.py:94: Warning: (1366L, u"Incorrect string value: '\\xF0\\x9F\\x99\\x8C  ...' for column 'body' at row 1")
  cur.execute(insert_sql % (repo_id, number, comment_id,body, created_at, login,author_association,is_pr))
comments_get.py:94: Warning: (1366L, u"Incorrect string value: '\\xF0\\x9F\\x99\\x8C \\x0A...' for column 'body' at row 1")
  cur.execute(insert_sql % (repo_id, number, comment_id,body, created_at, login,author_association,is_pr))
comments_get.py:94: Warning: (1366L, u"Incorrect string value: '\\xF0\\x9F\\x90\\xB8\\x0A' for column 'body' at row 1")
  cur.execute(insert_sql % (repo_id, number, comment_id,body, created_at, login,author_association,is_pr))
comments_get.py:94: Warning: (1366L, u"Incorrect string value: '\\xE5\\x9B\\xA0\\xE4\\xB8\\xBA...' for column 'body' at row 1")
  cur.execute(insert_sql % (repo_id, number, comment_id,body, created_at, login,author_association,is_pr))
comments_get.py:94: Warning: (1366L, u"Incorrect string value: '\\xE5\\x9C\\xA8bef...' for column 'body' at row 1")
  cur.execute(insert_sql % (repo_id, number, comment_id,body, created_at, login,author_association,is_pr))
comments_get.py:94: Warning: (1366L, u"Incorrect string value: '\\xE9\\x82\\xA3\\xE8\\xBF\\x99...' for column 'body' at row 1")
  cur.execute(insert_sql % (repo_id, number, comment_id,body, created_at, login,author_association,is_pr))
comments_get.py:94: Warning: (1366L, u"Incorrect string value: '\\xE4\\xB8\\xBA\\xE4\\xBA\\x86...' for column 'body' at row 1")
  cur.execute(insert_sql % (repo_id, number, comment_id,body, created_at, login,author_association,is_pr))
comments_get.py:94: Warning: (1366L, u"Incorrect string value: '\\xE6\\x98\\xAF\\xE6\\x96\\x87...' for column 'body' at row 1")
  cur.execute(insert_sql % (repo_id, number, comment_id,body, created_at, login,author_association,is_pr))
comments_get.py:94: Warning: (1366L, u"Incorrect string value: '\\xE6\\x9A\\x82\\xE6\\x97\\xA0...' for column 'body' at row 1")
  cur.execute(insert_sql % (repo_id, number, comment_id,body, created_at, login,author_association,is_pr))
comments_get.py:94: Warning: (1366L, u"Incorrect string value: '\\xE5\\x8A\\x9F\\xE8\\x83\\xBD...' for column 'body' at row 1")
  cur.execute(insert_sql % (repo_id, number, comment_id,body, created_at, login,author_association,is_pr))
comments_get.py:94: Warning: (1366L, u"Incorrect string value: '\\xF0\\x9F\\x90\\xBA\\x0A' for column 'body' at row 1")
  cur.execute(insert_sql % (repo_id, number, comment_id,body, created_at, login,author_association,is_pr))
comments_get.py:94: Warning: (1366L, u"Incorrect string value: '\\xF0\\x9F\\x91\\x8D )...' for column 'body' at row 1")
  cur.execute(insert_sql % (repo_id, number, comment_id,body, created_at, login,author_association,is_pr))
comments_get.py:94: Warning: (1366L, u"Incorrect string value: '\\xE7\\x9C\\x8B\\xE4\\xB8\\x8D...' for column 'body' at row 1")
  cur.execute(insert_sql % (repo_id, number, comment_id,body, created_at, login,author_association,is_pr))
comments_get.py:94: Warning: (1366L, u"Incorrect string value: '\\xE5\\x9C\\xA8 co...' for column 'body' at row 1")
  cur.execute(insert_sql % (repo_id, number, comment_id,body, created_at, login,author_association,is_pr))
comments_get.py:94: Warning: (1366L, u"Incorrect string value: '\\xE5\\x92\\x8C\\xE8\\xBF\\x99...' for column 'body' at row 1")
  cur.execute(insert_sql % (repo_id, number, comment_id,body, created_at, login,author_association,is_pr))
comments_get.py:94: Warning: (1366L, u"Incorrect string value: '\\xE5\\xA5\\xBD\\xE5\\x83\\x8F...' for column 'body' at row 1")
  cur.execute(insert_sql % (repo_id, number, comment_id,body, created_at, login,author_association,is_pr))
comments_get.py:94: Warning: (1366L, u"Incorrect string value: '\\xE8\\x83\\xBD\\xE9\\x87\\x8D...' for column 'body' at row 1")
  cur.execute(insert_sql % (repo_id, number, comment_id,body, created_at, login,author_association,is_pr))
comments_get.py:94: Warning: (1366L, u"Incorrect string value: '\\xE6\\x88\\x91\\xE6\\x89\\xBE...' for column 'body' at row 1")
  cur.execute(insert_sql % (repo_id, number, comment_id,body, created_at, login,author_association,is_pr))
comments_get.py:94: Warning: (1366L, u"Incorrect string value: '\\xF0\\x9F\\x98\\x87 \\x0A' for column 'body' at row 1")
  cur.execute(insert_sql % (repo_id, number, comment_id,body, created_at, login,author_association,is_pr))
comments_get.py:94: Warning: (1366L, u"Incorrect string value: '\\xE6\\x98\\xAF\\xE6\\x88\\x91...' for column 'body' at row 1")
  cur.execute(insert_sql % (repo_id, number, comment_id,body, created_at, login,author_association,is_pr))
comments_get.py:94: Warning: (1366L, u"Incorrect string value: '\\xF0\\x9F\\x9A\\x80\\x0A' for column 'body' at row 1")
  cur.execute(insert_sql % (repo_id, number, comment_id,body, created_at, login,author_association,is_pr))
comments_get.py:94: Warning: (1366L, u"Incorrect string value: '\\xE6\\x98\\xAF\\xE5\\x90\\x8C...' for column 'body' at row 1")
  cur.execute(insert_sql % (repo_id, number, comment_id,body, created_at, login,author_association,is_pr))
comments_get.py:94: Warning: (1366L, u"Incorrect string value: '\\xE8\\xA6\\x81\\xE5\\x85\\xBB...' for column 'body' at row 1")
  cur.execute(insert_sql % (repo_id, number, comment_id,body, created_at, login,author_association,is_pr))
comments_get.py:94: Warning: (1366L, u"Incorrect string value: '\\xEF\\xBC\\x8Cthe...' for column 'body' at row 1")
  cur.execute(insert_sql % (repo_id, number, comment_id,body, created_at, login,author_association,is_pr))
comments_get.py:94: Warning: (1366L, u"Incorrect string value: '\\xE7\\x9C\\x8B\\xE4\\xBA\\x86...' for column 'body' at row 1")
  cur.execute(insert_sql % (repo_id, number, comment_id,body, created_at, login,author_association,is_pr))
comments_get.py:94: Warning: (1366L, u"Incorrect string value: '\\xF0\\x9F\\x8C\\x9A\\xE8\\x80...' for column 'body' at row 1")
  cur.execute(insert_sql % (repo_id, number, comment_id,body, created_at, login,author_association,is_pr))
comments_get.py:94: Warning: (1366L, u"Incorrect string value: '\\xF0\\x9F\\x98\\x89 \\x0A...' for column 'body' at row 1")
  cur.execute(insert_sql % (repo_id, number, comment_id,body, created_at, login,author_association,is_pr))
comments_get.py:94: Warning: (1366L, u"Incorrect string value: '\\xF0\\x9F\\x92\\x83  ...' for column 'body' at row 1")
  cur.execute(insert_sql % (repo_id, number, comment_id,body, created_at, login,author_association,is_pr))
comments_get.py:94: Warning: (1366L, u"Incorrect string value: '\\xCE\\xBB Dav...' for column 'body' at row 1")
  cur.execute(insert_sql % (repo_id, number, comment_id,body, created_at, login,author_association,is_pr))
comments_get.py:94: Warning: (1366L, u"Incorrect string value: '\\xEF\\xBC\\x8CI a...' for column 'body' at row 1")
  cur.execute(insert_sql % (repo_id, number, comment_id,body, created_at, login,author_association,is_pr))
comments_get.py:94: Warning: (1366L, u"Incorrect string value: '\\xE2\\x9D\\xA4\\xEF\\xB8\\x8F...' for column 'body' at row 1")
  cur.execute(insert_sql % (repo_id, number, comment_id,body, created_at, login,author_association,is_pr))
comments_get.py:94: Warning: (1366L, u"Incorrect string value: '\\xE3\\x81\\xAB\\xE7\\xA7\\xBB...' for column 'body' at row 1")
  cur.execute(insert_sql % (repo_id, number, comment_id,body, created_at, login,author_association,is_pr))
comments_get.py:94: Warning: (1366L, u"Incorrect string value: '\\xE0\\xA4\\xB6\\xE0\\xA5\\x8B...' for column 'body' at row 1")
  cur.execute(insert_sql % (repo_id, number, comment_id,body, created_at, login,author_association,is_pr))
comments_get.py:94: Warning: (1366L, u"Incorrect string value: '\\xE5\\xB8\\xAE\\xE5\\x8A\\xA9...' for column 'body' at row 1")
  cur.execute(insert_sql % (repo_id, number, comment_id,body, created_at, login,author_association,is_pr))
comments_get.py:94: Warning: (1366L, u"Incorrect string value: '\\xE4\\xB8\\x8D\\xE5\\xA6\\x82...' for column 'body' at row 1")
  cur.execute(insert_sql % (repo_id, number, comment_id,body, created_at, login,author_association,is_pr))
comments_get.py:94: Warning: (1366L, u"Incorrect string value: '\\xE5\\x8F\\xAF\\xE4\\xBB\\xA5...' for column 'body' at row 1")
  cur.execute(insert_sql % (repo_id, number, comment_id,body, created_at, login,author_association,is_pr))
comments_get.py:94: Warning: (1366L, u"Incorrect string value: '\\xE5\\x93\\x88\\xE5\\x93\\x88...' for column 'body' at row 1")
  cur.execute(insert_sql % (repo_id, number, comment_id,body, created_at, login,author_association,is_pr))
comments_get.py:94: Warning: (1366L, u"Incorrect string value: '\\xE6\\xB1\\x82\\xE6\\x95\\xAC...' for column 'body' at row 1")
  cur.execute(insert_sql % (repo_id, number, comment_id,body, created_at, login,author_association,is_pr))
comments_get.py:94: Warning: (1366L, u"Incorrect string value: '\\xE4\\xB8\\x80\\xE8\\xB5\\xB7...' for column 'body' at row 1")
  cur.execute(insert_sql % (repo_id, number, comment_id,body, created_at, login,author_association,is_pr))
comments_get.py:94: Warning: (1366L, u"Incorrect string value: '\\xE6\\x84\\x9F\\xE8\\xB0\\xA2...' for column 'body' at row 1")
  cur.execute(insert_sql % (repo_id, number, comment_id,body, created_at, login,author_association,is_pr))
comments_get.py:94: Warning: (1366L, u"Incorrect string value: '\\xE7\\x9C\\x8B\\xE6\\x9D\\xA5...' for column 'body' at row 1")
  cur.execute(insert_sql % (repo_id, number, comment_id,body, created_at, login,author_association,is_pr))
comments_get.py:94: Warning: (1366L, u"Incorrect string value: '\\xD0\\x94\\xD0\\xBB\\xD1\\x8F...' for column 'body' at row 1")
  cur.execute(insert_sql % (repo_id, number, comment_id,body, created_at, login,author_association,is_pr))
comments_get.py:94: Warning: (1366L, u"Incorrect string value: '\\xD0\\xBA\\xD1\\x83\\xD1\\x87...' for column 'body' at row 1")
  cur.execute(insert_sql % (repo_id, number, comment_id,body, created_at, login,author_association,is_pr))
comments_get.py:94: Warning: (1366L, u"Incorrect string value: '\\xE0\\xA4\\xA7\\xE0\\xA4\\xBE...' for column 'body' at row 1")
  cur.execute(insert_sql % (repo_id, number, comment_id,body, created_at, login,author_association,is_pr))
comments_get.py:94: Warning: (1366L, u"Incorrect string value: '\\xE0\\xA4\\xA3\\xE0\\xA4\\xBF...' for column 'body' at row 1")
  cur.execute(insert_sql % (repo_id, number, comment_id,body, created_at, login,author_association,is_pr))
comments_get.py:94: Warning: (1366L, u"Incorrect string value: '\\xE2\\x99\\xBB\\xEF\\xB8\\x8F...' for column 'body' at row 1")
  cur.execute(insert_sql % (repo_id, number, comment_id,body, created_at, login,author_association,is_pr))
comments_get.py:94: Warning: (1366L, u"Incorrect string value: '\\xE5\\xB7\\xB2\\xE8\\xA7\\xA3...' for column 'body' at row 1")
  cur.execute(insert_sql % (repo_id, number, comment_id,body, created_at, login,author_association,is_pr))
comments_get.py:94: Warning: (1366L, u"Incorrect string value: '\\xF0\\x9F\\x8E\\x8A W...' for column 'body' at row 1")
  cur.execute(insert_sql % (repo_id, number, comment_id,body, created_at, login,author_association,is_pr))
comments_get.py:94: Warning: (1366L, u"Incorrect string value: '\\xD0\\xBA\\xD0\\xB0\\xD0\\xBA...' for column 'body' at row 1")
  cur.execute(insert_sql % (repo_id, number, comment_id,body, created_at, login,author_association,is_pr))
comments_get.py:94: Warning: (1366L, u"Incorrect string value: '\\xD0\\xBD\\xD0\\xB5 \\xD0...' for column 'body' at row 1")
  cur.execute(insert_sql % (repo_id, number, comment_id,body, created_at, login,author_association,is_pr))
comments_get.py:94: Warning: (1366L, u"Incorrect string value: '\\xD0\\xBE\\xD0\\xBA, ...' for column 'body' at row 1")
  cur.execute(insert_sql % (repo_id, number, comment_id,body, created_at, login,author_association,is_pr))
comments_get.py:94: Warning: (1366L, u"Incorrect string value: '\\xF0\\x9F\\x98\\x84\\x0D\\x0A...' for column 'body' at row 1")
  cur.execute(insert_sql % (repo_id, number, comment_id,body, created_at, login,author_association,is_pr))
comments_get.py:94: Warning: (1366L, u"Incorrect string value: '\\xE2\\xAD\\x90\\xEF\\xB8\\x8F...' for column 'body' at row 1")
  cur.execute(insert_sql % (repo_id, number, comment_id,body, created_at, login,author_association,is_pr))
comments_get.py:94: Warning: (1366L, u"Incorrect string value: '\\xE2\\x9C\\x96 6 ...' for column 'body' at row 1")
  cur.execute(insert_sql % (repo_id, number, comment_id,body, created_at, login,author_association,is_pr))
comments_get.py:94: Warning: (1366L, u"Incorrect string value: '\\xE9\\x94\\x99\\xE8\\xAF\\xAF...' for column 'body' at row 1")
  cur.execute(insert_sql % (repo_id, number, comment_id,body, created_at, login,author_association,is_pr))
comments_get.py:94: Warning: (1366L, u"Incorrect string value: '\\xE2\\x86\\x92\\x0Ase...' for column 'body' at row 1")
  cur.execute(insert_sql % (repo_id, number, comment_id,body, created_at, login,author_association,is_pr))
comments_get.py:94: Warning: (1366L, u"Incorrect string value: '\\xD1\\x81\\xD1\\x81 @...' for column 'body' at row 1")
  cur.execute(insert_sql % (repo_id, number, comment_id,body, created_at, login,author_association,is_pr))
comments_get.py:94: Warning: (1366L, u"Incorrect string value: '\\xE2\\x82\\xB9\\x0A  ...' for column 'body' at row 1")
  cur.execute(insert_sql % (repo_id, number, comment_id,body, created_at, login,author_association,is_pr))
comments_get.py:94: Warning: (1366L, u"Incorrect string value: '\\xF0\\x9F\\x92\\xA5 ' for column 'body' at row 1")
  cur.execute(insert_sql % (repo_id, number, comment_id,body, created_at, login,author_association,is_pr))
comments_get.py:94: Warning: (1366L, u"Incorrect string value: '\\xF0\\x9F\\x98\\x84 h...' for column 'body' at row 1")
  cur.execute(insert_sql % (repo_id, number, comment_id,body, created_at, login,author_association,is_pr))
comments_get.py:94: Warning: (1366L, u"Incorrect string value: '\\xF0\\x9F\\x98\\xAE g...' for column 'body' at row 1")
  cur.execute(insert_sql % (repo_id, number, comment_id,body, created_at, login,author_association,is_pr))
comments_get.py:94: Warning: (1366L, u"Incorrect string value: '\\xF0\\x9F\\x91\\x8D s...' for column 'body' at row 1")
  cur.execute(insert_sql % (repo_id, number, comment_id,body, created_at, login,author_association,is_pr))
comments_get.py:94: Warning: (1366L, u"Incorrect string value: '\\xF0\\x9F\\x91\\x8D' for column 'body' at row 1")
  cur.execute(insert_sql % (repo_id, number, comment_id,body, created_at, login,author_association,is_pr))
comments_get.py:94: Warning: (1366L, u"Incorrect string value: '\\xE2\\x80\\x95\\x0A> ...' for column 'body' at row 1")
  cur.execute(insert_sql % (repo_id, number, comment_id,body, created_at, login,author_association,is_pr))
comments_get.py:94: Warning: (1366L, u"Incorrect string value: '\\xF0\\x9F\\x91\\x8D L...' for column 'body' at row 1")
  cur.execute(insert_sql % (repo_id, number, comment_id,body, created_at, login,author_association,is_pr))
comments_get.py:94: Warning: (1366L, u"Incorrect string value: '\\xF0\\x9F\\x9A\\x80' for column 'body' at row 1")
  cur.execute(insert_sql % (repo_id, number, comment_id,body, created_at, login,author_association,is_pr))
comments_get.py:94: Warning: (1366L, u"Incorrect string value: '\\xF0\\x9F\\x9A\\x80\\x0D\\x0A...' for column 'body' at row 1")
  cur.execute(insert_sql % (repo_id, number, comment_id,body, created_at, login,author_association,is_pr))
comments_get.py:94: Warning: (1366L, u"Incorrect string value: '\\xF0\\x9F\\x8D\\xBB \\x0A...' for column 'body' at row 1")
  cur.execute(insert_sql % (repo_id, number, comment_id,body, created_at, login,author_association,is_pr))
comments_get.py:94: Warning: (1366L, u"Incorrect string value: '\\xF0\\x9F\\x88\\xAF\\xEF\\xB8...' for column 'body' at row 1")
  cur.execute(insert_sql % (repo_id, number, comment_id,body, created_at, login,author_association,is_pr))
comments_get.py:94: Warning: (1366L, u"Incorrect string value: '\\xF0\\x9F\\x8C\\xAE \\xF0...' for column 'body' at row 1")
  cur.execute(insert_sql % (repo_id, number, comment_id,body, created_at, login,author_association,is_pr))
comments_get.py:94: Warning: (1366L, u"Incorrect string value: '\\xE5\\xB7\\xB2\\xE5\\x9C\\xA8...' for column 'body' at row 1")
  cur.execute(insert_sql % (repo_id, number, comment_id,body, created_at, login,author_association,is_pr))
comments_get.py:94: Warning: (1366L, u"Incorrect string value: '\\xD0\\x90 \\xD0\\xB5\\xD1...' for column 'body' at row 1")
  cur.execute(insert_sql % (repo_id, number, comment_id,body, created_at, login,author_association,is_pr))
comments_get.py:94: Warning: (1366L, u"Incorrect string value: '\\xD0\\x9A\\xD0\\xB0\\xD0\\xBA...' for column 'body' at row 1")
  cur.execute(insert_sql % (repo_id, number, comment_id,body, created_at, login,author_association,is_pr))
comments_get.py:94: Warning: (1366L, u"Incorrect string value: '\\xD0\\xA2\\xD1\\x83\\xD1\\x82...' for column 'body' at row 1")
  cur.execute(insert_sql % (repo_id, number, comment_id,body, created_at, login,author_association,is_pr))
comments_get.py:94: Warning: (1366L, u"Incorrect string value: '\\xD0\\x94\\xD0\\xB0, ...' for column 'body' at row 1")
  cur.execute(insert_sql % (repo_id, number, comment_id,body, created_at, login,author_association,is_pr))
comments_get.py:94: Warning: (1366L, u"Incorrect string value: '\\xF0\\x9F\\x91\\x80 ' for column 'body' at row 1")
  cur.execute(insert_sql % (repo_id, number, comment_id,body, created_at, login,author_association,is_pr))
comments_get.py:94: Warning: (1366L, u"Incorrect string value: '\\xE2\\x9C\\x93 ha...' for column 'body' at row 1")
  cur.execute(insert_sql % (repo_id, number, comment_id,body, created_at, login,author_association,is_pr))
comments_get.py:94: Warning: (1366L, u"Incorrect string value: '\\xF0\\x9F\\x98\\x85 \\x0A...' for column 'body' at row 1")
  cur.execute(insert_sql % (repo_id, number, comment_id,body, created_at, login,author_association,is_pr))
