comments_get.py:94: Warning: (1265L, u"Data truncated for column 'created_at' at row 1")
  cur.execute(insert_sql % (repo_id, number, comment_id,body, created_at, login,author_association,is_pr))
comments_get.py:94: Warning: (1366L, u"Incorrect string value: '\\xF0\\x9F\\x92\\xAF ....' for column 'body' at row 1")
  cur.execute(insert_sql % (repo_id, number, comment_id,body, created_at, login,author_association,is_pr))
comments_get.py:94: Warning: (1366L, u"Incorrect string value: '\\xF0\\x9F\\x91\\x8D\\x0A' for column 'body' at row 1")
  cur.execute(insert_sql % (repo_id, number, comment_id,body, created_at, login,author_association,is_pr))
comments_get.py:94: Warning: (1366L, u"Incorrect string value: '\\xE2\\x80\\x82[<i...' for column 'body' at row 1")
  cur.execute(insert_sql % (repo_id, number, comment_id,body, created_at, login,author_association,is_pr))
comments_get.py:94: Warning: (1366L, u"Incorrect string value: '\\xF0\\x9F\\x9A\\x80 T...' for column 'body' at row 1")
  cur.execute(insert_sql % (repo_id, number, comment_id,body, created_at, login,author_association,is_pr))
comments_get.py:94: Warning: (1366L, u"Incorrect string value: '\\xEF\\xBC\\x8C we...' for column 'body' at row 1")
  cur.execute(insert_sql % (repo_id, number, comment_id,body, created_at, login,author_association,is_pr))
comments_get.py:94: Warning: (1366L, u"Incorrect string value: '\\xF0\\x9F\\x91\\x8D \\x0A' for column 'body' at row 1")
  cur.execute(insert_sql % (repo_id, number, comment_id,body, created_at, login,author_association,is_pr))
comments_get.py:94: Warning: (1366L, u"Incorrect string value: '\\xE6\\x9A\\x82\\xE6\\x97\\xB6...' for column 'body' at row 1")
  cur.execute(insert_sql % (repo_id, number, comment_id,body, created_at, login,author_association,is_pr))
comments_get.py:94: Warning: (1366L, u"Incorrect string value: '\\xF0\\x9F\\x90\\xAF\\x0A/...' for column 'body' at row 1")
  cur.execute(insert_sql % (repo_id, number, comment_id,body, created_at, login,author_association,is_pr))
comments_get.py:94: Warning: (1366L, u"Incorrect string value: '\\xF0\\x9F\\x98\\x86 \\x0A' for column 'body' at row 1")
  cur.execute(insert_sql % (repo_id, number, comment_id,body, created_at, login,author_association,is_pr))
comments_get.py:94: Warning: (1366L, u"Incorrect string value: '\\xF0\\x9F\\x91\\xAF \\x0A' for column 'body' at row 1")
  cur.execute(insert_sql % (repo_id, number, comment_id,body, created_at, login,author_association,is_pr))
comments_get.py:94: Warning: (1366L, u"Incorrect string value: '\\xF0\\x9F\\x91\\xB9\\x0A' for column 'body' at row 1")
  cur.execute(insert_sql % (repo_id, number, comment_id,body, created_at, login,author_association,is_pr))
comments_get.py:94: Warning: (1366L, u"Incorrect string value: '\\xF0\\x9F\\x92\\xA3 \\x0A...' for column 'body' at row 1")
  cur.execute(insert_sql % (repo_id, number, comment_id,body, created_at, login,author_association,is_pr))
comments_get.py:94: Warning: (1366L, u"Incorrect string value: '\\xE5\\x8F\\xAF\\xE4\\xBB\\xA5...' for column 'body' at row 1")
  cur.execute(insert_sql % (repo_id, number, comment_id,body, created_at, login,author_association,is_pr))
comments_get.py:94: Warning: (1366L, u"Incorrect string value: '\\xE8\\x87\\xAA\\xE5\\xB7\\xB1...' for column 'body' at row 1")
  cur.execute(insert_sql % (repo_id, number, comment_id,body, created_at, login,author_association,is_pr))
comments_get.py:94: Warning: (1366L, u"Incorrect string value: '\\xE6\\x88\\x91\\xE5\\x8F\\x91...' for column 'body' at row 1")
  cur.execute(insert_sql % (repo_id, number, comment_id,body, created_at, login,author_association,is_pr))
comments_get.py:94: Warning: (1366L, u"Incorrect string value: '\\xE7\\xBB\\x99\\xE4\\xB8\\xAA...' for column 'body' at row 1")
  cur.execute(insert_sql % (repo_id, number, comment_id,body, created_at, login,author_association,is_pr))
comments_get.py:94: Warning: (1366L, u"Incorrect string value: '\\xE4\\xBD\\xA0\\xE8\\xBF\\x99...' for column 'body' at row 1")
  cur.execute(insert_sql % (repo_id, number, comment_id,body, created_at, login,author_association,is_pr))
comments_get.py:94: Warning: (1366L, u"Incorrect string value: '\\xE6\\x89\\xBE\\xE5\\x88\\xB0...' for column 'body' at row 1")
  cur.execute(insert_sql % (repo_id, number, comment_id,body, created_at, login,author_association,is_pr))
comments_get.py:94: Warning: (1366L, u"Incorrect string value: '\\xE6\\x88\\x91\\xE8\\xA7\\x89...' for column 'body' at row 1")
  cur.execute(insert_sql % (repo_id, number, comment_id,body, created_at, login,author_association,is_pr))
comments_get.py:94: Warning: (1366L, u"Incorrect string value: '\\xD0\\xA1# wi...' for column 'body' at row 1")
  cur.execute(insert_sql % (repo_id, number, comment_id,body, created_at, login,author_association,is_pr))
comments_get.py:94: Warning: (1366L, u"Incorrect string value: '\\xCF\\x89 pre...' for column 'body' at row 1")
  cur.execute(insert_sql % (repo_id, number, comment_id,body, created_at, login,author_association,is_pr))
comments_get.py:94: Warning: (1366L, u"Incorrect string value: '\\xE2\\x86\\x92 <<...' for column 'body' at row 1")
  cur.execute(insert_sql % (repo_id, number, comment_id,body, created_at, login,author_association,is_pr))
comments_get.py:94: Warning: (1366L, u"Incorrect string value: '\\xF0\\x9F\\x91\\x8D \\x0D...' for column 'body' at row 1")
  cur.execute(insert_sql % (repo_id, number, comment_id,body, created_at, login,author_association,is_pr))
comments_get.py:94: Warning: (1366L, u"Incorrect string value: '\\xF0\\x9F\\xA5\\x87\\x0D\\x0A...' for column 'body' at row 1")
  cur.execute(insert_sql % (repo_id, number, comment_id,body, created_at, login,author_association,is_pr))
comments_get.py:94: Warning: (1366L, u"Incorrect string value: '\\xF0\\x9F\\x91\\x8D f...' for column 'body' at row 1")
  cur.execute(insert_sql % (repo_id, number, comment_id,body, created_at, login,author_association,is_pr))
comments_get.py:94: Warning: (1366L, u"Incorrect string value: '\\xE5\\x85\\x88\\xE9\\x97\\xAE...' for column 'body' at row 1")
  cur.execute(insert_sql % (repo_id, number, comment_id,body, created_at, login,author_association,is_pr))
comments_get.py:94: Warning: (1366L, u"Incorrect string value: '\\xE7\\xBD\\x91\\xE9\\xA1\\xB5...' for column 'body' at row 1")
  cur.execute(insert_sql % (repo_id, number, comment_id,body, created_at, login,author_association,is_pr))
comments_get.py:94: Warning: (1366L, u"Incorrect string value: '\\xE6\\xB2\\xA1\\xE9\\x87\\x8D...' for column 'body' at row 1")
  cur.execute(insert_sql % (repo_id, number, comment_id,body, created_at, login,author_association,is_pr))
comments_get.py:94: Warning: (1366L, u"Incorrect string value: '\\xE7\\x9C\\x8B\\xE4\\xBA\\x86...' for column 'body' at row 1")
  cur.execute(insert_sql % (repo_id, number, comment_id,body, created_at, login,author_association,is_pr))
comments_get.py:94: Warning: (1366L, u"Incorrect string value: '\\xF0\\x9F\\x91\\x8D. ...' for column 'body' at row 1")
  cur.execute(insert_sql % (repo_id, number, comment_id,body, created_at, login,author_association,is_pr))
comments_get.py:94: Warning: (1366L, u"Incorrect string value: '\\xF0\\x9F\\x91\\x8D' for column 'body' at row 1")
  cur.execute(insert_sql % (repo_id, number, comment_id,body, created_at, login,author_association,is_pr))
comments_get.py:94: Warning: (1366L, u"Incorrect string value: '\\xE5\\x81\\x9A\\xE4\\xBA\\x86...' for column 'body' at row 1")
  cur.execute(insert_sql % (repo_id, number, comment_id,body, created_at, login,author_association,is_pr))
comments_get.py:94: Warning: (1366L, u"Incorrect string value: '\\xE7\\xBB\\x8F\\xE6\\xB5\\x8B...' for column 'body' at row 1")
  cur.execute(insert_sql % (repo_id, number, comment_id,body, created_at, login,author_association,is_pr))
comments_get.py:94: Warning: (1366L, u"Incorrect string value: '\\xF0\\x9F\\x98\\x9B.\\x0A' for column 'body' at row 1")
  cur.execute(insert_sql % (repo_id, number, comment_id,body, created_at, login,author_association,is_pr))
comments_get.py:94: Warning: (1366L, u"Incorrect string value: '\\xF0\\x9F\\x98\\x81 ' for column 'body' at row 1")
  cur.execute(insert_sql % (repo_id, number, comment_id,body, created_at, login,author_association,is_pr))
comments_get.py:94: Warning: (1366L, u"Incorrect string value: '\\xF0\\x9F\\x98\\xA8 I...' for column 'body' at row 1")
  cur.execute(insert_sql % (repo_id, number, comment_id,body, created_at, login,author_association,is_pr))
comments_get.py:94: Warning: (1366L, u"Incorrect string value: '\\xF0\\x9F\\x91\\x8D ' for column 'body' at row 1")
  cur.execute(insert_sql % (repo_id, number, comment_id,body, created_at, login,author_association,is_pr))
comments_get.py:94: Warning: (1366L, u"Incorrect string value: '\\xE8\\xBF\\x99\\xE4\\xB8\\xAA...' for column 'body' at row 1")
  cur.execute(insert_sql % (repo_id, number, comment_id,body, created_at, login,author_association,is_pr))
comments_get.py:94: Warning: (1366L, u"Incorrect string value: '\\xE8\\xBF\\x98\\xE6\\x98\\xAF...' for column 'body' at row 1")
  cur.execute(insert_sql % (repo_id, number, comment_id,body, created_at, login,author_association,is_pr))
comments_get.py:94: Warning: (1366L, u"Incorrect string value: '\\xE4\\xB8\\x8D\\xE7\\x94\\xA8...' for column 'body' at row 1")
  cur.execute(insert_sql % (repo_id, number, comment_id,body, created_at, login,author_association,is_pr))
comments_get.py:94: Warning: (1366L, u"Incorrect string value: '\\xF0\\x9F\\x91\\x8C \\x0A' for column 'body' at row 1")
  cur.execute(insert_sql % (repo_id, number, comment_id,body, created_at, login,author_association,is_pr))
comments_get.py:94: Warning: (1366L, u"Incorrect string value: '\\xD1\\x84\\xD0\\xB5\\xD0\\xB2...' for column 'body' at row 1")
  cur.execute(insert_sql % (repo_id, number, comment_id,body, created_at, login,author_association,is_pr))
comments_get.py:94: Warning: (1366L, u"Incorrect string value: '\\xF0\\x9F\\x91\\x8D  ...' for column 'body' at row 1")
  cur.execute(insert_sql % (repo_id, number, comment_id,body, created_at, login,author_association,is_pr))
comments_get.py:94: Warning: (1366L, u"Incorrect string value: '\\xF0\\x9F\\x99\\x82' for column 'body' at row 1")
  cur.execute(insert_sql % (repo_id, number, comment_id,body, created_at, login,author_association,is_pr))
comments_get.py:94: Warning: (1366L, u"Incorrect string value: '\\xF0\\x9F\\x98\\x89 ' for column 'body' at row 1")
  cur.execute(insert_sql % (repo_id, number, comment_id,body, created_at, login,author_association,is_pr))
comments_get.py:94: Warning: (1366L, u"Incorrect string value: '\\xE6\\xAD\\xA3\\xE5\\xB8\\xB8...' for column 'body' at row 1")
  cur.execute(insert_sql % (repo_id, number, comment_id,body, created_at, login,author_association,is_pr))
comments_get.py:94: Warning: (1366L, u"Incorrect string value: '\\xF0\\x9F\\x91\\x80  ...' for column 'body' at row 1")
  cur.execute(insert_sql % (repo_id, number, comment_id,body, created_at, login,author_association,is_pr))
comments_get.py:94: Warning: (1366L, u"Incorrect string value: '\\xF0\\x9F\\x98\\x95. ...' for column 'body' at row 1")
  cur.execute(insert_sql % (repo_id, number, comment_id,body, created_at, login,author_association,is_pr))
comments_get.py:94: Warning: (1366L, u"Incorrect string value: '\\xEF\\xBC\\x8C do...' for column 'body' at row 1")
  cur.execute(insert_sql % (repo_id, number, comment_id,body, created_at, login,author_association,is_pr))
comments_get.py:94: Warning: (1366L, u"Incorrect string value: '\\xD0\\xB9\\xD1\\x86\\xD1\\x83...' for column 'body' at row 1")
  cur.execute(insert_sql % (repo_id, number, comment_id,body, created_at, login,author_association,is_pr))
comments_get.py:94: Warning: (1366L, u"Incorrect string value: '\\xF0\\x9F\\x98\\x84' for column 'body' at row 1")
  cur.execute(insert_sql % (repo_id, number, comment_id,body, created_at, login,author_association,is_pr))
comments_get.py:94: Warning: (1366L, u"Incorrect string value: '\\xE4\\xB8\\x8D\\xE6\\x94\\xAF...' for column 'body' at row 1")
  cur.execute(insert_sql % (repo_id, number, comment_id,body, created_at, login,author_association,is_pr))
comments_get.py:94: Warning: (1366L, u"Incorrect string value: '\\xE7\\x94\\xA8v-i...' for column 'body' at row 1")
  cur.execute(insert_sql % (repo_id, number, comment_id,body, created_at, login,author_association,is_pr))
comments_get.py:94: Warning: (1366L, u"Incorrect string value: '\\xD0\\x97\\x0D\\x0A\\x0D\\x0A...' for column 'body' at row 1")
  cur.execute(insert_sql % (repo_id, number, comment_id,body, created_at, login,author_association,is_pr))
comments_get.py:94: Warning: (1366L, u"Incorrect string value: '\\xD0\\x97\\x0D\\x0Aht...' for column 'body' at row 1")
  cur.execute(insert_sql % (repo_id, number, comment_id,body, created_at, login,author_association,is_pr))
comments_get.py:94: Warning: (1366L, u"Incorrect string value: '\\xF0\\x9F\\x98\\x84 \\x0D...' for column 'body' at row 1")
  cur.execute(insert_sql % (repo_id, number, comment_id,body, created_at, login,author_association,is_pr))
comments_get.py:94: Warning: (1366L, u"Incorrect string value: '\\xE5\\x9C\\xA8 Up...' for column 'body' at row 1")
  cur.execute(insert_sql % (repo_id, number, comment_id,body, created_at, login,author_association,is_pr))
comments_get.py:94: Warning: (1366L, u"Incorrect string value: '\\xCE\\x94 = a...' for column 'body' at row 1")
  cur.execute(insert_sql % (repo_id, number, comment_id,body, created_at, login,author_association,is_pr))
comments_get.py:94: Warning: (1366L, u"Incorrect string value: '\\xF0\\x9F\\x90\\xB6\\x0AM...' for column 'body' at row 1")
  cur.execute(insert_sql % (repo_id, number, comment_id,body, created_at, login,author_association,is_pr))
comments_get.py:94: Warning: (1366L, u"Incorrect string value: '\\xF0\\x9F\\x90\\xAE\\x0A' for column 'body' at row 1")
  cur.execute(insert_sql % (repo_id, number, comment_id,body, created_at, login,author_association,is_pr))
comments_get.py:94: Warning: (1366L, u"Incorrect string value: '\\xF0\\x9F\\x91\\xBC ' for column 'body' at row 1")
  cur.execute(insert_sql % (repo_id, number, comment_id,body, created_at, login,author_association,is_pr))
comments_get.py:94: Warning: (1366L, u"Incorrect string value: '\\xF0\\x9F\\x91\\x8D \\x0A...' for column 'body' at row 1")
  cur.execute(insert_sql % (repo_id, number, comment_id,body, created_at, login,author_association,is_pr))
comments_get.py:94: Warning: (1366L, u"Incorrect string value: '\\xF0\\x9F\\x98\\x84 \\x0A' for column 'body' at row 1")
  cur.execute(insert_sql % (repo_id, number, comment_id,body, created_at, login,author_association,is_pr))
comments_get.py:94: Warning: (1366L, u"Incorrect string value: '\\xF0\\x9F\\x91\\x8D.\\x0A' for column 'body' at row 1")
  cur.execute(insert_sql % (repo_id, number, comment_id,body, created_at, login,author_association,is_pr))
comments_get.py:94: Warning: (1366L, u"Incorrect string value: '\\xF0\\x9F\\x8E\\x89 \\x0D...' for column 'body' at row 1")
  cur.execute(insert_sql % (repo_id, number, comment_id,body, created_at, login,author_association,is_pr))
comments_get.py:94: Warning: (1366L, u"Incorrect string value: '\\xE2\\x97\\x8F ku...' for column 'body' at row 1")
  cur.execute(insert_sql % (repo_id, number, comment_id,body, created_at, login,author_association,is_pr))
comments_get.py:94: Warning: (1366L, u"Incorrect string value: '\\xF0\\x9F\\x8E\\x89  ...' for column 'body' at row 1")
  cur.execute(insert_sql % (repo_id, number, comment_id,body, created_at, login,author_association,is_pr))
comments_get.py:94: Warning: (1366L, u"Incorrect string value: '\\xE2\\x88\\x85  s...' for column 'body' at row 1")
  cur.execute(insert_sql % (repo_id, number, comment_id,body, created_at, login,author_association,is_pr))
comments_get.py:94: Warning: (1366L, u"Incorrect string value: '\\xF0\\x9F\\x98\\x89! ...' for column 'body' at row 1")
  cur.execute(insert_sql % (repo_id, number, comment_id,body, created_at, login,author_association,is_pr))
comments_get.py:94: Warning: (1366L, u"Incorrect string value: '\\xE8\\xBF\\x99\\xE6\\x98\\xAF...' for column 'body' at row 1")
  cur.execute(insert_sql % (repo_id, number, comment_id,body, created_at, login,author_association,is_pr))
comments_get.py:94: Warning: (1366L, u"Incorrect string value: '\\xE8\\xB0\\xA2\\xE8\\xB0\\xA2...' for column 'body' at row 1")
  cur.execute(insert_sql % (repo_id, number, comment_id,body, created_at, login,author_association,is_pr))
comments_get.py:94: Warning: (1366L, u"Incorrect string value: '\\xE2\\x80\\x8B. O...' for column 'body' at row 1")
  cur.execute(insert_sql % (repo_id, number, comment_id,body, created_at, login,author_association,is_pr))
comments_get.py:94: Warning: (1366L, u"Incorrect string value: '\\xE7\\x8E\\xB0\\xE5\\x9C\\xA8...' for column 'body' at row 1")
  cur.execute(insert_sql % (repo_id, number, comment_id,body, created_at, login,author_association,is_pr))
comments_get.py:94: Warning: (1366L, u"Incorrect string value: '\\xE5\\x90\\x88\\xE4\\xBA\\x86...' for column 'body' at row 1")
  cur.execute(insert_sql % (repo_id, number, comment_id,body, created_at, login,author_association,is_pr))
comments_get.py:94: Warning: (1366L, u"Incorrect string value: '\\xE5\\xAF\\xB9\\xE7\\x9A\\x84...' for column 'body' at row 1")
  cur.execute(insert_sql % (repo_id, number, comment_id,body, created_at, login,author_association,is_pr))
comments_get.py:94: Warning: (1366L, u"Incorrect string value: '\\xE4\\xBD\\xA0\\xE7\\x9A\\x84...' for column 'body' at row 1")
  cur.execute(insert_sql % (repo_id, number, comment_id,body, created_at, login,author_association,is_pr))
comments_get.py:94: Warning: (1366L, u"Incorrect string value: '\\xE4\\xBD\\xBF\\xE7\\x94\\xA8...' for column 'body' at row 1")
  cur.execute(insert_sql % (repo_id, number, comment_id,body, created_at, login,author_association,is_pr))
comments_get.py:94: Warning: (1366L, u"Incorrect string value: '\\xE6\\x95\\xB0\\xE6\\x8D\\xAE...' for column 'body' at row 1")
  cur.execute(insert_sql % (repo_id, number, comment_id,body, created_at, login,author_association,is_pr))
comments_get.py:94: Warning: (1366L, u"Incorrect string value: '\\xE2\\x80\\x8B \\x0A' for column 'body' at row 1")
  cur.execute(insert_sql % (repo_id, number, comment_id,body, created_at, login,author_association,is_pr))
comments_get.py:94: Warning: (1366L, u"Incorrect string value: '\\xCE\\xBB cat...' for column 'body' at row 1")
  cur.execute(insert_sql % (repo_id, number, comment_id,body, created_at, login,author_association,is_pr))
comments_get.py:94: Warning: (1366L, u"Incorrect string value: '\\xD1\\x8F \\xD0\\xBF\\xD0...' for column 'body' at row 1")
  cur.execute(insert_sql % (repo_id, number, comment_id,body, created_at, login,author_association,is_pr))
comments_get.py:94: Warning: (1366L, u"Incorrect string value: '\\xE3\\x85\\x81\\x0A  ...' for column 'body' at row 1")
  cur.execute(insert_sql % (repo_id, number, comment_id,body, created_at, login,author_association,is_pr))
comments_get.py:94: Warning: (1366L, u"Incorrect string value: '\\xF0\\x9F\\x98\\x86 m...' for column 'body' at row 1")
  cur.execute(insert_sql % (repo_id, number, comment_id,body, created_at, login,author_association,is_pr))
comments_get.py:94: Warning: (1366L, u"Incorrect string value: '\\xF0\\x9F\\x98\\x89 \\x0D...' for column 'body' at row 1")
  cur.execute(insert_sql % (repo_id, number, comment_id,body, created_at, login,author_association,is_pr))
comments_get.py:94: Warning: (1366L, u"Incorrect string value: '\\xE2\\x95\\xB0\\xE2\\x94\\x80...' for column 'body' at row 1")
  cur.execute(insert_sql % (repo_id, number, comment_id,body, created_at, login,author_association,is_pr))
comments_get.py:94: Warning: (1366L, u"Incorrect string value: '\\xF0\\x9F\\x98\\x84 ....' for column 'body' at row 1")
  cur.execute(insert_sql % (repo_id, number, comment_id,body, created_at, login,author_association,is_pr))
comments_get.py:94: Warning: (1366L, u"Incorrect string value: '\\xF0\\x9F\\x91\\x8D A...' for column 'body' at row 1")
  cur.execute(insert_sql % (repo_id, number, comment_id,body, created_at, login,author_association,is_pr))
comments_get.py:94: Warning: (1366L, u"Incorrect string value: '\\xF0\\x9F\\x98\\x84 ' for column 'body' at row 1")
  cur.execute(insert_sql % (repo_id, number, comment_id,body, created_at, login,author_association,is_pr))
comments_get.py:94: Warning: (1366L, u"Incorrect string value: '\\xE2\\x94\\x9C\\xE2\\x94\\x80...' for column 'body' at row 1")
  cur.execute(insert_sql % (repo_id, number, comment_id,body, created_at, login,author_association,is_pr))
comments_get.py:94: Warning: (1366L, u"Incorrect string value: '\\xF0\\x9F\\x91\\x8D T...' for column 'body' at row 1")
  cur.execute(insert_sql % (repo_id, number, comment_id,body, created_at, login,author_association,is_pr))
comments_get.py:94: Warning: (1366L, u"Incorrect string value: '\\xF0\\x9F\\x98\\x9D )...' for column 'body' at row 1")
  cur.execute(insert_sql % (repo_id, number, comment_id,body, created_at, login,author_association,is_pr))
comments_get.py:94: Warning: (1366L, u"Incorrect string value: '\\xE2\\x88\\x92up/...' for column 'body' at row 1")
  cur.execute(insert_sql % (repo_id, number, comment_id,body, created_at, login,author_association,is_pr))
comments_get.py:94: Warning: (1366L, u"Incorrect string value: '\\xF0\\x9F\\x98\\xA8 \\x0A' for column 'body' at row 1")
  cur.execute(insert_sql % (repo_id, number, comment_id,body, created_at, login,author_association,is_pr))
comments_get.py:94: Warning: (1366L, u"Incorrect string value: '\\xF0\\x9F\\x91\\x8D -...' for column 'body' at row 1")
  cur.execute(insert_sql % (repo_id, number, comment_id,body, created_at, login,author_association,is_pr))
comments_get.py:94: Warning: (1366L, u"Incorrect string value: '\\xE2\\x98\\x81  m...' for column 'body' at row 1")
  cur.execute(insert_sql % (repo_id, number, comment_id,body, created_at, login,author_association,is_pr))
comments_get.py:94: Warning: (1366L, u"Incorrect string value: '\\xE2\\x98\\x81  n...' for column 'body' at row 1")
  cur.execute(insert_sql % (repo_id, number, comment_id,body, created_at, login,author_association,is_pr))
comments_get.py:94: Warning: (1366L, u"Incorrect string value: '\\xF0\\x9F\\x9A\\x80 w...' for column 'body' at row 1")
  cur.execute(insert_sql % (repo_id, number, comment_id,body, created_at, login,author_association,is_pr))
comments_get.py:94: Warning: (1366L, u"Incorrect string value: '\\xE2\\x86\\x92 sh...' for column 'body' at row 1")
  cur.execute(insert_sql % (repo_id, number, comment_id,body, created_at, login,author_association,is_pr))
comments_get.py:94: Warning: (1366L, u"Incorrect string value: '\\xE5\\xA6\\x82\\xE6\\x9E\\x9C...' for column 'body' at row 1")
  cur.execute(insert_sql % (repo_id, number, comment_id,body, created_at, login,author_association,is_pr))
comments_get.py:94: Warning: (1366L, u"Incorrect string value: '\\xE6\\x98\\xAF\\xE7\\x9A\\x84...' for column 'body' at row 1")
  cur.execute(insert_sql % (repo_id, number, comment_id,body, created_at, login,author_association,is_pr))
comments_get.py:94: Warning: (1366L, u"Incorrect string value: '\\xE2\\x94\\x94\\xE2\\x94\\x80...' for column 'body' at row 1")
  cur.execute(insert_sql % (repo_id, number, comment_id,body, created_at, login,author_association,is_pr))
comments_get.py:94: Warning: (1366L, u"Incorrect string value: '\\xE2\\x94\\x80doc...' for column 'body' at row 1")
  cur.execute(insert_sql % (repo_id, number, comment_id,body, created_at, login,author_association,is_pr))
comments_get.py:94: Warning: (1366L, u"Incorrect string value: '\\xEF\\xBC\\x8Cand...' for column 'body' at row 1")
  cur.execute(insert_sql % (repo_id, number, comment_id,body, created_at, login,author_association,is_pr))
comments_get.py:94: Warning: (1366L, u"Incorrect string value: '\\xF0\\x9F\\x9A\\xAB f...' for column 'body' at row 1")
  cur.execute(insert_sql % (repo_id, number, comment_id,body, created_at, login,author_association,is_pr))
comments_get.py:94: Warning: (1366L, u'Incorrect string value: \'\\xE2\\x88\\x9A" b...\' for column \'body\' at row 1')
  cur.execute(insert_sql % (repo_id, number, comment_id,body, created_at, login,author_association,is_pr))
comments_get.py:94: Warning: (1366L, u"Incorrect string value: '\\xF0\\x9F\\x98\\x9B ' for column 'body' at row 1")
  cur.execute(insert_sql % (repo_id, number, comment_id,body, created_at, login,author_association,is_pr))
comments_get.py:94: Warning: (1366L, u"Incorrect string value: '\\xCE\\x94 | |...' for column 'body' at row 1")
  cur.execute(insert_sql % (repo_id, number, comment_id,body, created_at, login,author_association,is_pr))
comments_get.py:94: Warning: (1366L, u"Incorrect string value: '\\xE5\\x92\\x8C #9...' for column 'body' at row 1")
  cur.execute(insert_sql % (repo_id, number, comment_id,body, created_at, login,author_association,is_pr))
comments_get.py:94: Warning: (1366L, u"Incorrect string value: '\\xF0\\x9F\\x98\\x91\\x0A' for column 'body' at row 1")
  cur.execute(insert_sql % (repo_id, number, comment_id,body, created_at, login,author_association,is_pr))
comments_get.py:94: Warning: (1366L, u"Incorrect string value: '\\xF0\\x9F\\x92\\x83 \\xF0...' for column 'body' at row 1")
  cur.execute(insert_sql % (repo_id, number, comment_id,body, created_at, login,author_association,is_pr))
comments_get.py:94: Warning: (1366L, u"Incorrect string value: '\\xE2\\x98\\xBA\\xEF\\xB8\\x8F...' for column 'body' at row 1")
  cur.execute(insert_sql % (repo_id, number, comment_id,body, created_at, login,author_association,is_pr))
comments_get.py:94: Warning: (1366L, u"Incorrect string value: '\\xF0\\x9F\\x91\\x8D !...' for column 'body' at row 1")
  cur.execute(insert_sql % (repo_id, number, comment_id,body, created_at, login,author_association,is_pr))
comments_get.py:94: Warning: (1366L, u"Incorrect string value: '\\xF0\\x9F\\x8E\\x89 \\xF0...' for column 'body' at row 1")
  cur.execute(insert_sql % (repo_id, number, comment_id,body, created_at, login,author_association,is_pr))
comments_get.py:94: Warning: (1366L, u"Incorrect string value: '\\xF0\\x9F\\x92\\xAF \\x0A...' for column 'body' at row 1")
  cur.execute(insert_sql % (repo_id, number, comment_id,body, created_at, login,author_association,is_pr))
comments_get.py:94: Warning: (1366L, u"Incorrect string value: '\\xE2\\x97\\x8B ~/...' for column 'body' at row 1")
  cur.execute(insert_sql % (repo_id, number, comment_id,body, created_at, login,author_association,is_pr))
comments_get.py:94: Warning: (1366L, u"Incorrect string value: '\\xE2\\x86\\x91 ar...' for column 'body' at row 1")
  cur.execute(insert_sql % (repo_id, number, comment_id,body, created_at, login,author_association,is_pr))
comments_get.py:94: Warning: (1366L, u"Incorrect string value: '\\xE2\\x86\\x90 ar...' for column 'body' at row 1")
  cur.execute(insert_sql % (repo_id, number, comment_id,body, created_at, login,author_association,is_pr))
comments_get.py:94: Warning: (1366L, u"Incorrect string value: '\\xF0\\x9F\\x98\\x9E N...' for column 'body' at row 1")
  cur.execute(insert_sql % (repo_id, number, comment_id,body, created_at, login,author_association,is_pr))
comments_get.py:94: Warning: (1366L, u"Incorrect string value: '\\xF0\\x9F\\x90\\x99\\x0A' for column 'body' at row 1")
  cur.execute(insert_sql % (repo_id, number, comment_id,body, created_at, login,author_association,is_pr))
comments_get.py:94: Warning: (1366L, u"Incorrect string value: '\\xE7\\xBB\\x84\\xE4\\xBB\\xB6...' for column 'body' at row 1")
  cur.execute(insert_sql % (repo_id, number, comment_id,body, created_at, login,author_association,is_pr))
comments_get.py:94: Warning: (1366L, u"Incorrect string value: '\\xE9\\x87\\x8D\\xE6\\x96\\xB0...' for column 'body' at row 1")
  cur.execute(insert_sql % (repo_id, number, comment_id,body, created_at, login,author_association,is_pr))
comments_get.py:94: Warning: (1366L, u"Incorrect string value: '\\xE8\\xB7\\xAF\\xE5\\xBE\\x84...' for column 'body' at row 1")
  cur.execute(insert_sql % (repo_id, number, comment_id,body, created_at, login,author_association,is_pr))
comments_get.py:94: Warning: (1366L, u"Incorrect string value: '\\xE8\\xB2\\x8C\\xE4\\xBC\\xBC...' for column 'body' at row 1")
  cur.execute(insert_sql % (repo_id, number, comment_id,body, created_at, login,author_association,is_pr))
comments_get.py:94: Warning: (1366L, u"Incorrect string value: '\\xE6\\x88\\x91\\xE8\\xAF\\x95...' for column 'body' at row 1")
  cur.execute(insert_sql % (repo_id, number, comment_id,body, created_at, login,author_association,is_pr))
comments_get.py:94: Warning: (1366L, u"Incorrect string value: '\\xE6\\x88\\x91\\xE5\\x88\\x9A...' for column 'body' at row 1")
  cur.execute(insert_sql % (repo_id, number, comment_id,body, created_at, login,author_association,is_pr))
comments_get.py:94: Warning: (1366L, u"Incorrect string value: '\\xC5\\x82(a):...' for column 'body' at row 1")
  cur.execute(insert_sql % (repo_id, number, comment_id,body, created_at, login,author_association,is_pr))
comments_get.py:94: Warning: (1366L, u"Incorrect string value: '\\xF0\\x9F\\x90\\xB0\\x0A' for column 'body' at row 1")
  cur.execute(insert_sql % (repo_id, number, comment_id,body, created_at, login,author_association,is_pr))
comments_get.py:94: Warning: (1366L, u"Incorrect string value: '\\xF0\\x9F\\x91\\x8D F...' for column 'body' at row 1")
  cur.execute(insert_sql % (repo_id, number, comment_id,body, created_at, login,author_association,is_pr))
comments_get.py:94: Warning: (1366L, u"Incorrect string value: '\\xF0\\x9F\\x9A\\xA2 ....' for column 'body' at row 1")
  cur.execute(insert_sql % (repo_id, number, comment_id,body, created_at, login,author_association,is_pr))
comments_get.py:94: Warning: (1366L, u"Incorrect string value: '\\xE6\\x94\\xB6\\xE8\\x97\\x8F...' for column 'body' at row 1")
  cur.execute(insert_sql % (repo_id, number, comment_id,body, created_at, login,author_association,is_pr))
comments_get.py:94: Warning: (1366L, u"Incorrect string value: '\\xE5\\x97\\xAF\\xE6\\x88\\x91...' for column 'body' at row 1")
  cur.execute(insert_sql % (repo_id, number, comment_id,body, created_at, login,author_association,is_pr))
comments_get.py:94: Warning: (1366L, u"Incorrect string value: '\\xF0\\x9F\\x98\\x92 ' for column 'body' at row 1")
  cur.execute(insert_sql % (repo_id, number, comment_id,body, created_at, login,author_association,is_pr))
comments_get.py:94: Warning: (1366L, u"Incorrect string value: '\\xE7\\x94\\xA8\\xE6\\x88\\xB7...' for column 'body' at row 1")
  cur.execute(insert_sql % (repo_id, number, comment_id,body, created_at, login,author_association,is_pr))
comments_get.py:94: Warning: (1366L, u"Incorrect string value: '\\xE4\\xBD\\x86\\xE6\\x98\\xAF...' for column 'body' at row 1")
  cur.execute(insert_sql % (repo_id, number, comment_id,body, created_at, login,author_association,is_pr))
comments_get.py:94: Warning: (1366L, u"Incorrect string value: '\\xE9\\xA2\\x9D\\xEF\\xBC\\x8C...' for column 'body' at row 1")
  cur.execute(insert_sql % (repo_id, number, comment_id,body, created_at, login,author_association,is_pr))
comments_get.py:94: Warning: (1366L, u"Incorrect string value: '\\xE4\\xBC\\x9A\\xE6\\x9C\\x89...' for column 'body' at row 1")
  cur.execute(insert_sql % (repo_id, number, comment_id,body, created_at, login,author_association,is_pr))
comments_get.py:94: Warning: (1366L, u"Incorrect string value: '\\xE2\\x86\\x92`?\\x0A...' for column 'body' at row 1")
  cur.execute(insert_sql % (repo_id, number, comment_id,body, created_at, login,author_association,is_pr))
comments_get.py:94: Warning: (1366L, u"Incorrect string value: '\\xF0\\x9F\\x98\\xA6 \\x0A...' for column 'body' at row 1")
  cur.execute(insert_sql % (repo_id, number, comment_id,body, created_at, login,author_association,is_pr))
comments_get.py:94: Warning: (1366L, u"Incorrect string value: '\\xF0\\x9F\\x91\\x80 \\x0A' for column 'body' at row 1")
  cur.execute(insert_sql % (repo_id, number, comment_id,body, created_at, login,author_association,is_pr))
comments_get.py:94: Warning: (1366L, u"Incorrect string value: '\\xE2\\x9E\\x9C  r...' for column 'body' at row 1")
  cur.execute(insert_sql % (repo_id, number, comment_id,body, created_at, login,author_association,is_pr))
comments_get.py:94: Warning: (1366L, u"Incorrect string value: '\\xEF\\xBC\\x9A\\x0D\\x0A`...' for column 'body' at row 1")
  cur.execute(insert_sql % (repo_id, number, comment_id,body, created_at, login,author_association,is_pr))
comments_get.py:94: Warning: (1366L, u"Incorrect string value: '\\xEF\\xBC\\x8Ctha...' for column 'body' at row 1")
  cur.execute(insert_sql % (repo_id, number, comment_id,body, created_at, login,author_association,is_pr))
comments_get.py:94: Warning: (1366L, u"Incorrect string value: '\\xE4\\xBD\\xA0\\xE7\\x94\\xA8...' for column 'body' at row 1")
  cur.execute(insert_sql % (repo_id, number, comment_id,body, created_at, login,author_association,is_pr))
comments_get.py:94: Warning: (1366L, u"Incorrect string value: '\\xE6\\x89\\x93\\xE5\\x8C\\x85...' for column 'body' at row 1")
  cur.execute(insert_sql % (repo_id, number, comment_id,body, created_at, login,author_association,is_pr))
comments_get.py:94: Warning: (1366L, u"Incorrect string value: '\\xE8\\xAE\\xBE\\xE7\\xBD\\xAE...' for column 'body' at row 1")
  cur.execute(insert_sql % (repo_id, number, comment_id,body, created_at, login,author_association,is_pr))
comments_get.py:94: Warning: (1366L, u"Incorrect string value: '\\xE4\\xB8\\x80\\xE4\\xB8\\x8B...' for column 'body' at row 1")
  cur.execute(insert_sql % (repo_id, number, comment_id,body, created_at, login,author_association,is_pr))
comments_get.py:94: Warning: (1366L, u"Incorrect string value: '\\xE6\\x84\\x9F\\xE8\\xA7\\x89...' for column 'body' at row 1")
  cur.execute(insert_sql % (repo_id, number, comment_id,body, created_at, login,author_association,is_pr))
comments_get.py:94: Warning: (1366L, u"Incorrect string value: '\\xE6\\x9C\\x8D\\xE5\\x8A\\xA1...' for column 'body' at row 1")
  cur.execute(insert_sql % (repo_id, number, comment_id,body, created_at, login,author_association,is_pr))
comments_get.py:94: Warning: (1366L, u"Incorrect string value: '\\xE6\\x88\\x91\\xE5\\xB0\\xB1...' for column 'body' at row 1")
  cur.execute(insert_sql % (repo_id, number, comment_id,body, created_at, login,author_association,is_pr))
comments_get.py:94: Warning: (1366L, u"Incorrect string value: '\\xE5\\xBC\\xB9\\xE5\\xB1\\x82...' for column 'body' at row 1")
  cur.execute(insert_sql % (repo_id, number, comment_id,body, created_at, login,author_association,is_pr))
comments_get.py:94: Warning: (1366L, u"Incorrect string value: '\\xE5\\xAF\\xB9\\xEF\\xBC\\x8C...' for column 'body' at row 1")
  cur.execute(insert_sql % (repo_id, number, comment_id,body, created_at, login,author_association,is_pr))
comments_get.py:94: Warning: (1366L, u"Incorrect string value: '\\xE4\\xB8\\x8D\\xE8\\xA6\\x81...' for column 'body' at row 1")
  cur.execute(insert_sql % (repo_id, number, comment_id,body, created_at, login,author_association,is_pr))
comments_get.py:94: Warning: (1366L, u"Incorrect string value: '\\xE8\\xBF\\x99\\xE6\\xA0\\xB7...' for column 'body' at row 1")
  cur.execute(insert_sql % (repo_id, number, comment_id,body, created_at, login,author_association,is_pr))
comments_get.py:94: Warning: (1366L, u"Incorrect string value: '\\xE5\\xB7\\xB2\\xE7\\xBB\\x8F...' for column 'body' at row 1")
  cur.execute(insert_sql % (repo_id, number, comment_id,body, created_at, login,author_association,is_pr))
comments_get.py:94: Warning: (1366L, u"Incorrect string value: '\\xF0\\x9F\\x98\\x83' for column 'body' at row 1")
  cur.execute(insert_sql % (repo_id, number, comment_id,body, created_at, login,author_association,is_pr))
comments_get.py:94: Warning: (1366L, u"Incorrect string value: '\\xE6\\x88\\x91\\xE7\\x9A\\x84...' for column 'body' at row 1")
  cur.execute(insert_sql % (repo_id, number, comment_id,body, created_at, login,author_association,is_pr))
comments_get.py:94: Warning: (1366L, u'Incorrect string value: \'\\xC4\\x99cia"...\' for column \'body\' at row 1')
  cur.execute(insert_sql % (repo_id, number, comment_id,body, created_at, login,author_association,is_pr))
comments_get.py:94: Warning: (1366L, u"Incorrect string value: '\\xC4\\x85, \\xC4\\x99...' for column 'body' at row 1")
  cur.execute(insert_sql % (repo_id, number, comment_id,body, created_at, login,author_association,is_pr))
comments_get.py:94: Warning: (1366L, u"Incorrect string value: '\\xF0\\x9F\\x91\\x8D t...' for column 'body' at row 1")
  cur.execute(insert_sql % (repo_id, number, comment_id,body, created_at, login,author_association,is_pr))
comments_get.py:94: Warning: (1366L, u"Incorrect string value: '\\xF0\\x9F\\x98\\x89' for column 'body' at row 1")
  cur.execute(insert_sql % (repo_id, number, comment_id,body, created_at, login,author_association,is_pr))
comments_get.py:94: Warning: (1366L, u"Incorrect string value: '\\xF0\\x9F\\x98\\x83 ....' for column 'body' at row 1")
  cur.execute(insert_sql % (repo_id, number, comment_id,body, created_at, login,author_association,is_pr))
comments_get.py:94: Warning: (1366L, u"Incorrect string value: '\\xF0\\x9F\\x91\\x8D [...' for column 'body' at row 1")
  cur.execute(insert_sql % (repo_id, number, comment_id,body, created_at, login,author_association,is_pr))
comments_get.py:94: Warning: (1366L, u"Incorrect string value: '\\xF0\\x9F\\x91\\x8D ....' for column 'body' at row 1")
  cur.execute(insert_sql % (repo_id, number, comment_id,body, created_at, login,author_association,is_pr))
comments_get.py:94: Warning: (1366L, u"Incorrect string value: '\\xF0\\x9F\\x98\\x95 ' for column 'body' at row 1")
  cur.execute(insert_sql % (repo_id, number, comment_id,body, created_at, login,author_association,is_pr))
comments_get.py:94: Warning: (1366L, u"Incorrect string value: '\\xE8\\xA6\\x81\\xE5\\x85\\x88...' for column 'body' at row 1")
  cur.execute(insert_sql % (repo_id, number, comment_id,body, created_at, login,author_association,is_pr))
comments_get.py:94: Warning: (1366L, u"Incorrect string value: '\\xE8\\xA6\\x81\\xE9\\x80\\x89...' for column 'body' at row 1")
  cur.execute(insert_sql % (repo_id, number, comment_id,body, created_at, login,author_association,is_pr))
comments_get.py:94: Warning: (1366L, u"Incorrect string value: '\\xF0\\x9F\\x98\\x81 \\x0D...' for column 'body' at row 1")
  cur.execute(insert_sql % (repo_id, number, comment_id,body, created_at, login,author_association,is_pr))
comments_get.py:94: Warning: (1366L, u"Incorrect string value: '\\xF0\\x9F\\x91\\x8A\\x0A' for column 'body' at row 1")
  cur.execute(insert_sql % (repo_id, number, comment_id,body, created_at, login,author_association,is_pr))
comments_get.py:94: Warning: (1366L, u"Incorrect string value: '\\xE6\\x8F\\x90\\xE9\\x97\\xAE...' for column 'body' at row 1")
  cur.execute(insert_sql % (repo_id, number, comment_id,body, created_at, login,author_association,is_pr))
comments_get.py:94: Warning: (1366L, u"Incorrect string value: '\\xF0\\x9F\\x91\\x8B  ...' for column 'body' at row 1")
  cur.execute(insert_sql % (repo_id, number, comment_id,body, created_at, login,author_association,is_pr))
comments_get.py:94: Warning: (1366L, u"Incorrect string value: '\\xF0\\x9F\\x98\\xB1)\\x0D...' for column 'body' at row 1")
  cur.execute(insert_sql % (repo_id, number, comment_id,body, created_at, login,author_association,is_pr))
comments_get.py:94: Warning: (1366L, u"Incorrect string value: '\\xE3\\x81\\xAB\\xE7\\xB5\\xB1...' for column 'body' at row 1")
  cur.execute(insert_sql % (repo_id, number, comment_id,body, created_at, login,author_association,is_pr))
comments_get.py:94: Warning: (1366L, u"Incorrect string value: '\\xF0\\x9F\\x91\\x8D I...' for column 'body' at row 1")
  cur.execute(insert_sql % (repo_id, number, comment_id,body, created_at, login,author_association,is_pr))
comments_get.py:94: Warning: (1366L, u"Incorrect string value: '\\xF0\\x9F\\x98\\x9E \\x0A' for column 'body' at row 1")
  cur.execute(insert_sql % (repo_id, number, comment_id,body, created_at, login,author_association,is_pr))
comments_get.py:94: Warning: (1366L, u"Incorrect string value: '\\xF0\\x9F\\x91\\x91 \\x0A' for column 'body' at row 1")
  cur.execute(insert_sql % (repo_id, number, comment_id,body, created_at, login,author_association,is_pr))
comments_get.py:94: Warning: (1366L, u"Incorrect string value: '\\xEF\\xBC\\x81\\x0A\\x0AW...' for column 'body' at row 1")
  cur.execute(insert_sql % (repo_id, number, comment_id,body, created_at, login,author_association,is_pr))
comments_get.py:94: Warning: (1366L, u"Incorrect string value: '\\xF0\\x9F\\x98\\xAD H...' for column 'body' at row 1")
  cur.execute(insert_sql % (repo_id, number, comment_id,body, created_at, login,author_association,is_pr))
comments_get.py:94: Warning: (1366L, u"Incorrect string value: '\\xE2\\x9D\\xA4\\xEF\\xB8\\x8F...' for column 'body' at row 1")
  cur.execute(insert_sql % (repo_id, number, comment_id,body, created_at, login,author_association,is_pr))
comments_get.py:94: Warning: (1366L, u"Incorrect string value: '\\xE5\\xA5\\xBD\\xE5\\xBF\\xAB...' for column 'body' at row 1")
  cur.execute(insert_sql % (repo_id, number, comment_id,body, created_at, login,author_association,is_pr))
comments_get.py:94: Warning: (1366L, u"Incorrect string value: '\\xF0\\x9F\\x91\\x8D \\xE6...' for column 'body' at row 1")
  cur.execute(insert_sql % (repo_id, number, comment_id,body, created_at, login,author_association,is_pr))
comments_get.py:94: Warning: (1366L, u"Incorrect string value: '\\xF0\\x9F\\x92\\xAF \\x0A' for column 'body' at row 1")
  cur.execute(insert_sql % (repo_id, number, comment_id,body, created_at, login,author_association,is_pr))
comments_get.py:94: Warning: (1366L, u"Incorrect string value: '\\xF0\\x9F\\x8E\\x86 \\x0A...' for column 'body' at row 1")
  cur.execute(insert_sql % (repo_id, number, comment_id,body, created_at, login,author_association,is_pr))
comments_get.py:94: Warning: (1366L, u"Incorrect string value: '\\xF0\\x9F\\x98\\x89 \\x0A...' for column 'body' at row 1")
  cur.execute(insert_sql % (repo_id, number, comment_id,body, created_at, login,author_association,is_pr))
comments_get.py:94: Warning: (1366L, u"Incorrect string value: '\\xF0\\x9F\\x8D\\xBB  ...' for column 'body' at row 1")
  cur.execute(insert_sql % (repo_id, number, comment_id,body, created_at, login,author_association,is_pr))
comments_get.py:94: Warning: (1366L, u"Incorrect string value: '\\xE2\\x9E\\x9C ~/...' for column 'body' at row 1")
  cur.execute(insert_sql % (repo_id, number, comment_id,body, created_at, login,author_association,is_pr))
comments_get.py:94: Warning: (1366L, u"Incorrect string value: '\\xF0\\x9F\\x98\\xA2 \\x0D...' for column 'body' at row 1")
  cur.execute(insert_sql % (repo_id, number, comment_id,body, created_at, login,author_association,is_pr))
comments_get.py:94: Warning: (1366L, u"Incorrect string value: '\\xF0\\x9F\\x98\\x8F ' for column 'body' at row 1")
  cur.execute(insert_sql % (repo_id, number, comment_id,body, created_at, login,author_association,is_pr))
comments_get.py:94: Warning: (1366L, u"Incorrect string value: '\\xF0\\x9F\\xA6\\x83 \\x0D...' for column 'body' at row 1")
  cur.execute(insert_sql % (repo_id, number, comment_id,body, created_at, login,author_association,is_pr))
comments_get.py:94: Warning: (1366L, u"Incorrect string value: '\\xF0\\x9F\\x98\\x95 Y...' for column 'body' at row 1")
  cur.execute(insert_sql % (repo_id, number, comment_id,body, created_at, login,author_association,is_pr))
comments_get.py:94: Warning: (1366L, u"Incorrect string value: '\\xF0\\x9F\\x98\\x85\\x0D\\x0A...' for column 'body' at row 1")
  cur.execute(insert_sql % (repo_id, number, comment_id,body, created_at, login,author_association,is_pr))
comments_get.py:94: Warning: (1366L, u"Incorrect string value: '\\xF0\\x9F\\x98\\x9E' for column 'body' at row 1")
  cur.execute(insert_sql % (repo_id, number, comment_id,body, created_at, login,author_association,is_pr))
comments_get.py:94: Warning: (1366L, u"Incorrect string value: '\\xF0\\x9F\\x98\\x95 T...' for column 'body' at row 1")
  cur.execute(insert_sql % (repo_id, number, comment_id,body, created_at, login,author_association,is_pr))
comments_get.py:94: Warning: (1366L, u"Incorrect string value: '\\xE2\\x99\\x94 ng...' for column 'body' at row 1")
  cur.execute(insert_sql % (repo_id, number, comment_id,body, created_at, login,author_association,is_pr))
comments_get.py:94: Warning: (1366L, u"Incorrect string value: '\\xF0\\x9F\\xA5\\x87 \\x0D...' for column 'body' at row 1")
  cur.execute(insert_sql % (repo_id, number, comment_id,body, created_at, login,author_association,is_pr))
comments_get.py:94: Warning: (1366L, u"Incorrect string value: '\\xF0\\x9F\\x91\\x8D \\xF0...' for column 'body' at row 1")
  cur.execute(insert_sql % (repo_id, number, comment_id,body, created_at, login,author_association,is_pr))
comments_get.py:94: Warning: (1366L, u"Incorrect string value: '\\xF0\\x9F\\x90\\xA6 \\x0A' for column 'body' at row 1")
  cur.execute(insert_sql % (repo_id, number, comment_id,body, created_at, login,author_association,is_pr))
comments_get.py:94: Warning: (1366L, u"Incorrect string value: '\\xF0\\x9F\\x98\\x83 :...' for column 'body' at row 1")
  cur.execute(insert_sql % (repo_id, number, comment_id,body, created_at, login,author_association,is_pr))
comments_get.py:94: Warning: (1366L, u"Incorrect string value: '\\xE2\\x9C\\x85 fa...' for column 'body' at row 1")
  cur.execute(insert_sql % (repo_id, number, comment_id,body, created_at, login,author_association,is_pr))
comments_get.py:94: Warning: (1366L, u"Incorrect string value: '\\xC2\\x97\\x0A> R...' for column 'body' at row 1")
  cur.execute(insert_sql % (repo_id, number, comment_id,body, created_at, login,author_association,is_pr))
comments_get.py:94: Warning: (1366L, u"Incorrect string value: '\\xE2\\x86\\x92 ht...' for column 'body' at row 1")
  cur.execute(insert_sql % (repo_id, number, comment_id,body, created_at, login,author_association,is_pr))
comments_get.py:94: Warning: (1366L, u"Incorrect string value: '\\xE2\\x96\\xBD^)o...' for column 'body' at row 1")
  cur.execute(insert_sql % (repo_id, number, comment_id,body, created_at, login,author_association,is_pr))
comments_get.py:94: Warning: (1366L, u"Incorrect string value: '\\xE5\\xBE\\x85\\xE5\\xA4\\x84...' for column 'body' at row 1")
  cur.execute(insert_sql % (repo_id, number, comment_id,body, created_at, login,author_association,is_pr))
comments_get.py:94: Warning: (1366L, u"Incorrect string value: '\\xE5\\xA4\\x84\\xE7\\x90\\x86...' for column 'body' at row 1")
  cur.execute(insert_sql % (repo_id, number, comment_id,body, created_at, login,author_association,is_pr))
comments_get.py:94: Warning: (1366L, u"Incorrect string value: '\\xE9\\x9C\\x80\\xE8\\xA6\\x81...' for column 'body' at row 1")
  cur.execute(insert_sql % (repo_id, number, comment_id,body, created_at, login,author_association,is_pr))
comments_get.py:94: Warning: (1366L, u"Incorrect string value: '\\xF0\\x9F\\x98\\x99\\x0A' for column 'body' at row 1")
  cur.execute(insert_sql % (repo_id, number, comment_id,body, created_at, login,author_association,is_pr))
comments_get.py:94: Warning: (1366L, u"Incorrect string value: '\\xE2\\x98\\x9E Ad...' for column 'body' at row 1")
  cur.execute(insert_sql % (repo_id, number, comment_id,body, created_at, login,author_association,is_pr))
comments_get.py:94: Warning: (1366L, u"Incorrect string value: '\\xE2\\x87\\x92 tr...' for column 'body' at row 1")
  cur.execute(insert_sql % (repo_id, number, comment_id,body, created_at, login,author_association,is_pr))
comments_get.py:94: Warning: (1366L, u"Incorrect string value: '\\xE6\\x88\\x91\\xE6\\x8C\\x87...' for column 'body' at row 1")
  cur.execute(insert_sql % (repo_id, number, comment_id,body, created_at, login,author_association,is_pr))
comments_get.py:94: Warning: (1366L, u"Incorrect string value: '\\xE8\\xB0\\xA2\\xE5\\x95\\xA6...' for column 'body' at row 1")
  cur.execute(insert_sql % (repo_id, number, comment_id,body, created_at, login,author_association,is_pr))
comments_get.py:94: Warning: (1366L, u"Incorrect string value: '\\xF0\\x9F\\x98\\x95 \\x0D...' for column 'body' at row 1")
  cur.execute(insert_sql % (repo_id, number, comment_id,body, created_at, login,author_association,is_pr))
comments_get.py:94: Warning: (1366L, u"Incorrect string value: '\\xEF\\xBD\\x9E\\xEF\\xBD\\x9E...' for column 'body' at row 1")
  cur.execute(insert_sql % (repo_id, number, comment_id,body, created_at, login,author_association,is_pr))
comments_get.py:94: Warning: (1366L, u"Incorrect string value: '\\xF0\\x9F\\x8E\\x89 \\x0A...' for column 'body' at row 1")
  cur.execute(insert_sql % (repo_id, number, comment_id,body, created_at, login,author_association,is_pr))
comments_get.py:94: Warning: (1366L, u"Incorrect string value: '\\xE5\\xAE\\x98\\xE7\\xBD\\x91...' for column 'body' at row 1")
  cur.execute(insert_sql % (repo_id, number, comment_id,body, created_at, login,author_association,is_pr))
comments_get.py:94: Warning: (1366L, u"Incorrect string value: '\\xEF\\xBC\\x9A](h...' for column 'body' at row 1")
  cur.execute(insert_sql % (repo_id, number, comment_id,body, created_at, login,author_association,is_pr))
comments_get.py:94: Warning: (1366L, u"Incorrect string value: '\\xEF\\xBC\\x9A123' for column 'body' at row 1")
  cur.execute(insert_sql % (repo_id, number, comment_id,body, created_at, login,author_association,is_pr))
comments_get.py:94: Warning: (1366L, u"Incorrect string value: '\\xF0\\x9F\\x98\\xAD .' for column 'body' at row 1")
  cur.execute(insert_sql % (repo_id, number, comment_id,body, created_at, login,author_association,is_pr))
comments_get.py:94: Warning: (1366L, u"Incorrect string value: '\\xF0\\x9F\\x98\\xA9 ' for column 'body' at row 1")
  cur.execute(insert_sql % (repo_id, number, comment_id,body, created_at, login,author_association,is_pr))
comments_get.py:94: Warning: (1366L, u"Incorrect string value: '\\xE6\\x88\\x91\\xE4\\xB8\\xAA...' for column 'body' at row 1")
  cur.execute(insert_sql % (repo_id, number, comment_id,body, created_at, login,author_association,is_pr))
comments_get.py:94: Warning: (1366L, u"Incorrect string value: '\\xE6\\xB2\\xA1\\xE6\\x9C\\x89...' for column 'body' at row 1")
  cur.execute(insert_sql % (repo_id, number, comment_id,body, created_at, login,author_association,is_pr))
comments_get.py:94: Warning: (1366L, u"Incorrect string value: '\\xE9\\x82\\xA3\\xE4\\xB8\\xA4...' for column 'body' at row 1")
  cur.execute(insert_sql % (repo_id, number, comment_id,body, created_at, login,author_association,is_pr))
comments_get.py:94: Warning: (1366L, u"Incorrect string value: '\\xE6\\x89\\x80\\xE4\\xBB\\xA5...' for column 'body' at row 1")
  cur.execute(insert_sql % (repo_id, number, comment_id,body, created_at, login,author_association,is_pr))
comments_get.py:94: Warning: (1366L, u"Incorrect string value: '\\xF0\\x9F\\x91\\x8D o...' for column 'body' at row 1")
  cur.execute(insert_sql % (repo_id, number, comment_id,body, created_at, login,author_association,is_pr))
comments_get.py:94: Warning: (1366L, u"Incorrect string value: '\\xF0\\x9F\\x98\\x80\\x0D\\x0A...' for column 'body' at row 1")
  cur.execute(insert_sql % (repo_id, number, comment_id,body, created_at, login,author_association,is_pr))
comments_get.py:94: Warning: (1366L, u"Incorrect string value: '\\xF0\\x9F\\x91\\x8D\\x0D\\x0A...' for column 'body' at row 1")
  cur.execute(insert_sql % (repo_id, number, comment_id,body, created_at, login,author_association,is_pr))
comments_get.py:94: Warning: (1366L, u"Incorrect string value: '\\xF0\\x9F\\x98\\x84 \\x0A...' for column 'body' at row 1")
  cur.execute(insert_sql % (repo_id, number, comment_id,body, created_at, login,author_association,is_pr))
comments_get.py:94: Warning: (1366L, u"Incorrect string value: '\\xE5\\x85\\x84\\xE5\\xBC\\x9F...' for column 'body' at row 1")
  cur.execute(insert_sql % (repo_id, number, comment_id,body, created_at, login,author_association,is_pr))
comments_get.py:94: Warning: (1366L, u"Incorrect string value: '\\xE4\\xB8\\x8D\\xE5\\xA5\\xBD...' for column 'body' at row 1")
  cur.execute(insert_sql % (repo_id, number, comment_id,body, created_at, login,author_association,is_pr))
comments_get.py:94: Warning: (1366L, u"Incorrect string value: '\\xF0\\x9F\\x9A\\x80 \\x0A' for column 'body' at row 1")
  cur.execute(insert_sql % (repo_id, number, comment_id,body, created_at, login,author_association,is_pr))
comments_get.py:94: Warning: (1366L, u"Incorrect string value: '\\xEF\\xBC\\x88SN ...' for column 'body' at row 1")
  cur.execute(insert_sql % (repo_id, number, comment_id,body, created_at, login,author_association,is_pr))
comments_get.py:94: Warning: (1366L, u"Incorrect string value: '\\xE8\\xAF\\xB7\\xE6\\x8F\\x90...' for column 'body' at row 1")
  cur.execute(insert_sql % (repo_id, number, comment_id,body, created_at, login,author_association,is_pr))
comments_get.py:94: Warning: (1366L, u"Incorrect string value: '\\xE6\\xB8\\xB8\\xE6\\x88\\x8F...' for column 'body' at row 1")
  cur.execute(insert_sql % (repo_id, number, comment_id,body, created_at, login,author_association,is_pr))
comments_get.py:94: Warning: (1366L, u"Incorrect string value: '\\xE4\\xBB\\xA5\\xE4\\xB8\\x8B...' for column 'body' at row 1")
  cur.execute(insert_sql % (repo_id, number, comment_id,body, created_at, login,author_association,is_pr))
comments_get.py:94: Warning: (1366L, u"Incorrect string value: '\\xF0\\x9F\\x99\\x87 ' for column 'body' at row 1")
  cur.execute(insert_sql % (repo_id, number, comment_id,body, created_at, login,author_association,is_pr))
comments_get.py:94: Warning: (1366L, u"Incorrect string value: '\\xE3\\x80\\x82\\x0AWh...' for column 'body' at row 1")
  cur.execute(insert_sql % (repo_id, number, comment_id,body, created_at, login,author_association,is_pr))
comments_get.py:94: Warning: (1366L, u"Incorrect string value: '\\xE3\\x80\\x82\\x0A' for column 'body' at row 1")
  cur.execute(insert_sql % (repo_id, number, comment_id,body, created_at, login,author_association,is_pr))
comments_get.py:94: Warning: (1366L, u"Incorrect string value: '\\xEF\\xBC\\x9Fwou...' for column 'body' at row 1")
  cur.execute(insert_sql % (repo_id, number, comment_id,body, created_at, login,author_association,is_pr))
comments_get.py:94: Warning: (1366L, u"Incorrect string value: '\\xEF\\xBC\\x8Cyou...' for column 'body' at row 1")
  cur.execute(insert_sql % (repo_id, number, comment_id,body, created_at, login,author_association,is_pr))
comments_get.py:94: Warning: (1366L, u"Incorrect string value: '\\xE2\\x80\\x8B-Ry...' for column 'body' at row 1")
  cur.execute(insert_sql % (repo_id, number, comment_id,body, created_at, login,author_association,is_pr))
comments_get.py:94: Warning: (1366L, u"Incorrect string value: '\\xE3\\x80\\x82 (U...' for column 'body' at row 1")
  cur.execute(insert_sql % (repo_id, number, comment_id,body, created_at, login,author_association,is_pr))
comments_get.py:94: Warning: (1366L, u"Incorrect string value: '\\xE5\\x8F\\xAA\\xE8\\xA6\\x81...' for column 'body' at row 1")
  cur.execute(insert_sql % (repo_id, number, comment_id,body, created_at, login,author_association,is_pr))
comments_get.py:94: Warning: (1366L, u"Incorrect string value: '\\xD0\\x9A\\xD0\\xB0\\xD0\\xB6...' for column 'body' at row 1")
  cur.execute(insert_sql % (repo_id, number, comment_id,body, created_at, login,author_association,is_pr))
comments_get.py:94: Warning: (1366L, u"Incorrect string value: '\\xF0\\x9F\\x98\\xA2 T...' for column 'body' at row 1")
  cur.execute(insert_sql % (repo_id, number, comment_id,body, created_at, login,author_association,is_pr))
comments_get.py:94: Warning: (1366L, u"Incorrect string value: '\\xF0\\x9F\\x98\\x83 \\x0A' for column 'body' at row 1")
  cur.execute(insert_sql % (repo_id, number, comment_id,body, created_at, login,author_association,is_pr))
comments_get.py:94: Warning: (1366L, u"Incorrect string value: '\\xF0\\x9F\\x86\\x97 ' for column 'body' at row 1")
  cur.execute(insert_sql % (repo_id, number, comment_id,body, created_at, login,author_association,is_pr))
comments_get.py:94: Warning: (1366L, u"Incorrect string value: '\\xD0\\x94\\xD0\\xB0, ...' for column 'body' at row 1")
  cur.execute(insert_sql % (repo_id, number, comment_id,body, created_at, login,author_association,is_pr))
comments_get.py:94: Warning: (1366L, u"Incorrect string value: '\\xE2\\x80\\x8E201...' for column 'body' at row 1")
  cur.execute(insert_sql % (repo_id, number, comment_id,body, created_at, login,author_association,is_pr))
comments_get.py:94: Warning: (1366L, u"Incorrect string value: '\\xD0\\xB2\\xD0\\xBE\\xD1\\x81...' for column 'body' at row 1")
  cur.execute(insert_sql % (repo_id, number, comment_id,body, created_at, login,author_association,is_pr))
comments_get.py:94: Warning: (1366L, u"Incorrect string value: '\\xE8\\xAF\\xB7\\xE9\\x97\\xAE...' for column 'body' at row 1")
  cur.execute(insert_sql % (repo_id, number, comment_id,body, created_at, login,author_association,is_pr))
comments_get.py:94: Warning: (1366L, u"Incorrect string value: '\\xE8\\xAF\\x95\\xE4\\xBA\\x86...' for column 'body' at row 1")
  cur.execute(insert_sql % (repo_id, number, comment_id,body, created_at, login,author_association,is_pr))
comments_get.py:94: Warning: (1366L, u"Incorrect string value: '\\xE3\\x81\\xA7\\xE4\\xBF\\xAE...' for column 'body' at row 1")
  cur.execute(insert_sql % (repo_id, number, comment_id,body, created_at, login,author_association,is_pr))
comments_get.py:94: Warning: (1366L, u"Incorrect string value: '\\xE4\\xB8\\x8B\\xE5\\x8D\\x88...' for column 'body' at row 1")
  cur.execute(insert_sql % (repo_id, number, comment_id,body, created_at, login,author_association,is_pr))
comments_get.py:94: Warning: (1366L, u"Incorrect string value: '\\xF0\\x9F\\x91\\x8E \\x0A' for column 'body' at row 1")
  cur.execute(insert_sql % (repo_id, number, comment_id,body, created_at, login,author_association,is_pr))
comments_get.py:94: Warning: (1366L, u"Incorrect string value: '\\xE5\\xBE\\x85\\xE6\\x96\\xB0...' for column 'body' at row 1")
  cur.execute(insert_sql % (repo_id, number, comment_id,body, created_at, login,author_association,is_pr))
comments_get.py:94: Warning: (1366L, u"Incorrect string value: '\\xEF\\xBC\\x8Cbut...' for column 'body' at row 1")
  cur.execute(insert_sql % (repo_id, number, comment_id,body, created_at, login,author_association,is_pr))
comments_get.py:94: Warning: (1366L, u"Incorrect string value: '\\xF0\\x9F\\x99\\x87 \\x0D...' for column 'body' at row 1")
  cur.execute(insert_sql % (repo_id, number, comment_id,body, created_at, login,author_association,is_pr))
comments_get.py:94: Warning: (1366L, u"Incorrect string value: '\\xF0\\x9F\\x99\\x83 ' for column 'body' at row 1")
  cur.execute(insert_sql % (repo_id, number, comment_id,body, created_at, login,author_association,is_pr))
comments_get.py:94: Warning: (1366L, u"Incorrect string value: '\\xD0\\xBF\\xD0\\xBE\\xD1\\x81...' for column 'body' at row 1")
  cur.execute(insert_sql % (repo_id, number, comment_id,body, created_at, login,author_association,is_pr))
comments_get.py:94: Warning: (1366L, u"Incorrect string value: '\\xD0\\x9E\\xD1\\x88\\xD0\\xB8...' for column 'body' at row 1")
  cur.execute(insert_sql % (repo_id, number, comment_id,body, created_at, login,author_association,is_pr))
comments_get.py:94: Warning: (1366L, u"Incorrect string value: '\\xF0\\x9F\\x99\\x8F ' for column 'body' at row 1")
  cur.execute(insert_sql % (repo_id, number, comment_id,body, created_at, login,author_association,is_pr))
comments_get.py:94: Warning: (1366L, u"Incorrect string value: '\\xE2\\x86\\x92`Pr...' for column 'body' at row 1")
  cur.execute(insert_sql % (repo_id, number, comment_id,body, created_at, login,author_association,is_pr))
comments_get.py:94: Warning: (1366L, u"Incorrect string value: '\\xE5\\x85\\xB6\\xE5\\xAE\\x9E...' for column 'body' at row 1")
  cur.execute(insert_sql % (repo_id, number, comment_id,body, created_at, login,author_association,is_pr))
comments_get.py:94: Warning: (1366L, u"Incorrect string value: '\\xE2\\x96\\xB3 \\ ...' for column 'body' at row 1")
  cur.execute(insert_sql % (repo_id, number, comment_id,body, created_at, login,author_association,is_pr))
comments_get.py:94: Warning: (1366L, u"Incorrect string value: '\\xF0\\x9F\\x91\\x8D r...' for column 'body' at row 1")
  cur.execute(insert_sql % (repo_id, number, comment_id,body, created_at, login,author_association,is_pr))
comments_get.py:94: Warning: (1366L, u"Incorrect string value: '\\xE5\\xAF\\xB8\\xE5\\xAE\\xBD...' for column 'body' at row 1")
  cur.execute(insert_sql % (repo_id, number, comment_id,body, created_at, login,author_association,is_pr))
comments_get.py:94: Warning: (1366L, u"Incorrect string value: '\\xE2\\x95\\xAD\\xE2\\x94\\x80...' for column 'body' at row 1")
  cur.execute(insert_sql % (repo_id, number, comment_id,body, created_at, login,author_association,is_pr))
comments_get.py:94: Warning: (1366L, u"Incorrect string value: '\\xF0\\x9F\\x91\\x8D a...' for column 'body' at row 1")
  cur.execute(insert_sql % (repo_id, number, comment_id,body, created_at, login,author_association,is_pr))
comments_get.py:94: Warning: (1366L, u"Incorrect string value: '\\xD0\\xA1-str...' for column 'body' at row 1")
  cur.execute(insert_sql % (repo_id, number, comment_id,body, created_at, login,author_association,is_pr))
comments_get.py:94: Warning: (1366L, u"Incorrect string value: '\\xD0\\xA7\\xD1\\x82\\xD0\\xBE...' for column 'body' at row 1")
  cur.execute(insert_sql % (repo_id, number, comment_id,body, created_at, login,author_association,is_pr))
comments_get.py:94: Warning: (1366L, u"Incorrect string value: '\\xD0\\xAF \\xD1\\x82\\xD0...' for column 'body' at row 1")
  cur.execute(insert_sql % (repo_id, number, comment_id,body, created_at, login,author_association,is_pr))
comments_get.py:94: Warning: (1366L, u"Incorrect string value: '\\xD0\\xA3 \\xD0\\xBC\\xD0...' for column 'body' at row 1")
  cur.execute(insert_sql % (repo_id, number, comment_id,body, created_at, login,author_association,is_pr))
comments_get.py:94: Warning: (1366L, u"Incorrect string value: '\\xD1\\x81\\xD1\\x82\\xD1\\x80...' for column 'body' at row 1")
  cur.execute(insert_sql % (repo_id, number, comment_id,body, created_at, login,author_association,is_pr))
comments_get.py:94: Warning: (1366L, u"Incorrect string value: '\\xD0\\xBF\\xD1\\x80\\xD0\\xBE...' for column 'body' at row 1")
  cur.execute(insert_sql % (repo_id, number, comment_id,body, created_at, login,author_association,is_pr))
