comments_get.py:94: Warning: (1265L, u"Data truncated for column 'created_at' at row 1")
  cur.execute(insert_sql % (repo_id, number, comment_id,body, created_at, login,author_association,is_pr))
comments_get.py:94: Warning: (1366L, u"Incorrect string value: '\\xE2\\x80\\x82[<i...' for column 'body' at row 1")
  cur.execute(insert_sql % (repo_id, number, comment_id,body, created_at, login,author_association,is_pr))
comments_get.py:94: Warning: (1366L, u"Incorrect string value: '\\xCE\\x94 = a...' for column 'body' at row 1")
  cur.execute(insert_sql % (repo_id, number, comment_id,body, created_at, login,author_association,is_pr))
comments_get.py:94: Warning: (1366L, u"Incorrect string value: '\\xE7\\xAE\\x80\\xE5\\x8D\\x95...' for column 'body' at row 1")
  cur.execute(insert_sql % (repo_id, number, comment_id,body, created_at, login,author_association,is_pr))
comments_get.py:94: Warning: (1366L, u"Incorrect string value: '\\xF0\\x9F\\x91\\x8D\\x0A' for column 'body' at row 1")
  cur.execute(insert_sql % (repo_id, number, comment_id,body, created_at, login,author_association,is_pr))
comments_get.py:94: Warning: (1366L, u"Incorrect string value: '\\xF0\\x9F\\x8C\\xAE \\xF0...' for column 'body' at row 1")
  cur.execute(insert_sql % (repo_id, number, comment_id,body, created_at, login,author_association,is_pr))
comments_get.py:94: Warning: (1366L, u"Incorrect string value: '\\xE0\\xB9\\x80\\xE0\\xB8\\xA1...' for column 'body' at row 1")
  cur.execute(insert_sql % (repo_id, number, comment_id,body, created_at, login,author_association,is_pr))
comments_get.py:94: Warning: (1366L, u"Incorrect string value: '\\xF0\\x9F\\x98\\x84 b...' for column 'body' at row 1")
  cur.execute(insert_sql % (repo_id, number, comment_id,body, created_at, login,author_association,is_pr))
comments_get.py:94: Warning: (1366L, u"Incorrect string value: '\\xF0\\x9F\\x98\\x84 ' for column 'body' at row 1")
  cur.execute(insert_sql % (repo_id, number, comment_id,body, created_at, login,author_association,is_pr))
comments_get.py:94: Warning: (1366L, u"Incorrect string value: '\\xF0\\x9F\\x98\\x85 ' for column 'body' at row 1")
  cur.execute(insert_sql % (repo_id, number, comment_id,body, created_at, login,author_association,is_pr))
comments_get.py:94: Warning: (1366L, u"Incorrect string value: '\\xF0\\x9F\\x91\\x8D \\x0A' for column 'body' at row 1")
  cur.execute(insert_sql % (repo_id, number, comment_id,body, created_at, login,author_association,is_pr))
comments_get.py:94: Warning: (1366L, u"Incorrect string value: '\\xF0\\x9F\\x98\\xA8 ' for column 'body' at row 1")
  cur.execute(insert_sql % (repo_id, number, comment_id,body, created_at, login,author_association,is_pr))
comments_get.py:94: Warning: (1366L, u"Incorrect string value: '\\xEF\\xBC\\x9Ahtt...' for column 'body' at row 1")
  cur.execute(insert_sql % (repo_id, number, comment_id,body, created_at, login,author_association,is_pr))
comments_get.py:94: Warning: (1366L, u"Incorrect string value: '\\xE2\\x89\\x880 v...' for column 'body' at row 1")
  cur.execute(insert_sql % (repo_id, number, comment_id,body, created_at, login,author_association,is_pr))
comments_get.py:94: Warning: (1366L, u"Incorrect string value: '\\xE7\\x8E\\xB0\\xE5\\x9C\\xA8...' for column 'body' at row 1")
  cur.execute(insert_sql % (repo_id, number, comment_id,body, created_at, login,author_association,is_pr))
comments_get.py:94: Warning: (1366L, u"Incorrect string value: '\\xE6\\x84\\x8F\\xE4\\xB8\\x8B...' for column 'body' at row 1")
  cur.execute(insert_sql % (repo_id, number, comment_id,body, created_at, login,author_association,is_pr))
comments_get.py:94: Warning: (1366L, u"Incorrect string value: '\\xE5\\x8F\\xAF\\xE4\\xBB\\xA5...' for column 'body' at row 1")
  cur.execute(insert_sql % (repo_id, number, comment_id,body, created_at, login,author_association,is_pr))
comments_get.py:94: Warning: (1366L, u"Incorrect string value: '\\xE5\\x97\\xAF\\xEF\\xBC\\x8C...' for column 'body' at row 1")
  cur.execute(insert_sql % (repo_id, number, comment_id,body, created_at, login,author_association,is_pr))
comments_get.py:94: Warning: (1366L, u"Incorrect string value: '\\xE6\\xB1\\x97\\xE9\\xA2\\x9C...' for column 'body' at row 1")
  cur.execute(insert_sql % (repo_id, number, comment_id,body, created_at, login,author_association,is_pr))
comments_get.py:94: Warning: (1366L, u"Incorrect string value: '\\xE5\\xB7\\xB2\\xE6\\x8F\\x90...' for column 'body' at row 1")
  cur.execute(insert_sql % (repo_id, number, comment_id,body, created_at, login,author_association,is_pr))
comments_get.py:94: Warning: (1366L, u"Incorrect string value: '\\xE9\\x87\\x8D\\xE8\\xA3\\x85...' for column 'body' at row 1")
  cur.execute(insert_sql % (repo_id, number, comment_id,body, created_at, login,author_association,is_pr))
comments_get.py:94: Warning: (1366L, u"Incorrect string value: '\\xE5\\x9C\\xA8201...' for column 'body' at row 1")
  cur.execute(insert_sql % (repo_id, number, comment_id,body, created_at, login,author_association,is_pr))
comments_get.py:94: Warning: (1366L, u"Incorrect string value: '\\xF0\\x9F\\x8E\\x89 :...' for column 'body' at row 1")
  cur.execute(insert_sql % (repo_id, number, comment_id,body, created_at, login,author_association,is_pr))
comments_get.py:94: Warning: (1366L, u"Incorrect string value: '\\xEF\\xBC\\x8Cres...' for column 'body' at row 1")
  cur.execute(insert_sql % (repo_id, number, comment_id,body, created_at, login,author_association,is_pr))
comments_get.py:94: Warning: (1366L, u"Incorrect string value: '\\xEF\\xBC\\x8Ctoo...' for column 'body' at row 1")
  cur.execute(insert_sql % (repo_id, number, comment_id,body, created_at, login,author_association,is_pr))
comments_get.py:94: Warning: (1366L, u"Incorrect string value: '\\xEF\\xBC\\x8Ctha...' for column 'body' at row 1")
  cur.execute(insert_sql % (repo_id, number, comment_id,body, created_at, login,author_association,is_pr))
comments_get.py:94: Warning: (1366L, u"Incorrect string value: '\\xF0\\x9F\\x91\\x8D ' for column 'body' at row 1")
  cur.execute(insert_sql % (repo_id, number, comment_id,body, created_at, login,author_association,is_pr))
comments_get.py:94: Warning: (1366L, u"Incorrect string value: '\\xE2\\x9C\\x93) ,...' for column 'body' at row 1")
  cur.execute(insert_sql % (repo_id, number, comment_id,body, created_at, login,author_association,is_pr))
comments_get.py:94: Warning: (1366L, u"Incorrect string value: '\\xF0\\x9F\\x98\\x83\\xF0\\x9F...' for column 'body' at row 1")
  cur.execute(insert_sql % (repo_id, number, comment_id,body, created_at, login,author_association,is_pr))
comments_get.py:94: Warning: (1366L, u"Incorrect string value: '\\xF0\\x9F\\x91\\x8D\\x0A>...' for column 'body' at row 1")
  cur.execute(insert_sql % (repo_id, number, comment_id,body, created_at, login,author_association,is_pr))
comments_get.py:94: Warning: (1366L, u"Incorrect string value: '\\xCE\\x94 | |...' for column 'body' at row 1")
  cur.execute(insert_sql % (repo_id, number, comment_id,body, created_at, login,author_association,is_pr))
comments_get.py:94: Warning: (1366L, u"Incorrect string value: '\\xE2\\x86\\x90 ht...' for column 'body' at row 1")
  cur.execute(insert_sql % (repo_id, number, comment_id,body, created_at, login,author_association,is_pr))
comments_get.py:94: Warning: (1366L, u"Incorrect string value: '\\xF0\\x9F\\x98\\x95\\x0D\\x0A...' for column 'body' at row 1")
  cur.execute(insert_sql % (repo_id, number, comment_id,body, created_at, login,author_association,is_pr))
comments_get.py:94: Warning: (1366L, u"Incorrect string value: '\\xF0\\x9F\\x98\\x8A ....' for column 'body' at row 1")
  cur.execute(insert_sql % (repo_id, number, comment_id,body, created_at, login,author_association,is_pr))
comments_get.py:94: Warning: (1366L, u"Incorrect string value: '\\xD0\\xA2\\xD1\\x83\\xD1\\x82...' for column 'body' at row 1")
  cur.execute(insert_sql % (repo_id, number, comment_id,body, created_at, login,author_association,is_pr))
comments_get.py:94: Warning: (1366L, u"Incorrect string value: '\\xD0\\x91\\xD0\\xB0\\xD0\\xB3...' for column 'body' at row 1")
  cur.execute(insert_sql % (repo_id, number, comment_id,body, created_at, login,author_association,is_pr))
comments_get.py:94: Warning: (1366L, u"Incorrect string value: '\\xD0\\xBF\\xD0\\xBE\\xD0\\xBD...' for column 'body' at row 1")
  cur.execute(insert_sql % (repo_id, number, comment_id,body, created_at, login,author_association,is_pr))
comments_get.py:94: Warning: (1366L, u"Incorrect string value: '\\xF0\\x9F\\x91\\x8D \\x0A...' for column 'body' at row 1")
  cur.execute(insert_sql % (repo_id, number, comment_id,body, created_at, login,author_association,is_pr))
comments_get.py:94: Warning: (1366L, u"Incorrect string value: '\\xE8\\x8B\\xB1\\xE6\\x96\\x87...' for column 'body' at row 1")
  cur.execute(insert_sql % (repo_id, number, comment_id,body, created_at, login,author_association,is_pr))
comments_get.py:94: Warning: (1366L, u"Incorrect string value: '\\xE6\\x88\\x91\\xE5\\x8A\\xA0...' for column 'body' at row 1")
  cur.execute(insert_sql % (repo_id, number, comment_id,body, created_at, login,author_association,is_pr))
comments_get.py:94: Warning: (1366L, u"Incorrect string value: '\\xE8\\xB2\\x8C\\xE4\\xBC\\xBC...' for column 'body' at row 1")
  cur.execute(insert_sql % (repo_id, number, comment_id,body, created_at, login,author_association,is_pr))
comments_get.py:94: Warning: (1366L, u"Incorrect string value: '\\xE3\\x81\\x82\\xE3\\x82\\x8A...' for column 'body' at row 1")
  cur.execute(insert_sql % (repo_id, number, comment_id,body, created_at, login,author_association,is_pr))
comments_get.py:94: Warning: (1366L, u"Incorrect string value: '\\xE4\\xBD\\xA0\\xE5\\xA5\\xBD...' for column 'body' at row 1")
  cur.execute(insert_sql % (repo_id, number, comment_id,body, created_at, login,author_association,is_pr))
comments_get.py:94: Warning: (1366L, u"Incorrect string value: '\\xE9\\xA2\\x9C\\xE8\\x89\\xB2...' for column 'body' at row 1")
  cur.execute(insert_sql % (repo_id, number, comment_id,body, created_at, login,author_association,is_pr))
comments_get.py:94: Warning: (1366L, u"Incorrect string value: '\\xE6\\x88\\x91\\xE6\\x98\\xAF...' for column 'body' at row 1")
  cur.execute(insert_sql % (repo_id, number, comment_id,body, created_at, login,author_association,is_pr))
comments_get.py:94: Warning: (1366L, u"Incorrect string value: '\\xE8\\xBF\\x99\\xE6\\x98\\xAF...' for column 'body' at row 1")
  cur.execute(insert_sql % (repo_id, number, comment_id,body, created_at, login,author_association,is_pr))
comments_get.py:94: Warning: (1366L, u"Incorrect string value: '\\xE8\\xBF\\x99\\xE6\\xA0\\xB7...' for column 'body' at row 1")
  cur.execute(insert_sql % (repo_id, number, comment_id,body, created_at, login,author_association,is_pr))
comments_get.py:94: Warning: (1366L, u"Incorrect string value: '\\xF0\\x9F\\x91\\xBC \\x0D...' for column 'body' at row 1")
  cur.execute(insert_sql % (repo_id, number, comment_id,body, created_at, login,author_association,is_pr))
comments_get.py:94: Warning: (1366L, u"Incorrect string value: '\\xF0\\x9F\\x91\\x8D \\x0D...' for column 'body' at row 1")
  cur.execute(insert_sql % (repo_id, number, comment_id,body, created_at, login,author_association,is_pr))
comments_get.py:94: Warning: (1366L, u"Incorrect string value: '\\xF0\\x9F\\x91\\x8D' for column 'body' at row 1")
  cur.execute(insert_sql % (repo_id, number, comment_id,body, created_at, login,author_association,is_pr))
comments_get.py:94: Warning: (1366L, u"Incorrect string value: '\\xF0\\x9F\\x90\\xB6\\x0A' for column 'body' at row 1")
  cur.execute(insert_sql % (repo_id, number, comment_id,body, created_at, login,author_association,is_pr))
comments_get.py:94: Warning: (1366L, u"Incorrect string value: '\\xE7\\xBC\\x96\\xE7\\xA0\\x81...' for column 'body' at row 1")
  cur.execute(insert_sql % (repo_id, number, comment_id,body, created_at, login,author_association,is_pr))
comments_get.py:94: Warning: (1366L, u"Incorrect string value: '\\xE8\\xAF\\x95\\xE8\\xAF\\x95...' for column 'body' at row 1")
  cur.execute(insert_sql % (repo_id, number, comment_id,body, created_at, login,author_association,is_pr))
comments_get.py:94: Warning: (1366L, u"Incorrect string value: '\\xE5\\x9C\\xA8 In...' for column 'body' at row 1")
  cur.execute(insert_sql % (repo_id, number, comment_id,body, created_at, login,author_association,is_pr))
comments_get.py:94: Warning: (1366L, u"Incorrect string value: '\\xC5\\x82 Sok...' for column 'body' at row 1")
  cur.execute(insert_sql % (repo_id, number, comment_id,body, created_at, login,author_association,is_pr))
comments_get.py:94: Warning: (1366L, u"Incorrect string value: '\\xE2\\x86\\x92 `B...' for column 'body' at row 1")
  cur.execute(insert_sql % (repo_id, number, comment_id,body, created_at, login,author_association,is_pr))
comments_get.py:94: Warning: (1366L, u"Incorrect string value: '\\xE6\\xB2\\xA1\\xE6\\x9C\\x89...' for column 'body' at row 1")
  cur.execute(insert_sql % (repo_id, number, comment_id,body, created_at, login,author_association,is_pr))
comments_get.py:94: Warning: (1366L, u"Incorrect string value: '\\xE2\\x86\\x92 Br...' for column 'body' at row 1")
  cur.execute(insert_sql % (repo_id, number, comment_id,body, created_at, login,author_association,is_pr))
comments_get.py:94: Warning: (1366L, u"Incorrect string value: '\\xF0\\x9F\\x92\\xAF \\x0A' for column 'body' at row 1")
  cur.execute(insert_sql % (repo_id, number, comment_id,body, created_at, login,author_association,is_pr))
comments_get.py:94: Warning: (1366L, u"Incorrect string value: '\\xF0\\x9F\\x98\\x84 \\x0A' for column 'body' at row 1")
  cur.execute(insert_sql % (repo_id, number, comment_id,body, created_at, login,author_association,is_pr))
comments_get.py:94: Warning: (1366L, u"Incorrect string value: '\\xE7\\xA1\\xAE\\xE8\\xAE\\xA4...' for column 'body' at row 1")
  cur.execute(insert_sql % (repo_id, number, comment_id,body, created_at, login,author_association,is_pr))
comments_get.py:94: Warning: (1366L, u"Incorrect string value: '\\xE6\\x96\\xB0\\xE7\\x89\\x88...' for column 'body' at row 1")
  cur.execute(insert_sql % (repo_id, number, comment_id,body, created_at, login,author_association,is_pr))
comments_get.py:94: Warning: (1366L, u"Incorrect string value: '\\xE5\\x85\\xB6\\xE5\\xAE\\x9E...' for column 'body' at row 1")
  cur.execute(insert_sql % (repo_id, number, comment_id,body, created_at, login,author_association,is_pr))
comments_get.py:94: Warning: (1366L, u"Incorrect string value: '\\xE5\\x93\\xA6\\xE3\\x80\\x82...' for column 'body' at row 1")
  cur.execute(insert_sql % (repo_id, number, comment_id,body, created_at, login,author_association,is_pr))
comments_get.py:94: Warning: (1366L, u"Incorrect string value: '\\xF0\\x9F\\x98\\x95).' for column 'body' at row 1")
  cur.execute(insert_sql % (repo_id, number, comment_id,body, created_at, login,author_association,is_pr))
comments_get.py:94: Warning: (1366L, u"Incorrect string value: '\\xF0\\x9F\\x8E\\x89 ' for column 'body' at row 1")
  cur.execute(insert_sql % (repo_id, number, comment_id,body, created_at, login,author_association,is_pr))
comments_get.py:94: Warning: (1366L, u"Incorrect string value: '\\xE5\\x8D\\x95\\xE9\\x80\\x89...' for column 'body' at row 1")
  cur.execute(insert_sql % (repo_id, number, comment_id,body, created_at, login,author_association,is_pr))
comments_get.py:94: Warning: (1366L, u"Incorrect string value: '\\xE4\\xBA\\xA7\\xE5\\x93\\x81...' for column 'body' at row 1")
  cur.execute(insert_sql % (repo_id, number, comment_id,body, created_at, login,author_association,is_pr))
comments_get.py:94: Warning: (1366L, u"Incorrect string value: '\\xE5\\x8D\\x95\\xE7\\x8B\\xAC...' for column 'body' at row 1")
  cur.execute(insert_sql % (repo_id, number, comment_id,body, created_at, login,author_association,is_pr))
comments_get.py:94: Warning: (1366L, u"Incorrect string value: '\\xE2\\x80\\x8B\\x0A' for column 'body' at row 1")
  cur.execute(insert_sql % (repo_id, number, comment_id,body, created_at, login,author_association,is_pr))
comments_get.py:94: Warning: (1366L, u"Incorrect string value: '\\xF0\\x9F\\x92\\x83 \\x0A' for column 'body' at row 1")
  cur.execute(insert_sql % (repo_id, number, comment_id,body, created_at, login,author_association,is_pr))
comments_get.py:94: Warning: (1366L, u"Incorrect string value: '\\xF0\\x9F\\x91\\x8D  ...' for column 'body' at row 1")
  cur.execute(insert_sql % (repo_id, number, comment_id,body, created_at, login,author_association,is_pr))
comments_get.py:94: Warning: (1366L, u"Incorrect string value: '\\xF0\\x9F\\x98\\x83 \\x0A' for column 'body' at row 1")
  cur.execute(insert_sql % (repo_id, number, comment_id,body, created_at, login,author_association,is_pr))
comments_get.py:94: Warning: (1366L, u"Incorrect string value: '\\xF0\\x9F\\x98\\x84 T...' for column 'body' at row 1")
  cur.execute(insert_sql % (repo_id, number, comment_id,body, created_at, login,author_association,is_pr))
comments_get.py:94: Warning: (1366L, u"Incorrect string value: '\\xD0\\x92\\xD1\\x96\\xD1\\x82...' for column 'body' at row 1")
  cur.execute(insert_sql % (repo_id, number, comment_id,body, created_at, login,author_association,is_pr))
comments_get.py:94: Warning: (1366L, u"Incorrect string value: '\\xD0\\x9C\\xD0\\xBE\\xD0\\xB6...' for column 'body' at row 1")
  cur.execute(insert_sql % (repo_id, number, comment_id,body, created_at, login,author_association,is_pr))
comments_get.py:94: Warning: (1366L, u"Incorrect string value: '\\xE6\\x82\\xA8\\xE7\\x9A\\x84...' for column 'body' at row 1")
  cur.execute(insert_sql % (repo_id, number, comment_id,body, created_at, login,author_association,is_pr))
comments_get.py:94: Warning: (1366L, u"Incorrect string value: '\\xF0\\x9F\\x90\\xB9\\x0A' for column 'body' at row 1")
  cur.execute(insert_sql % (repo_id, number, comment_id,body, created_at, login,author_association,is_pr))
comments_get.py:94: Warning: (1366L, u"Incorrect string value: '\\xE8\\xBF\\x99\\xE4\\xB8\\xAA...' for column 'body' at row 1")
  cur.execute(insert_sql % (repo_id, number, comment_id,body, created_at, login,author_association,is_pr))
comments_get.py:94: Warning: (1366L, u"Incorrect string value: '\\xE9\\x87\\x87\\xE7\\x94\\xA8...' for column 'body' at row 1")
  cur.execute(insert_sql % (repo_id, number, comment_id,body, created_at, login,author_association,is_pr))
comments_get.py:94: Warning: (1366L, u"Incorrect string value: '\\xE6\\xB2\\xA1\\xE7\\x9C\\x8B...' for column 'body' at row 1")
  cur.execute(insert_sql % (repo_id, number, comment_id,body, created_at, login,author_association,is_pr))
comments_get.py:94: Warning: (1366L, u"Incorrect string value: '\\xE4\\xBD\\xA0\\xE7\\x9A\\x84...' for column 'body' at row 1")
  cur.execute(insert_sql % (repo_id, number, comment_id,body, created_at, login,author_association,is_pr))
comments_get.py:94: Warning: (1366L, u"Incorrect string value: '\\xE5\\xB8\\xAE\\xE5\\x8A\\xA9...' for column 'body' at row 1")
  cur.execute(insert_sql % (repo_id, number, comment_id,body, created_at, login,author_association,is_pr))
comments_get.py:94: Warning: (1366L, u"Incorrect string value: '\\xF0\\x9F\\x9A\\x80 A...' for column 'body' at row 1")
  cur.execute(insert_sql % (repo_id, number, comment_id,body, created_at, login,author_association,is_pr))
comments_get.py:94: Warning: (1366L, u"Incorrect string value: '\\xD0\\xBE\\xD0\\xBA\\xD1\\x82...' for column 'body' at row 1")
  cur.execute(insert_sql % (repo_id, number, comment_id,body, created_at, login,author_association,is_pr))
comments_get.py:94: Warning: (1366L, u"Incorrect string value: '\\xE3\\x81\\xAB\\xE3\\x82\\xB3...' for column 'body' at row 1")
  cur.execute(insert_sql % (repo_id, number, comment_id,body, created_at, login,author_association,is_pr))
comments_get.py:94: Warning: (1366L, u"Incorrect string value: '\\xE3\\x81\\x93\\xE3\\x82\\x8C...' for column 'body' at row 1")
  cur.execute(insert_sql % (repo_id, number, comment_id,body, created_at, login,author_association,is_pr))
comments_get.py:94: Warning: (1366L, u"Incorrect string value: '\\xE3\\x81\\x99\\xE3\\x81\\x84...' for column 'body' at row 1")
  cur.execute(insert_sql % (repo_id, number, comment_id,body, created_at, login,author_association,is_pr))
comments_get.py:94: Warning: (1366L, u"Incorrect string value: '\\xE3\\x81\\xAE\\xE4\\xBD\\xBF...' for column 'body' at row 1")
  cur.execute(insert_sql % (repo_id, number, comment_id,body, created_at, login,author_association,is_pr))
comments_get.py:94: Warning: (1366L, u"Incorrect string value: '\\xE3\\x81\\xA1\\xE3\\x82\\x83...' for column 'body' at row 1")
  cur.execute(insert_sql % (repo_id, number, comment_id,body, created_at, login,author_association,is_pr))
comments_get.py:94: Warning: (1366L, u"Incorrect string value: '\\xE3\\x81\\xAE\\xE3\\x83\\xAA...' for column 'body' at row 1")
  cur.execute(insert_sql % (repo_id, number, comment_id,body, created_at, login,author_association,is_pr))
comments_get.py:94: Warning: (1366L, u"Incorrect string value: '\\xE3\\x81\\xAB\\xE3\\x81\\xA6...' for column 'body' at row 1")
  cur.execute(insert_sql % (repo_id, number, comment_id,body, created_at, login,author_association,is_pr))
comments_get.py:94: Warning: (1366L, u"Incorrect string value: '\\xE3\\x83\\x84)_/...' for column 'body' at row 1")
  cur.execute(insert_sql % (repo_id, number, comment_id,body, created_at, login,author_association,is_pr))
comments_get.py:94: Warning: (1366L, u"Incorrect string value: '\\xF0\\x9F\\x98\\x81\\x0D\\x0A...' for column 'body' at row 1")
  cur.execute(insert_sql % (repo_id, number, comment_id,body, created_at, login,author_association,is_pr))
comments_get.py:94: Warning: (1366L, u"Incorrect string value: '\\xD7\\xA2\\xD6\\xB4\\xD7\\x91...' for column 'body' at row 1")
  cur.execute(insert_sql % (repo_id, number, comment_id,body, created_at, login,author_association,is_pr))
comments_get.py:94: Warning: (1366L, u"Incorrect string value: '\\xF0\\x9F\\x8E\\x89 \\x0D...' for column 'body' at row 1")
  cur.execute(insert_sql % (repo_id, number, comment_id,body, created_at, login,author_association,is_pr))
comments_get.py:94: Warning: (1366L, u"Incorrect string value: '\\xC4\\xB0smai...' for column 'body' at row 1")
  cur.execute(insert_sql % (repo_id, number, comment_id,body, created_at, login,author_association,is_pr))
comments_get.py:94: Warning: (1366L, u"Incorrect string value: '\\xF0\\x9F\\x88\\xAF\\xEF\\xB8...' for column 'body' at row 1")
  cur.execute(insert_sql % (repo_id, number, comment_id,body, created_at, login,author_association,is_pr))
comments_get.py:94: Warning: (1366L, u"Incorrect string value: '\\xF0\\x9F\\x91\\x8D I...' for column 'body' at row 1")
  cur.execute(insert_sql % (repo_id, number, comment_id,body, created_at, login,author_association,is_pr))
comments_get.py:94: Warning: (1366L, u"Incorrect string value: '\\xD0\\x92\\xD0\\xBE\\xD0\\xB7...' for column 'body' at row 1")
  cur.execute(insert_sql % (repo_id, number, comment_id,body, created_at, login,author_association,is_pr))
comments_get.py:94: Warning: (1366L, u"Incorrect string value: '\\xD0\\x9D\\xD0\\xB5 \\xD0...' for column 'body' at row 1")
  cur.execute(insert_sql % (repo_id, number, comment_id,body, created_at, login,author_association,is_pr))
comments_get.py:94: Warning: (1366L, u"Incorrect string value: '\\xD0\\x92 \\xD0\\x90\\xD0...' for column 'body' at row 1")
  cur.execute(insert_sql % (repo_id, number, comment_id,body, created_at, login,author_association,is_pr))
comments_get.py:94: Warning: (1366L, u"Incorrect string value: '\\xD0\\xBF\\xD0\\xBE \\xD0...' for column 'body' at row 1")
  cur.execute(insert_sql % (repo_id, number, comment_id,body, created_at, login,author_association,is_pr))
comments_get.py:94: Warning: (1366L, u"Incorrect string value: '\\xD1\\x80\\xD0\\xB0\\xD0\\xB7...' for column 'body' at row 1")
  cur.execute(insert_sql % (repo_id, number, comment_id,body, created_at, login,author_association,is_pr))
comments_get.py:94: Warning: (1366L, u"Incorrect string value: '\\xD0\\xBA\\xD0\\xB0\\xD0\\xBA...' for column 'body' at row 1")
  cur.execute(insert_sql % (repo_id, number, comment_id,body, created_at, login,author_association,is_pr))
comments_get.py:94: Warning: (1366L, u"Incorrect string value: '\\xD0\\x94\\xD1\\x80\\xD1\\x83...' for column 'body' at row 1")
  cur.execute(insert_sql % (repo_id, number, comment_id,body, created_at, login,author_association,is_pr))
comments_get.py:94: Warning: (1366L, u"Incorrect string value: '\\xD0\\xBF\\xD0\\xBB\\xD0\\xB0...' for column 'body' at row 1")
  cur.execute(insert_sql % (repo_id, number, comment_id,body, created_at, login,author_association,is_pr))
comments_get.py:94: Warning: (1366L, u"Incorrect string value: '\\xD0\\xB7\\xD0\\xB0\\xD0\\xBC...' for column 'body' at row 1")
  cur.execute(insert_sql % (repo_id, number, comment_id,body, created_at, login,author_association,is_pr))
comments_get.py:94: Warning: (1366L, u"Incorrect string value: '\\xF0\\x9F\\x93\\x9D P...' for column 'body' at row 1")
  cur.execute(insert_sql % (repo_id, number, comment_id,body, created_at, login,author_association,is_pr))
comments_get.py:94: Warning: (1366L, u"Incorrect string value: '\\xF0\\x9F\\x98\\x89\\x0A\\x0A...' for column 'body' at row 1")
  cur.execute(insert_sql % (repo_id, number, comment_id,body, created_at, login,author_association,is_pr))
comments_get.py:94: Warning: (1366L, u"Incorrect string value: '\\xE2\\x80\\x8B \\x0A' for column 'body' at row 1")
  cur.execute(insert_sql % (repo_id, number, comment_id,body, created_at, login,author_association,is_pr))
comments_get.py:94: Warning: (1366L, u"Incorrect string value: '\\xF0\\x9F\\x8E\\x89 \\x0A' for column 'body' at row 1")
  cur.execute(insert_sql % (repo_id, number, comment_id,body, created_at, login,author_association,is_pr))
comments_get.py:94: Warning: (1366L, u"Incorrect string value: '\\xF0\\x9F\\x98\\xB2 \\x0A...' for column 'body' at row 1")
  cur.execute(insert_sql % (repo_id, number, comment_id,body, created_at, login,author_association,is_pr))
comments_get.py:94: Warning: (1366L, u"Incorrect string value: '\\xF0\\x9F\\x91\\xBB \\x0A' for column 'body' at row 1")
  cur.execute(insert_sql % (repo_id, number, comment_id,body, created_at, login,author_association,is_pr))
comments_get.py:94: Warning: (1366L, u"Incorrect string value: '\\xE6\\x9A\\x82\\xE4\\xB8\\x8D...' for column 'body' at row 1")
  cur.execute(insert_sql % (repo_id, number, comment_id,body, created_at, login,author_association,is_pr))
comments_get.py:94: Warning: (1366L, u"Incorrect string value: '\\xF0\\x9F\\x91\\x8D ....' for column 'body' at row 1")
  cur.execute(insert_sql % (repo_id, number, comment_id,body, created_at, login,author_association,is_pr))
comments_get.py:94: Warning: (1366L, u"Incorrect string value: '\\xF0\\x9F\\x98\\xB4\\x0A\\x0A...' for column 'body' at row 1")
  cur.execute(insert_sql % (repo_id, number, comment_id,body, created_at, login,author_association,is_pr))
comments_get.py:94: Warning: (1366L, u"Incorrect string value: '\\xF0\\x9F\\x92\\x83  ...' for column 'body' at row 1")
  cur.execute(insert_sql % (repo_id, number, comment_id,body, created_at, login,author_association,is_pr))
comments_get.py:94: Warning: (1366L, u'Incorrect string value: \'\\xE2\\x9A\\xA1" i...\' for column \'body\' at row 1')
  cur.execute(insert_sql % (repo_id, number, comment_id,body, created_at, login,author_association,is_pr))
comments_get.py:94: Warning: (1366L, u"Incorrect string value: '\\xE2\\x9A\\xA1', ...' for column 'body' at row 1")
  cur.execute(insert_sql % (repo_id, number, comment_id,body, created_at, login,author_association,is_pr))
comments_get.py:94: Warning: (1366L, u"Incorrect string value: '\\xE2\\x9A\\xA1>`)...' for column 'body' at row 1")
  cur.execute(insert_sql % (repo_id, number, comment_id,body, created_at, login,author_association,is_pr))
comments_get.py:94: Warning: (1366L, u"Incorrect string value: '\\xF0\\x9F\\x90\\x95 ' for column 'body' at row 1")
  cur.execute(insert_sql % (repo_id, number, comment_id,body, created_at, login,author_association,is_pr))
comments_get.py:94: Warning: (1366L, u"Incorrect string value: '\\xE2\\x9D\\x97\\xEF\\xB8\\x8F...' for column 'body' at row 1")
  cur.execute(insert_sql % (repo_id, number, comment_id,body, created_at, login,author_association,is_pr))
comments_get.py:94: Warning: (1366L, u"Incorrect string value: '\\xE7\\x9A\\x84\\xE6\\x9C\\xBA...' for column 'body' at row 1")
  cur.execute(insert_sql % (repo_id, number, comment_id,body, created_at, login,author_association,is_pr))
comments_get.py:94: Warning: (1366L, u"Incorrect string value: '\\xF0\\x9F\\x91\\x80 \\x0A' for column 'body' at row 1")
  cur.execute(insert_sql % (repo_id, number, comment_id,body, created_at, login,author_association,is_pr))
comments_get.py:94: Warning: (1366L, u"Incorrect string value: '\\xEF\\xBF\\xBD\\xEF\\xBF\\xBD...' for column 'body' at row 1")
  cur.execute(insert_sql % (repo_id, number, comment_id,body, created_at, login,author_association,is_pr))
comments_get.py:94: Warning: (1366L, u"Incorrect string value: '\\xC5\\x82awa ...' for column 'body' at row 1")
  cur.execute(insert_sql % (repo_id, number, comment_id,body, created_at, login,author_association,is_pr))
comments_get.py:94: Warning: (1366L, u"Incorrect string value: '\\xC5\\x82ymst...' for column 'body' at row 1")
  cur.execute(insert_sql % (repo_id, number, comment_id,body, created_at, login,author_association,is_pr))
comments_get.py:94: Warning: (1366L, u"Incorrect string value: '\\xE7\\x8E\\xB0\\xE7\\x8A\\xB6...' for column 'body' at row 1")
  cur.execute(insert_sql % (repo_id, number, comment_id,body, created_at, login,author_association,is_pr))
comments_get.py:94: Warning: (1366L, u"Incorrect string value: '\\xE5\\x8E\\xBB\\xE9\\x99\\xA4...' for column 'body' at row 1")
  cur.execute(insert_sql % (repo_id, number, comment_id,body, created_at, login,author_association,is_pr))
comments_get.py:94: Warning: (1366L, u"Incorrect string value: '\\xCE\\xBCs   ...' for column 'body' at row 1")
  cur.execute(insert_sql % (repo_id, number, comment_id,body, created_at, login,author_association,is_pr))
comments_get.py:94: Warning: (1366L, u"Incorrect string value: '\\xF0\\x9F\\x90\\xAE\\x0A' for column 'body' at row 1")
  cur.execute(insert_sql % (repo_id, number, comment_id,body, created_at, login,author_association,is_pr))
comments_get.py:94: Warning: (1366L, u"Incorrect string value: '\\xE8\\xAF\\xB7\\xE5\\x9C\\xA8...' for column 'body' at row 1")
  cur.execute(insert_sql % (repo_id, number, comment_id,body, created_at, login,author_association,is_pr))
comments_get.py:94: Warning: (1366L, u"Incorrect string value: '\\xF0\\x9F\\x90\\xB0\\x0A' for column 'body' at row 1")
  cur.execute(insert_sql % (repo_id, number, comment_id,body, created_at, login,author_association,is_pr))
comments_get.py:94: Warning: (1366L, u"Incorrect string value: '\\xF0\\x9F\\x9A\\x80 ' for column 'body' at row 1")
  cur.execute(insert_sql % (repo_id, number, comment_id,body, created_at, login,author_association,is_pr))
comments_get.py:94: Warning: (1366L, u"Incorrect string value: '\\xE2\\x98\\xBA I ...' for column 'body' at row 1")
  cur.execute(insert_sql % (repo_id, number, comment_id,body, created_at, login,author_association,is_pr))
comments_get.py:94: Warning: (1366L, u"Incorrect string value: '\\xF0\\x9F\\x91\\x8D f...' for column 'body' at row 1")
  cur.execute(insert_sql % (repo_id, number, comment_id,body, created_at, login,author_association,is_pr))
comments_get.py:94: Warning: (1366L, u"Incorrect string value: '\\xF0\\x9F\\x98\\xB8 \\x0A' for column 'body' at row 1")
  cur.execute(insert_sql % (repo_id, number, comment_id,body, created_at, login,author_association,is_pr))
comments_get.py:94: Warning: (1366L, u"Incorrect string value: '\\xF0\\x9F\\x98\\x83 ' for column 'body' at row 1")
  cur.execute(insert_sql % (repo_id, number, comment_id,body, created_at, login,author_association,is_pr))
comments_get.py:94: Warning: (1366L, u"Incorrect string value: '\\xF0\\x9F\\x98\\x86 ' for column 'body' at row 1")
  cur.execute(insert_sql % (repo_id, number, comment_id,body, created_at, login,author_association,is_pr))
comments_get.py:94: Warning: (1366L, u"Incorrect string value: '\\xF0\\x9F\\x98\\xA6 ' for column 'body' at row 1")
  cur.execute(insert_sql % (repo_id, number, comment_id,body, created_at, login,author_association,is_pr))
comments_get.py:94: Warning: (1366L, u"Incorrect string value: '\\xF0\\x9F\\x98\\x84\\x0D\\x0A...' for column 'body' at row 1")
  cur.execute(insert_sql % (repo_id, number, comment_id,body, created_at, login,author_association,is_pr))
comments_get.py:94: Warning: (1366L, u"Incorrect string value: '\\xF0\\x9F\\x98\\x81 \\x0A' for column 'body' at row 1")
  cur.execute(insert_sql % (repo_id, number, comment_id,body, created_at, login,author_association,is_pr))
comments_get.py:94: Warning: (1366L, u"Incorrect string value: '\\xF0\\x9F\\x99\\x83\\x0A' for column 'body' at row 1")
  cur.execute(insert_sql % (repo_id, number, comment_id,body, created_at, login,author_association,is_pr))
comments_get.py:94: Warning: (1366L, u"Incorrect string value: '\\xE2\\x98\\xBA\\x0A``...' for column 'body' at row 1")
  cur.execute(insert_sql % (repo_id, number, comment_id,body, created_at, login,author_association,is_pr))
comments_get.py:94: Warning: (1366L, u"Incorrect string value: '\\xF0\\x9F\\x98\\x89 \\x0A' for column 'body' at row 1")
  cur.execute(insert_sql % (repo_id, number, comment_id,body, created_at, login,author_association,is_pr))
comments_get.py:94: Warning: (1366L, u"Incorrect string value: '\\xD1\\x81ket ...' for column 'body' at row 1")
  cur.execute(insert_sql % (repo_id, number, comment_id,body, created_at, login,author_association,is_pr))
comments_get.py:94: Warning: (1366L, u"Incorrect string value: '\\xF0\\x9F\\xA5\\x82 ' for column 'body' at row 1")
  cur.execute(insert_sql % (repo_id, number, comment_id,body, created_at, login,author_association,is_pr))
comments_get.py:94: Warning: (1366L, u"Incorrect string value: '\\xE6\\x9C\\x89\\xE9\\x97\\xAE...' for column 'body' at row 1")
  cur.execute(insert_sql % (repo_id, number, comment_id,body, created_at, login,author_association,is_pr))
comments_get.py:94: Warning: (1366L, u"Incorrect string value: '\\xE5\\xA4\\xA7\\xE7\\xA5\\x9E...' for column 'body' at row 1")
  cur.execute(insert_sql % (repo_id, number, comment_id,body, created_at, login,author_association,is_pr))
comments_get.py:94: Warning: (1366L, u"Incorrect string value: '\\xE6\\x88\\x91\\xE5\\xB7\\xB2...' for column 'body' at row 1")
  cur.execute(insert_sql % (repo_id, number, comment_id,body, created_at, login,author_association,is_pr))
comments_get.py:94: Warning: (1366L, u"Incorrect string value: '\\xE6\\x88\\x91\\xE7\\x9A\\x84...' for column 'body' at row 1")
  cur.execute(insert_sql % (repo_id, number, comment_id,body, created_at, login,author_association,is_pr))
comments_get.py:94: Warning: (1366L, u"Incorrect string value: '\\xE6\\x88\\x91\\xE7\\x9F\\xA5...' for column 'body' at row 1")
  cur.execute(insert_sql % (repo_id, number, comment_id,body, created_at, login,author_association,is_pr))
comments_get.py:94: Warning: (1366L, u"Incorrect string value: '\\xE8\\xB0\\xA2\\xE8\\xB0\\xA2...' for column 'body' at row 1")
  cur.execute(insert_sql % (repo_id, number, comment_id,body, created_at, login,author_association,is_pr))
comments_get.py:94: Warning: (1366L, u"Incorrect string value: '\\xF0\\x9F\\x99\\x82' for column 'body' at row 1")
  cur.execute(insert_sql % (repo_id, number, comment_id,body, created_at, login,author_association,is_pr))
comments_get.py:94: Warning: (1366L, u"Incorrect string value: '\\xD0\\x9F\\xD0\\xBE\\xD1\\x81...' for column 'body' at row 1")
  cur.execute(insert_sql % (repo_id, number, comment_id,body, created_at, login,author_association,is_pr))
comments_get.py:94: Warning: (1366L, u"Incorrect string value: '\\xD0\\xA2\\xD0\\xB0\\xD0\\xBA...' for column 'body' at row 1")
  cur.execute(insert_sql % (repo_id, number, comment_id,body, created_at, login,author_association,is_pr))
comments_get.py:94: Warning: (1366L, u"Incorrect string value: '\\xF0\\x9F\\x90\\xBC\\x0A' for column 'body' at row 1")
  cur.execute(insert_sql % (repo_id, number, comment_id,body, created_at, login,author_association,is_pr))
comments_get.py:94: Warning: (1366L, u"Incorrect string value: '\\xE3\\x81\\xAE\\xE3\\x83\\x86...' for column 'body' at row 1")
  cur.execute(insert_sql % (repo_id, number, comment_id,body, created_at, login,author_association,is_pr))
comments_get.py:94: Warning: (1366L, u"Incorrect string value: '\\xE3\\x83\\x97\\xE3\\x83\\xA9...' for column 'body' at row 1")
  cur.execute(insert_sql % (repo_id, number, comment_id,body, created_at, login,author_association,is_pr))
comments_get.py:94: Warning: (1366L, u"Incorrect string value: '\\xE3\\x81\\xAE\\xE3\\x83\\x90...' for column 'body' at row 1")
  cur.execute(insert_sql % (repo_id, number, comment_id,body, created_at, login,author_association,is_pr))
comments_get.py:94: Warning: (1366L, u"Incorrect string value: '\\xF0\\x9F\\x98\\x84 A...' for column 'body' at row 1")
  cur.execute(insert_sql % (repo_id, number, comment_id,body, created_at, login,author_association,is_pr))
comments_get.py:94: Warning: (1366L, u"Incorrect string value: '\\xE2\\x94\\x94\\xE2\\x94\\x80...' for column 'body' at row 1")
  cur.execute(insert_sql % (repo_id, number, comment_id,body, created_at, login,author_association,is_pr))
comments_get.py:94: Warning: (1366L, u"Incorrect string value: '\\xE2\\x86\\x92 \\xE2\\x80...' for column 'body' at row 1")
  cur.execute(insert_sql % (repo_id, number, comment_id,body, created_at, login,author_association,is_pr))
comments_get.py:94: Warning: (1366L, u"Incorrect string value: '\\xF0\\x9F\\x91\\xBC ' for column 'body' at row 1")
  cur.execute(insert_sql % (repo_id, number, comment_id,body, created_at, login,author_association,is_pr))
comments_get.py:94: Warning: (1366L, u"Incorrect string value: '\\xF0\\x9F\\x98\\x82 ' for column 'body' at row 1")
  cur.execute(insert_sql % (repo_id, number, comment_id,body, created_at, login,author_association,is_pr))
comments_get.py:94: Warning: (1366L, u"Incorrect string value: '\\xF0\\x9F\\x98\\x9D ' for column 'body' at row 1")
  cur.execute(insert_sql % (repo_id, number, comment_id,body, created_at, login,author_association,is_pr))
comments_get.py:94: Warning: (1366L, u"Incorrect string value: '\\xE2\\x9C\\x94)\\xE2\\x9E...' for column 'body' at row 1")
  cur.execute(insert_sql % (repo_id, number, comment_id,body, created_at, login,author_association,is_pr))
comments_get.py:94: Warning: (1366L, u"Incorrect string value: '\\xE7\\x9A\\x84\\xE6\\x94\\xB9...' for column 'body' at row 1")
  cur.execute(insert_sql % (repo_id, number, comment_id,body, created_at, login,author_association,is_pr))
comments_get.py:94: Warning: (1366L, u"Incorrect string value: '\\xF0\\x9F\\x9A\\xA2.\\x0A' for column 'body' at row 1")
  cur.execute(insert_sql % (repo_id, number, comment_id,body, created_at, login,author_association,is_pr))
comments_get.py:94: Warning: (1366L, u"Incorrect string value: '\\xF0\\x9F\\x98\\x81 \\x0D...' for column 'body' at row 1")
  cur.execute(insert_sql % (repo_id, number, comment_id,body, created_at, login,author_association,is_pr))
comments_get.py:94: Warning: (1366L, u"Incorrect string value: '\\xF0\\x9F\\x98\\xA9 ' for column 'body' at row 1")
  cur.execute(insert_sql % (repo_id, number, comment_id,body, created_at, login,author_association,is_pr))
comments_get.py:94: Warning: (1366L, u"Incorrect string value: '\\xF0\\x9F\\x99\\x82 ' for column 'body' at row 1")
  cur.execute(insert_sql % (repo_id, number, comment_id,body, created_at, login,author_association,is_pr))
comments_get.py:94: Warning: (1366L, u"Incorrect string value: '\\xE9\\xA1\\xBA\\xE4\\xBE\\xBF...' for column 'body' at row 1")
  cur.execute(insert_sql % (repo_id, number, comment_id,body, created_at, login,author_association,is_pr))
comments_get.py:94: Warning: (1366L, u"Incorrect string value: '\\xF0\\x9F\\x98\\x89 ' for column 'body' at row 1")
  cur.execute(insert_sql % (repo_id, number, comment_id,body, created_at, login,author_association,is_pr))
comments_get.py:94: Warning: (1366L, u"Incorrect string value: '\\xF0\\x9F\\x98\\xAC ' for column 'body' at row 1")
  cur.execute(insert_sql % (repo_id, number, comment_id,body, created_at, login,author_association,is_pr))
comments_get.py:94: Warning: (1366L, u"Incorrect string value: '\\xE2\\x9C\\x8C\\xEF\\xB8\\x8F...' for column 'body' at row 1")
  cur.execute(insert_sql % (repo_id, number, comment_id,body, created_at, login,author_association,is_pr))
comments_get.py:94: Warning: (1366L, u"Incorrect string value: '\\xF0\\x9F\\x90\\xAF\\x0A' for column 'body' at row 1")
  cur.execute(insert_sql % (repo_id, number, comment_id,body, created_at, login,author_association,is_pr))
comments_get.py:94: Warning: (1366L, u"Incorrect string value: '\\xF0\\x9F\\x92\\x9A ' for column 'body' at row 1")
  cur.execute(insert_sql % (repo_id, number, comment_id,body, created_at, login,author_association,is_pr))
comments_get.py:94: Warning: (1366L, u"Incorrect string value: '\\xC4\\x8Ciha\\xC5...' for column 'body' at row 1")
  cur.execute(insert_sql % (repo_id, number, comment_id,body, created_at, login,author_association,is_pr))
comments_get.py:94: Warning: (1366L, u"Incorrect string value: '\\xE6\\x8C\\x82\\xE4\\xBA\\x86' for column 'body' at row 1")
  cur.execute(insert_sql % (repo_id, number, comment_id,body, created_at, login,author_association,is_pr))
comments_get.py:94: Warning: (1366L, u"Incorrect string value: '\\xE4\\xBC\\x9A\\xE6\\x8A\\xA5...' for column 'body' at row 1")
  cur.execute(insert_sql % (repo_id, number, comment_id,body, created_at, login,author_association,is_pr))
comments_get.py:94: Warning: (1366L, u"Incorrect string value: '\\xE6\\xB2\\xA1\\xE5\\x85\\xB3...' for column 'body' at row 1")
  cur.execute(insert_sql % (repo_id, number, comment_id,body, created_at, login,author_association,is_pr))
comments_get.py:94: Warning: (1366L, u"Incorrect string value: '\\xE5\\xA5\\xBD\\xE5\\x83\\x8F...' for column 'body' at row 1")
  cur.execute(insert_sql % (repo_id, number, comment_id,body, created_at, login,author_association,is_pr))
comments_get.py:94: Warning: (1366L, u"Incorrect string value: '\\xE6\\x84\\x9F\\xE8\\xA7\\x89...' for column 'body' at row 1")
  cur.execute(insert_sql % (repo_id, number, comment_id,body, created_at, login,author_association,is_pr))
comments_get.py:94: Warning: (1366L, u"Incorrect string value: '\\xE6\\x88\\x91 PR...' for column 'body' at row 1")
  cur.execute(insert_sql % (repo_id, number, comment_id,body, created_at, login,author_association,is_pr))
comments_get.py:94: Warning: (1366L, u"Incorrect string value: '\\xE5\\xBE\\x88\\xE6\\x9C\\x89...' for column 'body' at row 1")
  cur.execute(insert_sql % (repo_id, number, comment_id,body, created_at, login,author_association,is_pr))
comments_get.py:94: Warning: (1366L, u"Incorrect string value: '\\xE8\\xBF\\x98\\xE6\\x9C\\x89...' for column 'body' at row 1")
  cur.execute(insert_sql % (repo_id, number, comment_id,body, created_at, login,author_association,is_pr))
comments_get.py:94: Warning: (1366L, u"Incorrect string value: '\\xCE\\xBB gd ...' for column 'body' at row 1")
  cur.execute(insert_sql % (repo_id, number, comment_id,body, created_at, login,author_association,is_pr))
comments_get.py:94: Warning: (1366L, u"Incorrect string value: '\\xCE\\xBB md5...' for column 'body' at row 1")
  cur.execute(insert_sql % (repo_id, number, comment_id,body, created_at, login,author_association,is_pr))
comments_get.py:94: Warning: (1366L, u"Incorrect string value: '\\xF0\\x9F\\x98\\x89 \\x0D...' for column 'body' at row 1")
  cur.execute(insert_sql % (repo_id, number, comment_id,body, created_at, login,author_association,is_pr))
comments_get.py:94: Warning: (1366L, u"Incorrect string value: '\\xE4\\xB8\\x8D\\xE8\\x80\\x83...' for column 'body' at row 1")
  cur.execute(insert_sql % (repo_id, number, comment_id,body, created_at, login,author_association,is_pr))
comments_get.py:94: Warning: (1366L, u"Incorrect string value: '\\xF0\\x9F\\x98\\x83\\x0A' for column 'body' at row 1")
  cur.execute(insert_sql % (repo_id, number, comment_id,body, created_at, login,author_association,is_pr))
comments_get.py:94: Warning: (1366L, u"Incorrect string value: '\\xF0\\x9F\\x91\\xAE\\x0AM...' for column 'body' at row 1")
  cur.execute(insert_sql % (repo_id, number, comment_id,body, created_at, login,author_association,is_pr))
comments_get.py:94: Warning: (1366L, u"Incorrect string value: '\\xE2\\x80\\xAF;)' for column 'body' at row 1")
  cur.execute(insert_sql % (repo_id, number, comment_id,body, created_at, login,author_association,is_pr))
comments_get.py:94: Warning: (1366L, u"Incorrect string value: '\\xE2\\x80\\xAF;)\\x0D...' for column 'body' at row 1")
  cur.execute(insert_sql % (repo_id, number, comment_id,body, created_at, login,author_association,is_pr))
comments_get.py:94: Warning: (1366L, u"Incorrect string value: '\\xE2\\x80\\xAFlet...' for column 'body' at row 1")
  cur.execute(insert_sql % (repo_id, number, comment_id,body, created_at, login,author_association,is_pr))
comments_get.py:94: Warning: (1366L, u"Incorrect string value: '\\xE3\\x82\\xAB\\xE3\\x83\\x86...' for column 'body' at row 1")
  cur.execute(insert_sql % (repo_id, number, comment_id,body, created_at, login,author_association,is_pr))
comments_get.py:94: Warning: (1366L, u"Incorrect string value: '\\xD7\\x9E\\xD7\\x90\\xD7\\xAA...' for column 'body' at row 1")
  cur.execute(insert_sql % (repo_id, number, comment_id,body, created_at, login,author_association,is_pr))
comments_get.py:94: Warning: (1366L, u"Incorrect string value: '\\xF0\\x9F\\x98\\x9B\\x0A' for column 'body' at row 1")
  cur.execute(insert_sql % (repo_id, number, comment_id,body, created_at, login,author_association,is_pr))
comments_get.py:94: Warning: (1366L, u"Incorrect string value: '\\xF0\\x9F\\x98\\x9B\\x0A\\x0A...' for column 'body' at row 1")
  cur.execute(insert_sql % (repo_id, number, comment_id,body, created_at, login,author_association,is_pr))
comments_get.py:94: Warning: (1366L, u"Incorrect string value: '\\xF0\\x9F\\x98\\x85 O...' for column 'body' at row 1")
  cur.execute(insert_sql % (repo_id, number, comment_id,body, created_at, login,author_association,is_pr))
comments_get.py:94: Warning: (1366L, u"Incorrect string value: '\\xE4\\xBD\\xA0\\xE8\\x83\\xBD...' for column 'body' at row 1")
  cur.execute(insert_sql % (repo_id, number, comment_id,body, created_at, login,author_association,is_pr))
comments_get.py:94: Warning: (1366L, u"Incorrect string value: '\\xE7\\x89\\x88\\xE6\\x9C\\xAC...' for column 'body' at row 1")
  cur.execute(insert_sql % (repo_id, number, comment_id,body, created_at, login,author_association,is_pr))
comments_get.py:94: Warning: (1366L, u"Incorrect string value: '\\xE5\\xA6\\x82\\xE6\\x9E\\x9C...' for column 'body' at row 1")
  cur.execute(insert_sql % (repo_id, number, comment_id,body, created_at, login,author_association,is_pr))
comments_get.py:94: Warning: (1366L, u"Incorrect string value: '\\xD0\\xBE\\xD0\\xBA\\x0A' for column 'body' at row 1")
  cur.execute(insert_sql % (repo_id, number, comment_id,body, created_at, login,author_association,is_pr))
comments_get.py:94: Warning: (1366L, u"Incorrect string value: '\\xE5\\xB8\\x8C\\xE6\\x9C\\x9B...' for column 'body' at row 1")
  cur.execute(insert_sql % (repo_id, number, comment_id,body, created_at, login,author_association,is_pr))
comments_get.py:94: Warning: (1366L, u"Incorrect string value: '\\xE5\\xBB\\xBA\\xE8\\xAE\\xAE...' for column 'body' at row 1")
  cur.execute(insert_sql % (repo_id, number, comment_id,body, created_at, login,author_association,is_pr))
comments_get.py:94: Warning: (1366L, u"Incorrect string value: '\\xE6\\x88\\x91\\xE4\\xBB\\xAC...' for column 'body' at row 1")
  cur.execute(insert_sql % (repo_id, number, comment_id,body, created_at, login,author_association,is_pr))
comments_get.py:94: Warning: (1366L, u"Incorrect string value: '\\xE5\\xA5\\xBD\\xE7\\x9A\\x84...' for column 'body' at row 1")
  cur.execute(insert_sql % (repo_id, number, comment_id,body, created_at, login,author_association,is_pr))
comments_get.py:94: Warning: (1366L, u"Incorrect string value: '\\xEA\\xB0\\x80 th...' for column 'body' at row 1")
  cur.execute(insert_sql % (repo_id, number, comment_id,body, created_at, login,author_association,is_pr))
comments_get.py:94: Warning: (1366L, u"Incorrect string value: '\\xEA\\xB0\\x80 co...' for column 'body' at row 1")
  cur.execute(insert_sql % (repo_id, number, comment_id,body, created_at, login,author_association,is_pr))
comments_get.py:94: Warning: (1366L, u"Incorrect string value: '\\xF0\\x9F\\x99\\x8F H...' for column 'body' at row 1")
  cur.execute(insert_sql % (repo_id, number, comment_id,body, created_at, login,author_association,is_pr))
comments_get.py:94: Warning: (1366L, u"Incorrect string value: '\\xE3\\x84\\xB1\\xE3\\x85\\x8F...' for column 'body' at row 1")
  cur.execute(insert_sql % (repo_id, number, comment_id,body, created_at, login,author_association,is_pr))
comments_get.py:94: Warning: (1366L, u"Incorrect string value: '\\xF0\\x9F\\x98\\xA2 )...' for column 'body' at row 1")
  cur.execute(insert_sql % (repo_id, number, comment_id,body, created_at, login,author_association,is_pr))
comments_get.py:94: Warning: (1366L, u"Incorrect string value: '\\xEF\\xBC\\x8Cmay...' for column 'body' at row 1")
  cur.execute(insert_sql % (repo_id, number, comment_id,body, created_at, login,author_association,is_pr))
comments_get.py:94: Warning: (1366L, u"Incorrect string value: '\\xC5\\x82 Dzi...' for column 'body' at row 1")
  cur.execute(insert_sql % (repo_id, number, comment_id,body, created_at, login,author_association,is_pr))
comments_get.py:94: Warning: (1366L, u"Incorrect string value: '\\xE1\\x90\\x85 pa...' for column 'body' at row 1")
  cur.execute(insert_sql % (repo_id, number, comment_id,body, created_at, login,author_association,is_pr))
comments_get.py:94: Warning: (1366L, u"Incorrect string value: '\\xE5\\xAD\\x90\\xE8\\xA1\\xA8...' for column 'body' at row 1")
  cur.execute(insert_sql % (repo_id, number, comment_id,body, created_at, login,author_association,is_pr))
comments_get.py:94: Warning: (1366L, u"Incorrect string value: '\\xE4\\xBB\\xA5\\xE5\\x89\\x8D...' for column 'body' at row 1")
  cur.execute(insert_sql % (repo_id, number, comment_id,body, created_at, login,author_association,is_pr))
comments_get.py:94: Warning: (1366L, u"Incorrect string value: '\\xE3\\x81\\x8C\\xE3\\x83\\x9E...' for column 'body' at row 1")
  cur.execute(insert_sql % (repo_id, number, comment_id,body, created_at, login,author_association,is_pr))
comments_get.py:94: Warning: (1366L, u"Incorrect string value: '\\xE8\\xAF\\xB7\\xE7\\x9C\\x8B...' for column 'body' at row 1")
  cur.execute(insert_sql % (repo_id, number, comment_id,body, created_at, login,author_association,is_pr))
comments_get.py:94: Warning: (1366L, u"Incorrect string value: '\\xE2\\x80\\x95\\x0A> ...' for column 'body' at row 1")
  cur.execute(insert_sql % (repo_id, number, comment_id,body, created_at, login,author_association,is_pr))
comments_get.py:94: Warning: (1366L, u"Incorrect string value: '\\xF0\\x9F\\x91\\x8D\\x0D\\x0A...' for column 'body' at row 1")
  cur.execute(insert_sql % (repo_id, number, comment_id,body, created_at, login,author_association,is_pr))
comments_get.py:94: Warning: (1366L, u"Incorrect string value: '\\xF0\\x9F\\x98\\x84  ...' for column 'body' at row 1")
  cur.execute(insert_sql % (repo_id, number, comment_id,body, created_at, login,author_association,is_pr))
comments_get.py:94: Warning: (1366L, u"Incorrect string value: '\\xE2\\x98\\xB9\\xEF\\xB8\\x8F...' for column 'body' at row 1")
  cur.execute(insert_sql % (repo_id, number, comment_id,body, created_at, login,author_association,is_pr))
comments_get.py:94: Warning: (1366L, u"Incorrect string value: '\\xF0\\x9F\\x98\\x84 a...' for column 'body' at row 1")
  cur.execute(insert_sql % (repo_id, number, comment_id,body, created_at, login,author_association,is_pr))
comments_get.py:94: Warning: (1366L, u"Incorrect string value: '\\xF0\\x9F\\x9A\\xAB f...' for column 'body' at row 1")
  cur.execute(insert_sql % (repo_id, number, comment_id,body, created_at, login,author_association,is_pr))
comments_get.py:94: Warning: (1366L, u"Incorrect string value: '\\xF0\\x9F\\x91\\x8D o...' for column 'body' at row 1")
  cur.execute(insert_sql % (repo_id, number, comment_id,body, created_at, login,author_association,is_pr))
comments_get.py:94: Warning: (1366L, u"Incorrect string value: '\\xF0\\x9F\\x98\\xAB \\x0A...' for column 'body' at row 1")
  cur.execute(insert_sql % (repo_id, number, comment_id,body, created_at, login,author_association,is_pr))
comments_get.py:94: Warning: (1366L, u"Incorrect string value: '\\xF0\\x9F\\x98\\x80 \\x0A...' for column 'body' at row 1")
  cur.execute(insert_sql % (repo_id, number, comment_id,body, created_at, login,author_association,is_pr))
comments_get.py:94: Warning: (1366L, u"Incorrect string value: '\\xF0\\x9F\\xA4\\x94 \\x0D...' for column 'body' at row 1")
  cur.execute(insert_sql % (repo_id, number, comment_id,body, created_at, login,author_association,is_pr))
comments_get.py:94: Warning: (1366L, u"Incorrect string value: '\\xE2\\x80\\x8B\\xE2\\x80\\x8B...' for column 'body' at row 1")
  cur.execute(insert_sql % (repo_id, number, comment_id,body, created_at, login,author_association,is_pr))
comments_get.py:94: Warning: (1366L, u"Incorrect string value: '\\xF0\\x9F\\x90\\x95  ...' for column 'body' at row 1")
  cur.execute(insert_sql % (repo_id, number, comment_id,body, created_at, login,author_association,is_pr))
comments_get.py:94: Warning: (1366L, u"Incorrect string value: '\\xF0\\x9F\\x91\\x8D T...' for column 'body' at row 1")
  cur.execute(insert_sql % (repo_id, number, comment_id,body, created_at, login,author_association,is_pr))
comments_get.py:94: Warning: (1366L, u"Incorrect string value: '\\xE4\\xB8\\xBA\\xE4\\xBB\\x80...' for column 'body' at row 1")
  cur.execute(insert_sql % (repo_id, number, comment_id,body, created_at, login,author_association,is_pr))
comments_get.py:94: Warning: (1366L, u"Incorrect string value: '\\xE6\\x88\\x91\\xE8\\xBF\\x98...' for column 'body' at row 1")
  cur.execute(insert_sql % (repo_id, number, comment_id,body, created_at, login,author_association,is_pr))
comments_get.py:94: Warning: (1366L, u"Incorrect string value: '\\xE6\\x88\\x91\\xE8\\xAF\\x95...' for column 'body' at row 1")
  cur.execute(insert_sql % (repo_id, number, comment_id,body, created_at, login,author_association,is_pr))
comments_get.py:94: Warning: (1366L, u"Incorrect string value: '\\xF0\\x9F\\x98\\x85 \\xF0...' for column 'body' at row 1")
  cur.execute(insert_sql % (repo_id, number, comment_id,body, created_at, login,author_association,is_pr))
comments_get.py:94: Warning: (1366L, u"Incorrect string value: '\\xC2\\x8B\\x0ARep...' for column 'body' at row 1")
  cur.execute(insert_sql % (repo_id, number, comment_id,body, created_at, login,author_association,is_pr))
comments_get.py:94: Warning: (1366L, u"Incorrect string value: '\\xCE\\x94 | C...' for column 'body' at row 1")
  cur.execute(insert_sql % (repo_id, number, comment_id,body, created_at, login,author_association,is_pr))
comments_get.py:94: Warning: (1366L, u"Incorrect string value: '\\xEF\\xBC\\x9A\\xE5\\x9C\\xA8...' for column 'body' at row 1")
  cur.execute(insert_sql % (repo_id, number, comment_id,body, created_at, login,author_association,is_pr))
comments_get.py:94: Warning: (1366L, u"Incorrect string value: '\\xE7\\x9B\\xB8\\xE5\\x85\\xB3...' for column 'body' at row 1")
  cur.execute(insert_sql % (repo_id, number, comment_id,body, created_at, login,author_association,is_pr))
comments_get.py:94: Warning: (1366L, u"Incorrect string value: '\\xF0\\x9F\\x90\\x99 ' for column 'body' at row 1")
  cur.execute(insert_sql % (repo_id, number, comment_id,body, created_at, login,author_association,is_pr))
comments_get.py:94: Warning: (1366L, u"Incorrect string value: '\\xE2\\x9D\\xA4\\xEF\\xB8\\x8F...' for column 'body' at row 1")
  cur.execute(insert_sql % (repo_id, number, comment_id,body, created_at, login,author_association,is_pr))
comments_get.py:94: Warning: (1366L, u"Incorrect string value: '\\xE8\\xAF\\xB7\\xE6\\x8F\\x90...' for column 'body' at row 1")
  cur.execute(insert_sql % (repo_id, number, comment_id,body, created_at, login,author_association,is_pr))
comments_get.py:94: Warning: (1366L, u"Incorrect string value: '\\xE5\\x9B\\xBE\\xE7\\x89\\x87...' for column 'body' at row 1")
  cur.execute(insert_sql % (repo_id, number, comment_id,body, created_at, login,author_association,is_pr))
comments_get.py:94: Warning: (1366L, u"Incorrect string value: '\\xE5\\xAD\\xA6\\xE4\\xB9\\xA0...' for column 'body' at row 1")
  cur.execute(insert_sql % (repo_id, number, comment_id,body, created_at, login,author_association,is_pr))
comments_get.py:94: Warning: (1366L, u"Incorrect string value: '\\xE8\\xAE\\xBE\\xE5\\x9B\\xBA...' for column 'body' at row 1")
  cur.execute(insert_sql % (repo_id, number, comment_id,body, created_at, login,author_association,is_pr))
comments_get.py:94: Warning: (1366L, u"Incorrect string value: '\\xE5\\x9C\\xA8 im...' for column 'body' at row 1")
  cur.execute(insert_sql % (repo_id, number, comment_id,body, created_at, login,author_association,is_pr))
comments_get.py:94: Warning: (1366L, u"Incorrect string value: '\\xE4\\xBD\\xA0\\xE8\\xBF\\x99...' for column 'body' at row 1")
  cur.execute(insert_sql % (repo_id, number, comment_id,body, created_at, login,author_association,is_pr))
comments_get.py:94: Warning: (1366L, u"Incorrect string value: '\\xE5\\xAE\\x98\\xE4\\xBE\\x8B...' for column 'body' at row 1")
  cur.execute(insert_sql % (repo_id, number, comment_id,body, created_at, login,author_association,is_pr))
comments_get.py:94: Warning: (1366L, u"Incorrect string value: '\\xE5\\xA4\\x9A\\xE8\\xB0\\xA2...' for column 'body' at row 1")
  cur.execute(insert_sql % (repo_id, number, comment_id,body, created_at, login,author_association,is_pr))
comments_get.py:94: Warning: (1366L, u"Incorrect string value: '\\xE2\\x80\\xBBThi...' for column 'body' at row 1")
  cur.execute(insert_sql % (repo_id, number, comment_id,body, created_at, login,author_association,is_pr))
comments_get.py:94: Warning: (1366L, u"Incorrect string value: '\\xEF\\xBC\\x9Ftha...' for column 'body' at row 1")
  cur.execute(insert_sql % (repo_id, number, comment_id,body, created_at, login,author_association,is_pr))
comments_get.py:94: Warning: (1366L, u"Incorrect string value: '\\xF0\\x9F\\x91\\x8D. ...' for column 'body' at row 1")
  cur.execute(insert_sql % (repo_id, number, comment_id,body, created_at, login,author_association,is_pr))
comments_get.py:94: Warning: (1366L, u"Incorrect string value: '\\xE7\\x9C\\x8B\\xE4\\xB8\\x8B...' for column 'body' at row 1")
  cur.execute(insert_sql % (repo_id, number, comment_id,body, created_at, login,author_association,is_pr))
comments_get.py:94: Warning: (1366L, u"Incorrect string value: '\\xE6\\x95\\xB0\\xE5\\x80\\xBC...' for column 'body' at row 1")
  cur.execute(insert_sql % (repo_id, number, comment_id,body, created_at, login,author_association,is_pr))
comments_get.py:94: Warning: (1366L, u"Incorrect string value: '\\xE5\\xAF\\xB9\\xEF\\xBC\\x8C...' for column 'body' at row 1")
  cur.execute(insert_sql % (repo_id, number, comment_id,body, created_at, login,author_association,is_pr))
comments_get.py:94: Warning: (1366L, u"Incorrect string value: '\\xE5\\x92\\x8C #4...' for column 'body' at row 1")
  cur.execute(insert_sql % (repo_id, number, comment_id,body, created_at, login,author_association,is_pr))
comments_get.py:94: Warning: (1366L, u"Incorrect string value: '\\xF0\\x9F\\x98\\x84\\x0A' for column 'body' at row 1")
  cur.execute(insert_sql % (repo_id, number, comment_id,body, created_at, login,author_association,is_pr))
comments_get.py:94: Warning: (1366L, u"Incorrect string value: '\\xE7\\x9B\\xAE\\xE5\\x89\\x8D...' for column 'body' at row 1")
  cur.execute(insert_sql % (repo_id, number, comment_id,body, created_at, login,author_association,is_pr))
comments_get.py:94: Warning: (1366L, u"Incorrect string value: '\\xE7\\x9F\\xA5\\xE9\\x81\\x93...' for column 'body' at row 1")
  cur.execute(insert_sql % (repo_id, number, comment_id,body, created_at, login,author_association,is_pr))
comments_get.py:94: Warning: (1366L, u"Incorrect string value: '\\xE9\\x87\\x8C\\xE4\\xBD\\xBF...' for column 'body' at row 1")
  cur.execute(insert_sql % (repo_id, number, comment_id,body, created_at, login,author_association,is_pr))
comments_get.py:94: Warning: (1366L, u"Incorrect string value: '\\xE3\\x81\\xAE\\xE3\\x82\\xAB...' for column 'body' at row 1")
  cur.execute(insert_sql % (repo_id, number, comment_id,body, created_at, login,author_association,is_pr))
comments_get.py:94: Warning: (1366L, u"Incorrect string value: '\\xE3\\x81\\x94\\xE7\\xA2\\xBA...' for column 'body' at row 1")
  cur.execute(insert_sql % (repo_id, number, comment_id,body, created_at, login,author_association,is_pr))
comments_get.py:94: Warning: (1366L, u"Incorrect string value: '\\xE4\\xBD\\xA0\\xE6\\x8C\\xA1...' for column 'body' at row 1")
  cur.execute(insert_sql % (repo_id, number, comment_id,body, created_at, login,author_association,is_pr))
comments_get.py:94: Warning: (1366L, u"Incorrect string value: '\\xE4\\xB8\\x80\\xE4\\xB8\\x8B...' for column 'body' at row 1")
  cur.execute(insert_sql % (repo_id, number, comment_id,body, created_at, login,author_association,is_pr))
comments_get.py:94: Warning: (1366L, u"Incorrect string value: '\\xE5\\x88\\xA0\\xE6\\x8E\\x89...' for column 'body' at row 1")
  cur.execute(insert_sql % (repo_id, number, comment_id,body, created_at, login,author_association,is_pr))
comments_get.py:94: Warning: (1366L, u"Incorrect string value: '\\xE4\\xBD\\xA0\\xE8\\xAF\\x95...' for column 'body' at row 1")
  cur.execute(insert_sql % (repo_id, number, comment_id,body, created_at, login,author_association,is_pr))
comments_get.py:94: Warning: (1366L, u"Incorrect string value: '\\xE5\\x86\\x8D\\xE7\\x9C\\x8B...' for column 'body' at row 1")
  cur.execute(insert_sql % (repo_id, number, comment_id,body, created_at, login,author_association,is_pr))
comments_get.py:94: Warning: (1366L, u"Incorrect string value: '\\xE8\\xB7\\xAF\\xE5\\xBE\\x84...' for column 'body' at row 1")
  cur.execute(insert_sql % (repo_id, number, comment_id,body, created_at, login,author_association,is_pr))
comments_get.py:94: Warning: (1366L, u"Incorrect string value: '\\xE5\\x8F\\xAF\\xE8\\x83\\xBD...' for column 'body' at row 1")
  cur.execute(insert_sql % (repo_id, number, comment_id,body, created_at, login,author_association,is_pr))
comments_get.py:94: Warning: (1366L, u"Incorrect string value: '\\xE4\\xBC\\xA0\\xE8\\xBF\\x99...' for column 'body' at row 1")
  cur.execute(insert_sql % (repo_id, number, comment_id,body, created_at, login,author_association,is_pr))
comments_get.py:94: Warning: (1366L, u"Incorrect string value: '\\xE8\\xAF\\x95\\xE4\\xB8\\x8B...' for column 'body' at row 1")
  cur.execute(insert_sql % (repo_id, number, comment_id,body, created_at, login,author_association,is_pr))
comments_get.py:94: Warning: (1366L, u"Incorrect string value: '\\xE2\\x9E\\x9C  u...' for column 'body' at row 1")
  cur.execute(insert_sql % (repo_id, number, comment_id,body, created_at, login,author_association,is_pr))
comments_get.py:94: Warning: (1366L, u"Incorrect string value: '\\xF0\\x9F\\x99\\x84 (...' for column 'body' at row 1")
  cur.execute(insert_sql % (repo_id, number, comment_id,body, created_at, login,author_association,is_pr))
comments_get.py:94: Warning: (1366L, u"Incorrect string value: '\\xF0\\x9F\\x8E\\xA9\\x0D\\x0A...' for column 'body' at row 1")
  cur.execute(insert_sql % (repo_id, number, comment_id,body, created_at, login,author_association,is_pr))
comments_get.py:94: Warning: (1366L, u"Incorrect string value: '\\xF0\\x9F\\x98\\x8E\\x0D\\x0A...' for column 'body' at row 1")
  cur.execute(insert_sql % (repo_id, number, comment_id,body, created_at, login,author_association,is_pr))
comments_get.py:94: Warning: (1366L, u"Incorrect string value: '\\xF0\\x9F\\xA4\\xB7\\xE2\\x80...' for column 'body' at row 1")
  cur.execute(insert_sql % (repo_id, number, comment_id,body, created_at, login,author_association,is_pr))
comments_get.py:94: Warning: (1366L, u"Incorrect string value: '\\xF0\\x9F\\x98\\xB6\\x0D\\x0A...' for column 'body' at row 1")
  cur.execute(insert_sql % (repo_id, number, comment_id,body, created_at, login,author_association,is_pr))
comments_get.py:94: Warning: (1366L, u"Incorrect string value: '\\xF0\\x9F\\x99\\x88 \\x0D...' for column 'body' at row 1")
  cur.execute(insert_sql % (repo_id, number, comment_id,body, created_at, login,author_association,is_pr))
comments_get.py:94: Warning: (1366L, u"Incorrect string value: '\\xF0\\x9F\\x90\\xB3 \\x0A' for column 'body' at row 1")
  cur.execute(insert_sql % (repo_id, number, comment_id,body, created_at, login,author_association,is_pr))
comments_get.py:94: Warning: (1366L, u"Incorrect string value: '\\xF0\\x9F\\x91\\x8D s...' for column 'body' at row 1")
  cur.execute(insert_sql % (repo_id, number, comment_id,body, created_at, login,author_association,is_pr))
comments_get.py:94: Warning: (1366L, u"Incorrect string value: '\\xE2\\x9E\\x9C  k...' for column 'body' at row 1")
  cur.execute(insert_sql % (repo_id, number, comment_id,body, created_at, login,author_association,is_pr))
