8776197 crawler success
(28, 'Operation timed out after 60954 milliseconds with 0 out of 0 bytes received')
2265342 crawler success
41792041 crawler success
33886258 crawler success
14623155 crawler success
49789967 crawler success
(28, 'Operation timed out after 80000 milliseconds with 6850 out of 300444 bytes received')
26166110 crawler success
1969027 crawler success
16761928 crawler success
8175374 crawler success
14294826 crawler success
7633639 crawler success
11745038 crawler success
Traceback (most recent call last):
  File "issues_get.py", line 92, in <module>
    issues_get()
  File "issues_get.py", line 32, in issues_get
    repo_id=repo.split(" ")[0]
AttributeError: 'NoneType' object has no attribute 'split'
